Namespace(cfg='experiments/atrw/w48_384x288_OANW0805_train.yaml', dataDir='', logDir='', modelDir='', opts=[], prevModelDir='')
AUTO_RESUME: True
CUDNN:
  BENCHMARK: True
  DETERMINISTIC: False
  ENABLED: True
DATASET:
  COLOR_RGB: True
  DATASET: atrw
  DATA_FORMAT: jpg
  FLIP: True
  HYBRID_JOINTS_TYPE: 
  NUM_JOINTS_HALF_BODY: 7
  PROB_HALF_BODY: 0.5
  ROOT: data/atrw/pose
  ROT_FACTOR: 45
  SCALE_FACTOR: 0.35
  SELECT_DATA: False
  TEST_SET: val
  TRAIN_SET: trainval
DATA_DIR: 
DEBUG:
  DEBUG: True
  SAVE_BATCH_IMAGES_GT: True
  SAVE_BATCH_IMAGES_PRED: True
  SAVE_HEATMAPS_GT: True
  SAVE_HEATMAPS_PRED: True
GPUS: (0,)
LOG_DIR: log
LOSS:
  TOPK: 8
  USE_DIFFERENT_JOINTS_WEIGHT: False
  USE_OHKM: False
  USE_TARGET_WEIGHT: True
MODEL:
  EXTRA:
    FINAL_CONV_KERNEL: 1
    PRETRAINED_LAYERS: ['conv1', 'bn1', 'conv2', 'bn2', 'layer1', 'transition1', 'stage2', 'transition2', 'stage3', 'transition3', 'stage4']
    STAGE2:
      BLOCK: BASIC
      FUSE_METHOD: SUM
      NUM_BLOCKS: [4, 4]
      NUM_BRANCHES: 2
      NUM_CHANNELS: [48, 96]
      NUM_MODULES: 1
    STAGE3:
      BLOCK: BASIC
      FUSE_METHOD: SUM
      NUM_BLOCKS: [4, 4, 4]
      NUM_BRANCHES: 3
      NUM_CHANNELS: [48, 96, 192]
      NUM_MODULES: 4
    STAGE4:
      BLOCK: BASIC
      FUSE_METHOD: SUM
      NUM_BLOCKS: [4, 4, 4, 4]
      NUM_BRANCHES: 4
      NUM_CHANNELS: [48, 96, 192, 384]
      NUM_MODULES: 3
  HEATMAP_SIZE: [96, 72]
  IMAGE_SIZE: [384, 288]
  INIT_WEIGHTS: True
  NAME: pose_hrnet
  NUM_JOINTS: 15
  PRETRAINED: models/pytorch/imagenet/hrnet_w48.pth
  SIGMA: 3
  TAG_PER_JOINT: True
  TARGET_TYPE: gaussian
OUTPUT_DIR: output
PIN_MEMORY: True
PRINT_FREQ: 100
RANK: 0
TEST:
  BATCH_SIZE_PER_GPU: 128
  BBOX_THRE: 1.0
  COCO_BBOX_FILE: 
  FLIP_TEST: True
  IMAGE_THRE: 0.0
  IN_VIS_THRE: 0.2
  MODEL_FILE: 
  NMS_THRE: 1.0
  OKS_THRE: 0.9
  POST_PROCESS: True
  SHIFT_HEATMAP: True
  SOFT_NMS: False
  USE_GT_BBOX: True
TRAIN:
  BATCH_SIZE_PER_GPU: 64
  BEGIN_EPOCH: 0
  CHECKPOINT: 
  END_EPOCH: 90
  GAMMA1: 0.99
  GAMMA2: 0.0
  LR: 0.0005
  LR_FACTOR: 0.1
  LR_STEP: [68, 82]
  MOMENTUM: 0.9
  NESTEROV: False
  OPTIMIZER: adam
  RESUME: False
  SHUFFLE: True
  WD: 0.0001
WORKERS: 36
=> init weights from normal distribution
=> loading pretrained model models/pytorch/imagenet/hrnet_w48.pth
Failed to export an ONNX attribute, since it's not constant, please try to make things (e.g., kernel size) static if possible

Total Parameters: 63,595,647
----------------------------------------------------------------------------------------------------------------------------------
Total Multiply Adds (For Convolution and Linear Layers only): 32.881221771240234 GFLOPs
----------------------------------------------------------------------------------------------------------------------------------
Number of Layers
Conv2d : 293 layers   BatchNorm2d : 292 layers   ReLU : 261 layers   Bottleneck : 4 layers   BasicBlock : 104 layers   Upsample : 28 layers   HighResolutionModule : 8 layers   
=> annotation_path:data/atrw/pose/annotations/keypoints_trainval.json
=> classes: ['__background__', 'tiger']
=> num_images: 4124
=> load 2536 samples
=> annotation_path:data/atrw/pose/annotations/keypoints_val.json
=> classes: ['__background__', 'tiger']
=> num_images: 515
=> load 343 samples
=> creating output/atrw/pose_hrnet/w48_384x288_OANW0805_train
=> creating log/atrw/pose_hrnet/w48_384x288_OANW0805_train_2019-08-05-01-34
loading annotations into memory...
Done (t=0.03s)
creating index...
index created!
loading annotations into memory...
Done (t=0.00s)
creating index...
index created!
Epoch: [0][0/40]	Time 16.176s (16.176s)	Speed 4.0 samples/s	Data 11.493s (11.493s)	Loss 0.00140 (0.00140)	Accuracy 0.025 (0.025)
Test: [0/3]	Time 7.914 (7.914)	Loss 0.0008 (0.0008)	Accuracy 0.672 (0.672)
=> writing results json to output/atrw/pose_hrnet/w48_384x288_OANW0805_train/results/keypoints_val_results_0.json
| Arch | AP | Ap .5 | AP .75 | AP (M) | AP (L) | AR | AR .5 | AR .75 | AR (M) | AR (L) |
|---|---|---|---|---|---|---|---|---|---|---|
| pose_hrnet | 0.376 | 0.957 | 0.119 | -1.000 | 0.376 | 0.434 | 0.971 | 0.242 | -1.000 | 0.434 |
=> saving checkpoint to output/atrw/pose_hrnet/w48_384x288_OANW0805_train
Loading and preparing results...
DONE (t=0.02s)
creating index...
index created!
Running per image evaluation...
Evaluate annotation type *keypoints*
DONE (t=0.13s).
Accumulating evaluation results...
DONE (t=0.01s).
 Average Precision  (AP) @[ IoU=0.50:0.95 | area=   all | maxDets= 20 ] = 0.376
 Average Precision  (AP) @[ IoU=0.50      | area=   all | maxDets= 20 ] = 0.957
 Average Precision  (AP) @[ IoU=0.75      | area=   all | maxDets= 20 ] = 0.119
 Average Precision  (AP) @[ IoU=0.50:0.95 | area=medium | maxDets= 20 ] = -1.000
 Average Precision  (AP) @[ IoU=0.50:0.95 | area= large | maxDets= 20 ] = 0.376
 Average Recall     (AR) @[ IoU=0.50:0.95 | area=   all | maxDets= 20 ] = 0.434
 Average Recall     (AR) @[ IoU=0.50      | area=   all | maxDets= 20 ] = 0.971
 Average Recall     (AR) @[ IoU=0.75      | area=   all | maxDets= 20 ] = 0.242
 Average Recall     (AR) @[ IoU=0.50:0.95 | area=medium | maxDets= 20 ] = -1.000
 Average Recall     (AR) @[ IoU=0.50:0.95 | area= large | maxDets= 20 ] = 0.434
Epoch: [1][0/40]	Time 13.322s (13.322s)	Speed 4.8 samples/s	Data 10.454s (10.454s)	Loss 0.00080 (0.00080)	Accuracy 0.601 (0.601)
Test: [0/3]	Time 6.607 (6.607)	Loss 0.0007 (0.0007)	Accuracy 0.731 (0.731)
=> writing results json to output/atrw/pose_hrnet/w48_384x288_OANW0805_train/results/keypoints_val_results_0.json
| Arch | AP | Ap .5 | AP .75 | AP (M) | AP (L) | AR | AR .5 | AR .75 | AR (M) | AR (L) |
|---|---|---|---|---|---|---|---|---|---|---|
| pose_hrnet | 0.444 | 0.960 | 0.196 | -1.000 | 0.444 | 0.503 | 0.980 | 0.356 | -1.000 | 0.503 |
=> saving checkpoint to output/atrw/pose_hrnet/w48_384x288_OANW0805_train
Loading and preparing results...
DONE (t=0.01s)
creating index...
index created!
Running per image evaluation...
Evaluate annotation type *keypoints*
DONE (t=0.12s).
Accumulating evaluation results...
DONE (t=0.01s).
 Average Precision  (AP) @[ IoU=0.50:0.95 | area=   all | maxDets= 20 ] = 0.444
 Average Precision  (AP) @[ IoU=0.50      | area=   all | maxDets= 20 ] = 0.960
 Average Precision  (AP) @[ IoU=0.75      | area=   all | maxDets= 20 ] = 0.196
 Average Precision  (AP) @[ IoU=0.50:0.95 | area=medium | maxDets= 20 ] = -1.000
 Average Precision  (AP) @[ IoU=0.50:0.95 | area= large | maxDets= 20 ] = 0.444
 Average Recall     (AR) @[ IoU=0.50:0.95 | area=   all | maxDets= 20 ] = 0.503
 Average Recall     (AR) @[ IoU=0.50      | area=   all | maxDets= 20 ] = 0.980
 Average Recall     (AR) @[ IoU=0.75      | area=   all | maxDets= 20 ] = 0.356
 Average Recall     (AR) @[ IoU=0.50:0.95 | area=medium | maxDets= 20 ] = -1.000
 Average Recall     (AR) @[ IoU=0.50:0.95 | area= large | maxDets= 20 ] = 0.503
Epoch: [2][0/40]	Time 12.778s (12.778s)	Speed 5.0 samples/s	Data 11.212s (11.212s)	Loss 0.00066 (0.00066)	Accuracy 0.609 (0.609)
Test: [0/3]	Time 6.656 (6.656)	Loss 0.0006 (0.0006)	Accuracy 0.748 (0.748)
=> writing results json to output/atrw/pose_hrnet/w48_384x288_OANW0805_train/results/keypoints_val_results_0.json
| Arch | AP | Ap .5 | AP .75 | AP (M) | AP (L) | AR | AR .5 | AR .75 | AR (M) | AR (L) |
|---|---|---|---|---|---|---|---|---|---|---|
| pose_hrnet | 0.486 | 0.972 | 0.342 | -1.000 | 0.486 | 0.533 | 0.983 | 0.458 | -1.000 | 0.533 |
=> saving checkpoint to output/atrw/pose_hrnet/w48_384x288_OANW0805_train
Loading and preparing results...
DONE (t=0.01s)
creating index...
index created!
Running per image evaluation...
Evaluate annotation type *keypoints*
DONE (t=0.17s).
Accumulating evaluation results...
DONE (t=0.01s).
 Average Precision  (AP) @[ IoU=0.50:0.95 | area=   all | maxDets= 20 ] = 0.486
 Average Precision  (AP) @[ IoU=0.50      | area=   all | maxDets= 20 ] = 0.972
 Average Precision  (AP) @[ IoU=0.75      | area=   all | maxDets= 20 ] = 0.342
 Average Precision  (AP) @[ IoU=0.50:0.95 | area=medium | maxDets= 20 ] = -1.000
 Average Precision  (AP) @[ IoU=0.50:0.95 | area= large | maxDets= 20 ] = 0.486
 Average Recall     (AR) @[ IoU=0.50:0.95 | area=   all | maxDets= 20 ] = 0.533
 Average Recall     (AR) @[ IoU=0.50      | area=   all | maxDets= 20 ] = 0.983
 Average Recall     (AR) @[ IoU=0.75      | area=   all | maxDets= 20 ] = 0.458
 Average Recall     (AR) @[ IoU=0.50:0.95 | area=medium | maxDets= 20 ] = -1.000
 Average Recall     (AR) @[ IoU=0.50:0.95 | area= large | maxDets= 20 ] = 0.533
Epoch: [3][0/40]	Time 12.391s (12.391s)	Speed 5.2 samples/s	Data 10.822s (10.822s)	Loss 0.00063 (0.00063)	Accuracy 0.621 (0.621)
Test: [0/3]	Time 6.753 (6.753)	Loss 0.0006 (0.0006)	Accuracy 0.754 (0.754)
=> writing results json to output/atrw/pose_hrnet/w48_384x288_OANW0805_train/results/keypoints_val_results_0.json
| Arch | AP | Ap .5 | AP .75 | AP (M) | AP (L) | AR | AR .5 | AR .75 | AR (M) | AR (L) |
|---|---|---|---|---|---|---|---|---|---|---|
| pose_hrnet | 0.486 | 0.972 | 0.350 | -1.000 | 0.486 | 0.540 | 0.983 | 0.481 | -1.000 | 0.540 |
=> saving checkpoint to output/atrw/pose_hrnet/w48_384x288_OANW0805_train
Loading and preparing results...
DONE (t=0.01s)
creating index...
index created!
Running per image evaluation...
Evaluate annotation type *keypoints*
DONE (t=0.11s).
Accumulating evaluation results...
DONE (t=0.01s).
 Average Precision  (AP) @[ IoU=0.50:0.95 | area=   all | maxDets= 20 ] = 0.486
 Average Precision  (AP) @[ IoU=0.50      | area=   all | maxDets= 20 ] = 0.972
 Average Precision  (AP) @[ IoU=0.75      | area=   all | maxDets= 20 ] = 0.350
 Average Precision  (AP) @[ IoU=0.50:0.95 | area=medium | maxDets= 20 ] = -1.000
 Average Precision  (AP) @[ IoU=0.50:0.95 | area= large | maxDets= 20 ] = 0.486
 Average Recall     (AR) @[ IoU=0.50:0.95 | area=   all | maxDets= 20 ] = 0.540
 Average Recall     (AR) @[ IoU=0.50      | area=   all | maxDets= 20 ] = 0.983
 Average Recall     (AR) @[ IoU=0.75      | area=   all | maxDets= 20 ] = 0.481
 Average Recall     (AR) @[ IoU=0.50:0.95 | area=medium | maxDets= 20 ] = -1.000
 Average Recall     (AR) @[ IoU=0.50:0.95 | area= large | maxDets= 20 ] = 0.540
Epoch: [4][0/40]	Time 12.101s (12.101s)	Speed 5.3 samples/s	Data 10.319s (10.319s)	Loss 0.00060 (0.00060)	Accuracy 0.689 (0.689)
Test: [0/3]	Time 6.905 (6.905)	Loss 0.0005 (0.0005)	Accuracy 0.843 (0.843)
=> writing results json to output/atrw/pose_hrnet/w48_384x288_OANW0805_train/results/keypoints_val_results_0.json
| Arch | AP | Ap .5 | AP .75 | AP (M) | AP (L) | AR | AR .5 | AR .75 | AR (M) | AR (L) |
|---|---|---|---|---|---|---|---|---|---|---|
| pose_hrnet | 0.614 | 0.965 | 0.736 | -1.000 | 0.614 | 0.675 | 0.980 | 0.808 | -1.000 | 0.675 |
=> saving checkpoint to output/atrw/pose_hrnet/w48_384x288_OANW0805_train
Loading and preparing results...
DONE (t=0.02s)
creating index...
index created!
Running per image evaluation...
Evaluate annotation type *keypoints*
DONE (t=0.12s).
Accumulating evaluation results...
DONE (t=0.01s).
 Average Precision  (AP) @[ IoU=0.50:0.95 | area=   all | maxDets= 20 ] = 0.614
 Average Precision  (AP) @[ IoU=0.50      | area=   all | maxDets= 20 ] = 0.965
 Average Precision  (AP) @[ IoU=0.75      | area=   all | maxDets= 20 ] = 0.736
 Average Precision  (AP) @[ IoU=0.50:0.95 | area=medium | maxDets= 20 ] = -1.000
 Average Precision  (AP) @[ IoU=0.50:0.95 | area= large | maxDets= 20 ] = 0.614
 Average Recall     (AR) @[ IoU=0.50:0.95 | area=   all | maxDets= 20 ] = 0.675
 Average Recall     (AR) @[ IoU=0.50      | area=   all | maxDets= 20 ] = 0.980
 Average Recall     (AR) @[ IoU=0.75      | area=   all | maxDets= 20 ] = 0.808
 Average Recall     (AR) @[ IoU=0.50:0.95 | area=medium | maxDets= 20 ] = -1.000
 Average Recall     (AR) @[ IoU=0.50:0.95 | area= large | maxDets= 20 ] = 0.675
Epoch: [5][0/40]	Time 12.892s (12.892s)	Speed 5.0 samples/s	Data 11.321s (11.321s)	Loss 0.00055 (0.00055)	Accuracy 0.749 (0.749)
Test: [0/3]	Time 6.741 (6.741)	Loss 0.0004 (0.0004)	Accuracy 0.951 (0.951)
=> writing results json to output/atrw/pose_hrnet/w48_384x288_OANW0805_train/results/keypoints_val_results_0.json
| Arch | AP | Ap .5 | AP .75 | AP (M) | AP (L) | AR | AR .5 | AR .75 | AR (M) | AR (L) |
|---|---|---|---|---|---|---|---|---|---|---|
| pose_hrnet | 0.811 | 0.973 | 0.921 | -1.000 | 0.811 | 0.851 | 0.985 | 0.945 | -1.000 | 0.851 |
=> saving checkpoint to output/atrw/pose_hrnet/w48_384x288_OANW0805_train
Loading and preparing results...
DONE (t=0.01s)
creating index...
index created!
Running per image evaluation...
Evaluate annotation type *keypoints*
DONE (t=0.20s).
Accumulating evaluation results...
DONE (t=0.01s).
 Average Precision  (AP) @[ IoU=0.50:0.95 | area=   all | maxDets= 20 ] = 0.811
 Average Precision  (AP) @[ IoU=0.50      | area=   all | maxDets= 20 ] = 0.973
 Average Precision  (AP) @[ IoU=0.75      | area=   all | maxDets= 20 ] = 0.921
 Average Precision  (AP) @[ IoU=0.50:0.95 | area=medium | maxDets= 20 ] = -1.000
 Average Precision  (AP) @[ IoU=0.50:0.95 | area= large | maxDets= 20 ] = 0.811
 Average Recall     (AR) @[ IoU=0.50:0.95 | area=   all | maxDets= 20 ] = 0.851
 Average Recall     (AR) @[ IoU=0.50      | area=   all | maxDets= 20 ] = 0.985
 Average Recall     (AR) @[ IoU=0.75      | area=   all | maxDets= 20 ] = 0.945
 Average Recall     (AR) @[ IoU=0.50:0.95 | area=medium | maxDets= 20 ] = -1.000
 Average Recall     (AR) @[ IoU=0.50:0.95 | area= large | maxDets= 20 ] = 0.851
Epoch: [6][0/40]	Time 12.484s (12.484s)	Speed 5.1 samples/s	Data 10.774s (10.774s)	Loss 0.00047 (0.00047)	Accuracy 0.813 (0.813)
Test: [0/3]	Time 6.834 (6.834)	Loss 0.0003 (0.0003)	Accuracy 0.958 (0.958)
=> writing results json to output/atrw/pose_hrnet/w48_384x288_OANW0805_train/results/keypoints_val_results_0.json
| Arch | AP | Ap .5 | AP .75 | AP (M) | AP (L) | AR | AR .5 | AR .75 | AR (M) | AR (L) |
|---|---|---|---|---|---|---|---|---|---|---|
| pose_hrnet | 0.835 | 0.973 | 0.938 | -1.000 | 0.835 | 0.869 | 0.983 | 0.953 | -1.000 | 0.869 |
=> saving checkpoint to output/atrw/pose_hrnet/w48_384x288_OANW0805_train
Loading and preparing results...
DONE (t=0.01s)
creating index...
index created!
Running per image evaluation...
Evaluate annotation type *keypoints*
DONE (t=0.12s).
Accumulating evaluation results...
DONE (t=0.01s).
 Average Precision  (AP) @[ IoU=0.50:0.95 | area=   all | maxDets= 20 ] = 0.835
 Average Precision  (AP) @[ IoU=0.50      | area=   all | maxDets= 20 ] = 0.973
 Average Precision  (AP) @[ IoU=0.75      | area=   all | maxDets= 20 ] = 0.938
 Average Precision  (AP) @[ IoU=0.50:0.95 | area=medium | maxDets= 20 ] = -1.000
 Average Precision  (AP) @[ IoU=0.50:0.95 | area= large | maxDets= 20 ] = 0.835
 Average Recall     (AR) @[ IoU=0.50:0.95 | area=   all | maxDets= 20 ] = 0.869
 Average Recall     (AR) @[ IoU=0.50      | area=   all | maxDets= 20 ] = 0.983
 Average Recall     (AR) @[ IoU=0.75      | area=   all | maxDets= 20 ] = 0.953
 Average Recall     (AR) @[ IoU=0.50:0.95 | area=medium | maxDets= 20 ] = -1.000
 Average Recall     (AR) @[ IoU=0.50:0.95 | area= large | maxDets= 20 ] = 0.869
Epoch: [7][0/40]	Time 12.692s (12.692s)	Speed 5.0 samples/s	Data 11.054s (11.054s)	Loss 0.00047 (0.00047)	Accuracy 0.834 (0.834)
Test: [0/3]	Time 6.730 (6.730)	Loss 0.0003 (0.0003)	Accuracy 0.964 (0.964)
=> writing results json to output/atrw/pose_hrnet/w48_384x288_OANW0805_train/results/keypoints_val_results_0.json
| Arch | AP | Ap .5 | AP .75 | AP (M) | AP (L) | AR | AR .5 | AR .75 | AR (M) | AR (L) |
|---|---|---|---|---|---|---|---|---|---|---|
| pose_hrnet | 0.847 | 0.973 | 0.935 | -1.000 | 0.847 | 0.880 | 0.983 | 0.959 | -1.000 | 0.880 |
=> saving checkpoint to output/atrw/pose_hrnet/w48_384x288_OANW0805_train
Loading and preparing results...
DONE (t=0.01s)
creating index...
index created!
Running per image evaluation...
Evaluate annotation type *keypoints*
DONE (t=0.12s).
Accumulating evaluation results...
DONE (t=0.01s).
 Average Precision  (AP) @[ IoU=0.50:0.95 | area=   all | maxDets= 20 ] = 0.847
 Average Precision  (AP) @[ IoU=0.50      | area=   all | maxDets= 20 ] = 0.973
 Average Precision  (AP) @[ IoU=0.75      | area=   all | maxDets= 20 ] = 0.935
 Average Precision  (AP) @[ IoU=0.50:0.95 | area=medium | maxDets= 20 ] = -1.000
 Average Precision  (AP) @[ IoU=0.50:0.95 | area= large | maxDets= 20 ] = 0.847
 Average Recall     (AR) @[ IoU=0.50:0.95 | area=   all | maxDets= 20 ] = 0.880
 Average Recall     (AR) @[ IoU=0.50      | area=   all | maxDets= 20 ] = 0.983
 Average Recall     (AR) @[ IoU=0.75      | area=   all | maxDets= 20 ] = 0.959
 Average Recall     (AR) @[ IoU=0.50:0.95 | area=medium | maxDets= 20 ] = -1.000
 Average Recall     (AR) @[ IoU=0.50:0.95 | area= large | maxDets= 20 ] = 0.880
Epoch: [8][0/40]	Time 12.523s (12.523s)	Speed 5.1 samples/s	Data 10.929s (10.929s)	Loss 0.00036 (0.00036)	Accuracy 0.875 (0.875)
Test: [0/3]	Time 6.918 (6.918)	Loss 0.0003 (0.0003)	Accuracy 0.972 (0.972)
=> writing results json to output/atrw/pose_hrnet/w48_384x288_OANW0805_train/results/keypoints_val_results_0.json
| Arch | AP | Ap .5 | AP .75 | AP (M) | AP (L) | AR | AR .5 | AR .75 | AR (M) | AR (L) |
|---|---|---|---|---|---|---|---|---|---|---|
| pose_hrnet | 0.865 | 0.973 | 0.951 | -1.000 | 0.865 | 0.895 | 0.985 | 0.968 | -1.000 | 0.895 |
=> saving checkpoint to output/atrw/pose_hrnet/w48_384x288_OANW0805_train
Loading and preparing results...
DONE (t=0.01s)
creating index...
index created!
Running per image evaluation...
Evaluate annotation type *keypoints*
DONE (t=0.17s).
Accumulating evaluation results...
DONE (t=0.01s).
 Average Precision  (AP) @[ IoU=0.50:0.95 | area=   all | maxDets= 20 ] = 0.865
 Average Precision  (AP) @[ IoU=0.50      | area=   all | maxDets= 20 ] = 0.973
 Average Precision  (AP) @[ IoU=0.75      | area=   all | maxDets= 20 ] = 0.951
 Average Precision  (AP) @[ IoU=0.50:0.95 | area=medium | maxDets= 20 ] = -1.000
 Average Precision  (AP) @[ IoU=0.50:0.95 | area= large | maxDets= 20 ] = 0.865
 Average Recall     (AR) @[ IoU=0.50:0.95 | area=   all | maxDets= 20 ] = 0.895
 Average Recall     (AR) @[ IoU=0.50      | area=   all | maxDets= 20 ] = 0.985
 Average Recall     (AR) @[ IoU=0.75      | area=   all | maxDets= 20 ] = 0.968
 Average Recall     (AR) @[ IoU=0.50:0.95 | area=medium | maxDets= 20 ] = -1.000
 Average Recall     (AR) @[ IoU=0.50:0.95 | area= large | maxDets= 20 ] = 0.895
Epoch: [9][0/40]	Time 13.107s (13.107s)	Speed 4.9 samples/s	Data 11.545s (11.545s)	Loss 0.00046 (0.00046)	Accuracy 0.826 (0.826)
Test: [0/3]	Time 6.698 (6.698)	Loss 0.0002 (0.0002)	Accuracy 0.980 (0.980)
=> writing results json to output/atrw/pose_hrnet/w48_384x288_OANW0805_train/results/keypoints_val_results_0.json
| Arch | AP | Ap .5 | AP .75 | AP (M) | AP (L) | AR | AR .5 | AR .75 | AR (M) | AR (L) |
|---|---|---|---|---|---|---|---|---|---|---|
| pose_hrnet | 0.875 | 0.973 | 0.948 | -1.000 | 0.875 | 0.903 | 0.983 | 0.965 | -1.000 | 0.903 |
=> saving checkpoint to output/atrw/pose_hrnet/w48_384x288_OANW0805_train
Loading and preparing results...
DONE (t=0.01s)
creating index...
index created!
Running per image evaluation...
Evaluate annotation type *keypoints*
DONE (t=0.12s).
Accumulating evaluation results...
DONE (t=0.01s).
 Average Precision  (AP) @[ IoU=0.50:0.95 | area=   all | maxDets= 20 ] = 0.875
 Average Precision  (AP) @[ IoU=0.50      | area=   all | maxDets= 20 ] = 0.973
 Average Precision  (AP) @[ IoU=0.75      | area=   all | maxDets= 20 ] = 0.948
 Average Precision  (AP) @[ IoU=0.50:0.95 | area=medium | maxDets= 20 ] = -1.000
 Average Precision  (AP) @[ IoU=0.50:0.95 | area= large | maxDets= 20 ] = 0.875
 Average Recall     (AR) @[ IoU=0.50:0.95 | area=   all | maxDets= 20 ] = 0.903
 Average Recall     (AR) @[ IoU=0.50      | area=   all | maxDets= 20 ] = 0.983
 Average Recall     (AR) @[ IoU=0.75      | area=   all | maxDets= 20 ] = 0.965
 Average Recall     (AR) @[ IoU=0.50:0.95 | area=medium | maxDets= 20 ] = -1.000
 Average Recall     (AR) @[ IoU=0.50:0.95 | area= large | maxDets= 20 ] = 0.903
Epoch: [10][0/40]	Time 11.523s (11.523s)	Speed 5.6 samples/s	Data 9.471s (9.471s)	Loss 0.00039 (0.00039)	Accuracy 0.865 (0.865)
Test: [0/3]	Time 6.839 (6.839)	Loss 0.0002 (0.0002)	Accuracy 0.981 (0.981)
=> writing results json to output/atrw/pose_hrnet/w48_384x288_OANW0805_train/results/keypoints_val_results_0.json
| Arch | AP | Ap .5 | AP .75 | AP (M) | AP (L) | AR | AR .5 | AR .75 | AR (M) | AR (L) |
|---|---|---|---|---|---|---|---|---|---|---|
| pose_hrnet | 0.878 | 0.971 | 0.955 | -1.000 | 0.878 | 0.909 | 0.983 | 0.971 | -1.000 | 0.909 |
=> saving checkpoint to output/atrw/pose_hrnet/w48_384x288_OANW0805_train
Loading and preparing results...
DONE (t=0.01s)
creating index...
index created!
Running per image evaluation...
Evaluate annotation type *keypoints*
DONE (t=0.12s).
Accumulating evaluation results...
DONE (t=0.01s).
 Average Precision  (AP) @[ IoU=0.50:0.95 | area=   all | maxDets= 20 ] = 0.878
 Average Precision  (AP) @[ IoU=0.50      | area=   all | maxDets= 20 ] = 0.971
 Average Precision  (AP) @[ IoU=0.75      | area=   all | maxDets= 20 ] = 0.955
 Average Precision  (AP) @[ IoU=0.50:0.95 | area=medium | maxDets= 20 ] = -1.000
 Average Precision  (AP) @[ IoU=0.50:0.95 | area= large | maxDets= 20 ] = 0.878
 Average Recall     (AR) @[ IoU=0.50:0.95 | area=   all | maxDets= 20 ] = 0.909
 Average Recall     (AR) @[ IoU=0.50      | area=   all | maxDets= 20 ] = 0.983
 Average Recall     (AR) @[ IoU=0.75      | area=   all | maxDets= 20 ] = 0.971
 Average Recall     (AR) @[ IoU=0.50:0.95 | area=medium | maxDets= 20 ] = -1.000
 Average Recall     (AR) @[ IoU=0.50:0.95 | area= large | maxDets= 20 ] = 0.909
Epoch: [11][0/40]	Time 12.274s (12.274s)	Speed 5.2 samples/s	Data 10.607s (10.607s)	Loss 0.00040 (0.00040)	Accuracy 0.849 (0.849)
Test: [0/3]	Time 6.828 (6.828)	Loss 0.0002 (0.0002)	Accuracy 0.985 (0.985)
=> writing results json to output/atrw/pose_hrnet/w48_384x288_OANW0805_train/results/keypoints_val_results_0.json
| Arch | AP | Ap .5 | AP .75 | AP (M) | AP (L) | AR | AR .5 | AR .75 | AR (M) | AR (L) |
|---|---|---|---|---|---|---|---|---|---|---|
| pose_hrnet | 0.895 | 0.973 | 0.959 | -1.000 | 0.895 | 0.922 | 0.983 | 0.971 | -1.000 | 0.922 |
=> saving checkpoint to output/atrw/pose_hrnet/w48_384x288_OANW0805_train
Loading and preparing results...
DONE (t=0.01s)
creating index...
index created!
Running per image evaluation...
Evaluate annotation type *keypoints*
DONE (t=0.17s).
Accumulating evaluation results...
DONE (t=0.01s).
 Average Precision  (AP) @[ IoU=0.50:0.95 | area=   all | maxDets= 20 ] = 0.895
 Average Precision  (AP) @[ IoU=0.50      | area=   all | maxDets= 20 ] = 0.973
 Average Precision  (AP) @[ IoU=0.75      | area=   all | maxDets= 20 ] = 0.959
 Average Precision  (AP) @[ IoU=0.50:0.95 | area=medium | maxDets= 20 ] = -1.000
 Average Precision  (AP) @[ IoU=0.50:0.95 | area= large | maxDets= 20 ] = 0.895
 Average Recall     (AR) @[ IoU=0.50:0.95 | area=   all | maxDets= 20 ] = 0.922
 Average Recall     (AR) @[ IoU=0.50      | area=   all | maxDets= 20 ] = 0.983
 Average Recall     (AR) @[ IoU=0.75      | area=   all | maxDets= 20 ] = 0.971
 Average Recall     (AR) @[ IoU=0.50:0.95 | area=medium | maxDets= 20 ] = -1.000
 Average Recall     (AR) @[ IoU=0.50:0.95 | area= large | maxDets= 20 ] = 0.922
Epoch: [12][0/40]	Time 11.880s (11.880s)	Speed 5.4 samples/s	Data 10.112s (10.112s)	Loss 0.00032 (0.00032)	Accuracy 0.862 (0.862)
Test: [0/3]	Time 6.706 (6.706)	Loss 0.0002 (0.0002)	Accuracy 0.980 (0.980)
=> writing results json to output/atrw/pose_hrnet/w48_384x288_OANW0805_train/results/keypoints_val_results_0.json
| Arch | AP | Ap .5 | AP .75 | AP (M) | AP (L) | AR | AR .5 | AR .75 | AR (M) | AR (L) |
|---|---|---|---|---|---|---|---|---|---|---|
| pose_hrnet | 0.887 | 0.972 | 0.958 | -1.000 | 0.887 | 0.916 | 0.983 | 0.974 | -1.000 | 0.916 |
=> saving checkpoint to output/atrw/pose_hrnet/w48_384x288_OANW0805_train
Loading and preparing results...
DONE (t=0.01s)
creating index...
index created!
Running per image evaluation...
Evaluate annotation type *keypoints*
DONE (t=0.12s).
Accumulating evaluation results...
DONE (t=0.01s).
 Average Precision  (AP) @[ IoU=0.50:0.95 | area=   all | maxDets= 20 ] = 0.887
 Average Precision  (AP) @[ IoU=0.50      | area=   all | maxDets= 20 ] = 0.972
 Average Precision  (AP) @[ IoU=0.75      | area=   all | maxDets= 20 ] = 0.958
 Average Precision  (AP) @[ IoU=0.50:0.95 | area=medium | maxDets= 20 ] = -1.000
 Average Precision  (AP) @[ IoU=0.50:0.95 | area= large | maxDets= 20 ] = 0.887
 Average Recall     (AR) @[ IoU=0.50:0.95 | area=   all | maxDets= 20 ] = 0.916
 Average Recall     (AR) @[ IoU=0.50      | area=   all | maxDets= 20 ] = 0.983
 Average Recall     (AR) @[ IoU=0.75      | area=   all | maxDets= 20 ] = 0.974
 Average Recall     (AR) @[ IoU=0.50:0.95 | area=medium | maxDets= 20 ] = -1.000
 Average Recall     (AR) @[ IoU=0.50:0.95 | area= large | maxDets= 20 ] = 0.916
Epoch: [13][0/40]	Time 13.179s (13.179s)	Speed 4.9 samples/s	Data 11.615s (11.615s)	Loss 0.00033 (0.00033)	Accuracy 0.877 (0.877)
Test: [0/3]	Time 6.863 (6.863)	Loss 0.0002 (0.0002)	Accuracy 0.983 (0.983)
=> writing results json to output/atrw/pose_hrnet/w48_384x288_OANW0805_train/results/keypoints_val_results_0.json
| Arch | AP | Ap .5 | AP .75 | AP (M) | AP (L) | AR | AR .5 | AR .75 | AR (M) | AR (L) |
|---|---|---|---|---|---|---|---|---|---|---|
| pose_hrnet | 0.895 | 0.972 | 0.959 | -1.000 | 0.895 | 0.921 | 0.983 | 0.974 | -1.000 | 0.921 |
=> saving checkpoint to output/atrw/pose_hrnet/w48_384x288_OANW0805_train
Loading and preparing results...
DONE (t=0.01s)
creating index...
index created!
Running per image evaluation...
Evaluate annotation type *keypoints*
DONE (t=0.12s).
Accumulating evaluation results...
DONE (t=0.01s).
 Average Precision  (AP) @[ IoU=0.50:0.95 | area=   all | maxDets= 20 ] = 0.895
 Average Precision  (AP) @[ IoU=0.50      | area=   all | maxDets= 20 ] = 0.972
 Average Precision  (AP) @[ IoU=0.75      | area=   all | maxDets= 20 ] = 0.959
 Average Precision  (AP) @[ IoU=0.50:0.95 | area=medium | maxDets= 20 ] = -1.000
 Average Precision  (AP) @[ IoU=0.50:0.95 | area= large | maxDets= 20 ] = 0.895
 Average Recall     (AR) @[ IoU=0.50:0.95 | area=   all | maxDets= 20 ] = 0.921
 Average Recall     (AR) @[ IoU=0.50      | area=   all | maxDets= 20 ] = 0.983
 Average Recall     (AR) @[ IoU=0.75      | area=   all | maxDets= 20 ] = 0.974
 Average Recall     (AR) @[ IoU=0.50:0.95 | area=medium | maxDets= 20 ] = -1.000
 Average Recall     (AR) @[ IoU=0.50:0.95 | area= large | maxDets= 20 ] = 0.921
Epoch: [14][0/40]	Time 12.049s (12.049s)	Speed 5.3 samples/s	Data 9.934s (9.934s)	Loss 0.00032 (0.00032)	Accuracy 0.894 (0.894)
Test: [0/3]	Time 6.902 (6.902)	Loss 0.0002 (0.0002)	Accuracy 0.985 (0.985)
=> writing results json to output/atrw/pose_hrnet/w48_384x288_OANW0805_train/results/keypoints_val_results_0.json
| Arch | AP | Ap .5 | AP .75 | AP (M) | AP (L) | AR | AR .5 | AR .75 | AR (M) | AR (L) |
|---|---|---|---|---|---|---|---|---|---|---|
| pose_hrnet | 0.893 | 0.971 | 0.944 | -1.000 | 0.893 | 0.925 | 0.983 | 0.968 | -1.000 | 0.925 |
=> saving checkpoint to output/atrw/pose_hrnet/w48_384x288_OANW0805_train
Loading and preparing results...
DONE (t=0.01s)
creating index...
index created!
Running per image evaluation...
Evaluate annotation type *keypoints*
DONE (t=0.12s).
Accumulating evaluation results...
DONE (t=0.01s).
 Average Precision  (AP) @[ IoU=0.50:0.95 | area=   all | maxDets= 20 ] = 0.893
 Average Precision  (AP) @[ IoU=0.50      | area=   all | maxDets= 20 ] = 0.971
 Average Precision  (AP) @[ IoU=0.75      | area=   all | maxDets= 20 ] = 0.944
 Average Precision  (AP) @[ IoU=0.50:0.95 | area=medium | maxDets= 20 ] = -1.000
 Average Precision  (AP) @[ IoU=0.50:0.95 | area= large | maxDets= 20 ] = 0.893
 Average Recall     (AR) @[ IoU=0.50:0.95 | area=   all | maxDets= 20 ] = 0.925
 Average Recall     (AR) @[ IoU=0.50      | area=   all | maxDets= 20 ] = 0.983
 Average Recall     (AR) @[ IoU=0.75      | area=   all | maxDets= 20 ] = 0.968
 Average Recall     (AR) @[ IoU=0.50:0.95 | area=medium | maxDets= 20 ] = -1.000
 Average Recall     (AR) @[ IoU=0.50:0.95 | area= large | maxDets= 20 ] = 0.925
Epoch: [15][0/40]	Time 13.137s (13.137s)	Speed 4.9 samples/s	Data 11.573s (11.573s)	Loss 0.00036 (0.00036)	Accuracy 0.860 (0.860)
Test: [0/3]	Time 6.731 (6.731)	Loss 0.0002 (0.0002)	Accuracy 0.987 (0.987)
=> writing results json to output/atrw/pose_hrnet/w48_384x288_OANW0805_train/results/keypoints_val_results_0.json
| Arch | AP | Ap .5 | AP .75 | AP (M) | AP (L) | AR | AR .5 | AR .75 | AR (M) | AR (L) |
|---|---|---|---|---|---|---|---|---|---|---|
| pose_hrnet | 0.896 | 0.973 | 0.958 | -1.000 | 0.896 | 0.923 | 0.983 | 0.974 | -1.000 | 0.923 |
=> saving checkpoint to output/atrw/pose_hrnet/w48_384x288_OANW0805_train
Loading and preparing results...
DONE (t=0.01s)
creating index...
index created!
Running per image evaluation...
Evaluate annotation type *keypoints*
DONE (t=0.12s).
Accumulating evaluation results...
DONE (t=0.01s).
 Average Precision  (AP) @[ IoU=0.50:0.95 | area=   all | maxDets= 20 ] = 0.896
 Average Precision  (AP) @[ IoU=0.50      | area=   all | maxDets= 20 ] = 0.973
 Average Precision  (AP) @[ IoU=0.75      | area=   all | maxDets= 20 ] = 0.958
 Average Precision  (AP) @[ IoU=0.50:0.95 | area=medium | maxDets= 20 ] = -1.000
 Average Precision  (AP) @[ IoU=0.50:0.95 | area= large | maxDets= 20 ] = 0.896
 Average Recall     (AR) @[ IoU=0.50:0.95 | area=   all | maxDets= 20 ] = 0.923
 Average Recall     (AR) @[ IoU=0.50      | area=   all | maxDets= 20 ] = 0.983
 Average Recall     (AR) @[ IoU=0.75      | area=   all | maxDets= 20 ] = 0.974
 Average Recall     (AR) @[ IoU=0.50:0.95 | area=medium | maxDets= 20 ] = -1.000
 Average Recall     (AR) @[ IoU=0.50:0.95 | area= large | maxDets= 20 ] = 0.923
Epoch: [16][0/40]	Time 13.045s (13.045s)	Speed 4.9 samples/s	Data 11.478s (11.478s)	Loss 0.00030 (0.00030)	Accuracy 0.906 (0.906)
Test: [0/3]	Time 6.854 (6.854)	Loss 0.0002 (0.0002)	Accuracy 0.988 (0.988)
=> writing results json to output/atrw/pose_hrnet/w48_384x288_OANW0805_train/results/keypoints_val_results_0.json
| Arch | AP | Ap .5 | AP .75 | AP (M) | AP (L) | AR | AR .5 | AR .75 | AR (M) | AR (L) |
|---|---|---|---|---|---|---|---|---|---|---|
| pose_hrnet | 0.910 | 0.973 | 0.962 | -1.000 | 0.910 | 0.931 | 0.983 | 0.971 | -1.000 | 0.931 |
=> saving checkpoint to output/atrw/pose_hrnet/w48_384x288_OANW0805_train
Loading and preparing results...
DONE (t=0.01s)
creating index...
index created!
Running per image evaluation...
Evaluate annotation type *keypoints*
DONE (t=0.12s).
Accumulating evaluation results...
DONE (t=0.01s).
 Average Precision  (AP) @[ IoU=0.50:0.95 | area=   all | maxDets= 20 ] = 0.910
 Average Precision  (AP) @[ IoU=0.50      | area=   all | maxDets= 20 ] = 0.973
 Average Precision  (AP) @[ IoU=0.75      | area=   all | maxDets= 20 ] = 0.962
 Average Precision  (AP) @[ IoU=0.50:0.95 | area=medium | maxDets= 20 ] = -1.000
 Average Precision  (AP) @[ IoU=0.50:0.95 | area= large | maxDets= 20 ] = 0.910
 Average Recall     (AR) @[ IoU=0.50:0.95 | area=   all | maxDets= 20 ] = 0.931
 Average Recall     (AR) @[ IoU=0.50      | area=   all | maxDets= 20 ] = 0.983
 Average Recall     (AR) @[ IoU=0.75      | area=   all | maxDets= 20 ] = 0.971
 Average Recall     (AR) @[ IoU=0.50:0.95 | area=medium | maxDets= 20 ] = -1.000
 Average Recall     (AR) @[ IoU=0.50:0.95 | area= large | maxDets= 20 ] = 0.931
Epoch: [17][0/40]	Time 12.666s (12.666s)	Speed 5.1 samples/s	Data 10.953s (10.953s)	Loss 0.00037 (0.00037)	Accuracy 0.855 (0.855)
Test: [0/3]	Time 6.845 (6.845)	Loss 0.0002 (0.0002)	Accuracy 0.989 (0.989)
=> writing results json to output/atrw/pose_hrnet/w48_384x288_OANW0805_train/results/keypoints_val_results_0.json
| Arch | AP | Ap .5 | AP .75 | AP (M) | AP (L) | AR | AR .5 | AR .75 | AR (M) | AR (L) |
|---|---|---|---|---|---|---|---|---|---|---|
| pose_hrnet | 0.908 | 0.973 | 0.961 | -1.000 | 0.908 | 0.933 | 0.983 | 0.974 | -1.000 | 0.933 |
=> saving checkpoint to output/atrw/pose_hrnet/w48_384x288_OANW0805_train
Loading and preparing results...
DONE (t=0.01s)
creating index...
index created!
Running per image evaluation...
Evaluate annotation type *keypoints*
DONE (t=0.12s).
Accumulating evaluation results...
DONE (t=0.01s).
 Average Precision  (AP) @[ IoU=0.50:0.95 | area=   all | maxDets= 20 ] = 0.908
 Average Precision  (AP) @[ IoU=0.50      | area=   all | maxDets= 20 ] = 0.973
 Average Precision  (AP) @[ IoU=0.75      | area=   all | maxDets= 20 ] = 0.961
 Average Precision  (AP) @[ IoU=0.50:0.95 | area=medium | maxDets= 20 ] = -1.000
 Average Precision  (AP) @[ IoU=0.50:0.95 | area= large | maxDets= 20 ] = 0.908
 Average Recall     (AR) @[ IoU=0.50:0.95 | area=   all | maxDets= 20 ] = 0.933
 Average Recall     (AR) @[ IoU=0.50      | area=   all | maxDets= 20 ] = 0.983
 Average Recall     (AR) @[ IoU=0.75      | area=   all | maxDets= 20 ] = 0.974
 Average Recall     (AR) @[ IoU=0.50:0.95 | area=medium | maxDets= 20 ] = -1.000
 Average Recall     (AR) @[ IoU=0.50:0.95 | area= large | maxDets= 20 ] = 0.933
Epoch: [18][0/40]	Time 12.301s (12.301s)	Speed 5.2 samples/s	Data 10.647s (10.647s)	Loss 0.00039 (0.00039)	Accuracy 0.851 (0.851)
Test: [0/3]	Time 6.801 (6.801)	Loss 0.0002 (0.0002)	Accuracy 0.984 (0.984)
=> writing results json to output/atrw/pose_hrnet/w48_384x288_OANW0805_train/results/keypoints_val_results_0.json
| Arch | AP | Ap .5 | AP .75 | AP (M) | AP (L) | AR | AR .5 | AR .75 | AR (M) | AR (L) |
|---|---|---|---|---|---|---|---|---|---|---|
| pose_hrnet | 0.903 | 0.973 | 0.961 | -1.000 | 0.903 | 0.929 | 0.983 | 0.974 | -1.000 | 0.929 |
=> saving checkpoint to output/atrw/pose_hrnet/w48_384x288_OANW0805_train
Loading and preparing results...
DONE (t=0.01s)
creating index...
index created!
Running per image evaluation...
Evaluate annotation type *keypoints*
DONE (t=0.12s).
Accumulating evaluation results...
DONE (t=0.01s).
 Average Precision  (AP) @[ IoU=0.50:0.95 | area=   all | maxDets= 20 ] = 0.903
 Average Precision  (AP) @[ IoU=0.50      | area=   all | maxDets= 20 ] = 0.973
 Average Precision  (AP) @[ IoU=0.75      | area=   all | maxDets= 20 ] = 0.961
 Average Precision  (AP) @[ IoU=0.50:0.95 | area=medium | maxDets= 20 ] = -1.000
 Average Precision  (AP) @[ IoU=0.50:0.95 | area= large | maxDets= 20 ] = 0.903
 Average Recall     (AR) @[ IoU=0.50:0.95 | area=   all | maxDets= 20 ] = 0.929
 Average Recall     (AR) @[ IoU=0.50      | area=   all | maxDets= 20 ] = 0.983
 Average Recall     (AR) @[ IoU=0.75      | area=   all | maxDets= 20 ] = 0.974
 Average Recall     (AR) @[ IoU=0.50:0.95 | area=medium | maxDets= 20 ] = -1.000
 Average Recall     (AR) @[ IoU=0.50:0.95 | area= large | maxDets= 20 ] = 0.929
Epoch: [19][0/40]	Time 12.757s (12.757s)	Speed 5.0 samples/s	Data 11.172s (11.172s)	Loss 0.00031 (0.00031)	Accuracy 0.903 (0.903)
Test: [0/3]	Time 6.830 (6.830)	Loss 0.0002 (0.0002)	Accuracy 0.986 (0.986)
=> writing results json to output/atrw/pose_hrnet/w48_384x288_OANW0805_train/results/keypoints_val_results_0.json
| Arch | AP | Ap .5 | AP .75 | AP (M) | AP (L) | AR | AR .5 | AR .75 | AR (M) | AR (L) |
|---|---|---|---|---|---|---|---|---|---|---|
| pose_hrnet | 0.903 | 0.974 | 0.963 | -1.000 | 0.903 | 0.924 | 0.983 | 0.971 | -1.000 | 0.924 |
=> saving checkpoint to output/atrw/pose_hrnet/w48_384x288_OANW0805_train
Loading and preparing results...
DONE (t=0.01s)
creating index...
index created!
Running per image evaluation...
Evaluate annotation type *keypoints*
DONE (t=0.12s).
Accumulating evaluation results...
DONE (t=0.01s).
 Average Precision  (AP) @[ IoU=0.50:0.95 | area=   all | maxDets= 20 ] = 0.903
 Average Precision  (AP) @[ IoU=0.50      | area=   all | maxDets= 20 ] = 0.974
 Average Precision  (AP) @[ IoU=0.75      | area=   all | maxDets= 20 ] = 0.963
 Average Precision  (AP) @[ IoU=0.50:0.95 | area=medium | maxDets= 20 ] = -1.000
 Average Precision  (AP) @[ IoU=0.50:0.95 | area= large | maxDets= 20 ] = 0.903
 Average Recall     (AR) @[ IoU=0.50:0.95 | area=   all | maxDets= 20 ] = 0.924
 Average Recall     (AR) @[ IoU=0.50      | area=   all | maxDets= 20 ] = 0.983
 Average Recall     (AR) @[ IoU=0.75      | area=   all | maxDets= 20 ] = 0.971
 Average Recall     (AR) @[ IoU=0.50:0.95 | area=medium | maxDets= 20 ] = -1.000
 Average Recall     (AR) @[ IoU=0.50:0.95 | area= large | maxDets= 20 ] = 0.924
Epoch: [20][0/40]	Time 12.988s (12.988s)	Speed 4.9 samples/s	Data 11.370s (11.370s)	Loss 0.00041 (0.00041)	Accuracy 0.848 (0.848)
Test: [0/3]	Time 7.017 (7.017)	Loss 0.0002 (0.0002)	Accuracy 0.990 (0.990)
=> writing results json to output/atrw/pose_hrnet/w48_384x288_OANW0805_train/results/keypoints_val_results_0.json
| Arch | AP | Ap .5 | AP .75 | AP (M) | AP (L) | AR | AR .5 | AR .75 | AR (M) | AR (L) |
|---|---|---|---|---|---|---|---|---|---|---|
| pose_hrnet | 0.904 | 0.964 | 0.951 | -1.000 | 0.904 | 0.929 | 0.980 | 0.968 | -1.000 | 0.929 |
=> saving checkpoint to output/atrw/pose_hrnet/w48_384x288_OANW0805_train
Loading and preparing results...
DONE (t=0.01s)
creating index...
index created!
Running per image evaluation...
Evaluate annotation type *keypoints*
DONE (t=0.12s).
Accumulating evaluation results...
DONE (t=0.01s).
 Average Precision  (AP) @[ IoU=0.50:0.95 | area=   all | maxDets= 20 ] = 0.904
 Average Precision  (AP) @[ IoU=0.50      | area=   all | maxDets= 20 ] = 0.964
 Average Precision  (AP) @[ IoU=0.75      | area=   all | maxDets= 20 ] = 0.951
 Average Precision  (AP) @[ IoU=0.50:0.95 | area=medium | maxDets= 20 ] = -1.000
 Average Precision  (AP) @[ IoU=0.50:0.95 | area= large | maxDets= 20 ] = 0.904
 Average Recall     (AR) @[ IoU=0.50:0.95 | area=   all | maxDets= 20 ] = 0.929
 Average Recall     (AR) @[ IoU=0.50      | area=   all | maxDets= 20 ] = 0.980
 Average Recall     (AR) @[ IoU=0.75      | area=   all | maxDets= 20 ] = 0.968
 Average Recall     (AR) @[ IoU=0.50:0.95 | area=medium | maxDets= 20 ] = -1.000
 Average Recall     (AR) @[ IoU=0.50:0.95 | area= large | maxDets= 20 ] = 0.929
Epoch: [21][0/40]	Time 10.186s (10.186s)	Speed 6.3 samples/s	Data 8.285s (8.285s)	Loss 0.00031 (0.00031)	Accuracy 0.897 (0.897)
Test: [0/3]	Time 6.808 (6.808)	Loss 0.0002 (0.0002)	Accuracy 0.990 (0.990)
=> writing results json to output/atrw/pose_hrnet/w48_384x288_OANW0805_train/results/keypoints_val_results_0.json
| Arch | AP | Ap .5 | AP .75 | AP (M) | AP (L) | AR | AR .5 | AR .75 | AR (M) | AR (L) |
|---|---|---|---|---|---|---|---|---|---|---|
| pose_hrnet | 0.911 | 0.974 | 0.962 | -1.000 | 0.911 | 0.937 | 0.983 | 0.974 | -1.000 | 0.937 |
=> saving checkpoint to output/atrw/pose_hrnet/w48_384x288_OANW0805_train
Loading and preparing results...
DONE (t=0.01s)
creating index...
index created!
Running per image evaluation...
Evaluate annotation type *keypoints*
DONE (t=0.12s).
Accumulating evaluation results...
DONE (t=0.01s).
 Average Precision  (AP) @[ IoU=0.50:0.95 | area=   all | maxDets= 20 ] = 0.911
 Average Precision  (AP) @[ IoU=0.50      | area=   all | maxDets= 20 ] = 0.974
 Average Precision  (AP) @[ IoU=0.75      | area=   all | maxDets= 20 ] = 0.962
 Average Precision  (AP) @[ IoU=0.50:0.95 | area=medium | maxDets= 20 ] = -1.000
 Average Precision  (AP) @[ IoU=0.50:0.95 | area= large | maxDets= 20 ] = 0.911
 Average Recall     (AR) @[ IoU=0.50:0.95 | area=   all | maxDets= 20 ] = 0.937
 Average Recall     (AR) @[ IoU=0.50      | area=   all | maxDets= 20 ] = 0.983
 Average Recall     (AR) @[ IoU=0.75      | area=   all | maxDets= 20 ] = 0.974
 Average Recall     (AR) @[ IoU=0.50:0.95 | area=medium | maxDets= 20 ] = -1.000
 Average Recall     (AR) @[ IoU=0.50:0.95 | area= large | maxDets= 20 ] = 0.937
Epoch: [22][0/40]	Time 11.965s (11.965s)	Speed 5.3 samples/s	Data 10.155s (10.155s)	Loss 0.00030 (0.00030)	Accuracy 0.906 (0.906)
Test: [0/3]	Time 6.781 (6.781)	Loss 0.0002 (0.0002)	Accuracy 0.990 (0.990)
=> writing results json to output/atrw/pose_hrnet/w48_384x288_OANW0805_train/results/keypoints_val_results_0.json
| Arch | AP | Ap .5 | AP .75 | AP (M) | AP (L) | AR | AR .5 | AR .75 | AR (M) | AR (L) |
|---|---|---|---|---|---|---|---|---|---|---|
| pose_hrnet | 0.908 | 0.973 | 0.951 | -1.000 | 0.908 | 0.935 | 0.983 | 0.968 | -1.000 | 0.935 |
=> saving checkpoint to output/atrw/pose_hrnet/w48_384x288_OANW0805_train
Loading and preparing results...
DONE (t=0.01s)
creating index...
index created!
Running per image evaluation...
Evaluate annotation type *keypoints*
DONE (t=0.16s).
Accumulating evaluation results...
DONE (t=0.01s).
 Average Precision  (AP) @[ IoU=0.50:0.95 | area=   all | maxDets= 20 ] = 0.908
 Average Precision  (AP) @[ IoU=0.50      | area=   all | maxDets= 20 ] = 0.973
 Average Precision  (AP) @[ IoU=0.75      | area=   all | maxDets= 20 ] = 0.951
 Average Precision  (AP) @[ IoU=0.50:0.95 | area=medium | maxDets= 20 ] = -1.000
 Average Precision  (AP) @[ IoU=0.50:0.95 | area= large | maxDets= 20 ] = 0.908
 Average Recall     (AR) @[ IoU=0.50:0.95 | area=   all | maxDets= 20 ] = 0.935
 Average Recall     (AR) @[ IoU=0.50      | area=   all | maxDets= 20 ] = 0.983
 Average Recall     (AR) @[ IoU=0.75      | area=   all | maxDets= 20 ] = 0.968
 Average Recall     (AR) @[ IoU=0.50:0.95 | area=medium | maxDets= 20 ] = -1.000
 Average Recall     (AR) @[ IoU=0.50:0.95 | area= large | maxDets= 20 ] = 0.935
Epoch: [23][0/40]	Time 13.294s (13.294s)	Speed 4.8 samples/s	Data 11.724s (11.724s)	Loss 0.00027 (0.00027)	Accuracy 0.920 (0.920)
