=> creating output/coco/pose_hrnet_gc1st/w48_256x192_adam_lr1e-3
=> creating log/coco/pose_hrnet_gc1st/w48_256x192_adam_lr1e-3_2019-06-21-19-34
loading annotations into memory...
Done (t=0.29s)
creating index...
index created!
Loading and preparing results...
DONE (t=5.26s)
creating index...
index created!
Running per image evaluation...
Evaluate annotation type *keypoints*
DONE (t=14.64s).
Accumulating evaluation results...
DONE (t=0.44s).
 Average Precision  (AP) @[ IoU=0.50:0.95 | area=   all | maxDets= 20 ] = 0.751
 Average Precision  (AP) @[ IoU=0.50      | area=   all | maxDets= 20 ] = 0.904
 Average Precision  (AP) @[ IoU=0.75      | area=   all | maxDets= 20 ] = 0.821
 Average Precision  (AP) @[ IoU=0.50:0.95 | area=medium | maxDets= 20 ] = 0.716
 Average Precision  (AP) @[ IoU=0.50:0.95 | area= large | maxDets= 20 ] = 0.819
 Average Recall     (AR) @[ IoU=0.50:0.95 | area=   all | maxDets= 20 ] = 0.805
 Average Recall     (AR) @[ IoU=0.50      | area=   all | maxDets= 20 ] = 0.941
 Average Recall     (AR) @[ IoU=0.75      | area=   all | maxDets= 20 ] = 0.867
 Average Recall     (AR) @[ IoU=0.50:0.95 | area=medium | maxDets= 20 ] = 0.762
 Average Recall     (AR) @[ IoU=0.50:0.95 | area= large | maxDets= 20 ] = 0.866
