conv1.weight : torch.Size([64, 3, 3, 3])
bn1.weight : torch.Size([64])
bn1.bias : torch.Size([64])
conv2.weight : torch.Size([64, 64, 3, 3])
bn2.weight : torch.Size([64])
bn2.bias : torch.Size([64])
layer1.0.conv1.weight : torch.Size([64, 64, 1, 1])
layer1.0.bn1.weight : torch.Size([64])
layer1.0.bn1.bias : torch.Size([64])
layer1.0.conv2.weight : torch.Size([64, 64, 3, 3])
layer1.0.bn2.weight : torch.Size([64])
layer1.0.bn2.bias : torch.Size([64])
layer1.0.conv3.weight : torch.Size([256, 64, 1, 1])
layer1.0.bn3.weight : torch.Size([256])
layer1.0.bn3.bias : torch.Size([256])
layer1.0.ctblock.conv_mask.weight : torch.Size([1, 256, 1, 1])
layer1.0.ctblock.conv_mask.bias : torch.Size([1])
layer1.0.ctblock.channel_add_conv.0.weight : torch.Size([64, 256, 1, 1])
layer1.0.ctblock.channel_add_conv.0.bias : torch.Size([64])
layer1.0.ctblock.channel_add_conv.1.weight : torch.Size([64, 1, 1])
layer1.0.ctblock.channel_add_conv.1.bias : torch.Size([64, 1, 1])
layer1.0.ctblock.channel_add_conv.3.weight : torch.Size([256, 64, 1, 1])
layer1.0.ctblock.channel_add_conv.3.bias : torch.Size([256])
layer1.0.ctblock.channel_mul_conv.0.weight : torch.Size([64, 256, 1, 1])
layer1.0.ctblock.channel_mul_conv.0.bias : torch.Size([64])
layer1.0.ctblock.channel_mul_conv.1.weight : torch.Size([64, 1, 1])
layer1.0.ctblock.channel_mul_conv.1.bias : torch.Size([64, 1, 1])
layer1.0.ctblock.channel_mul_conv.3.weight : torch.Size([256, 64, 1, 1])
layer1.0.ctblock.channel_mul_conv.3.bias : torch.Size([256])
layer1.0.downsample.0.weight : torch.Size([256, 64, 1, 1])
layer1.0.downsample.1.weight : torch.Size([256])
layer1.0.downsample.1.bias : torch.Size([256])
layer1.1.conv1.weight : torch.Size([64, 256, 1, 1])
layer1.1.bn1.weight : torch.Size([64])
layer1.1.bn1.bias : torch.Size([64])
layer1.1.conv2.weight : torch.Size([64, 64, 3, 3])
layer1.1.bn2.weight : torch.Size([64])
layer1.1.bn2.bias : torch.Size([64])
layer1.1.conv3.weight : torch.Size([256, 64, 1, 1])
layer1.1.bn3.weight : torch.Size([256])
layer1.1.bn3.bias : torch.Size([256])
layer1.1.ctblock.conv_mask.weight : torch.Size([1, 256, 1, 1])
layer1.1.ctblock.conv_mask.bias : torch.Size([1])
layer1.1.ctblock.channel_add_conv.0.weight : torch.Size([64, 256, 1, 1])
layer1.1.ctblock.channel_add_conv.0.bias : torch.Size([64])
layer1.1.ctblock.channel_add_conv.1.weight : torch.Size([64, 1, 1])
layer1.1.ctblock.channel_add_conv.1.bias : torch.Size([64, 1, 1])
layer1.1.ctblock.channel_add_conv.3.weight : torch.Size([256, 64, 1, 1])
layer1.1.ctblock.channel_add_conv.3.bias : torch.Size([256])
layer1.1.ctblock.channel_mul_conv.0.weight : torch.Size([64, 256, 1, 1])
layer1.1.ctblock.channel_mul_conv.0.bias : torch.Size([64])
layer1.1.ctblock.channel_mul_conv.1.weight : torch.Size([64, 1, 1])
layer1.1.ctblock.channel_mul_conv.1.bias : torch.Size([64, 1, 1])
layer1.1.ctblock.channel_mul_conv.3.weight : torch.Size([256, 64, 1, 1])
layer1.1.ctblock.channel_mul_conv.3.bias : torch.Size([256])
layer1.2.conv1.weight : torch.Size([64, 256, 1, 1])
layer1.2.bn1.weight : torch.Size([64])
layer1.2.bn1.bias : torch.Size([64])
layer1.2.conv2.weight : torch.Size([64, 64, 3, 3])
layer1.2.bn2.weight : torch.Size([64])
layer1.2.bn2.bias : torch.Size([64])
layer1.2.conv3.weight : torch.Size([256, 64, 1, 1])
layer1.2.bn3.weight : torch.Size([256])
layer1.2.bn3.bias : torch.Size([256])
layer1.2.ctblock.conv_mask.weight : torch.Size([1, 256, 1, 1])
layer1.2.ctblock.conv_mask.bias : torch.Size([1])
layer1.2.ctblock.channel_add_conv.0.weight : torch.Size([64, 256, 1, 1])
layer1.2.ctblock.channel_add_conv.0.bias : torch.Size([64])
layer1.2.ctblock.channel_add_conv.1.weight : torch.Size([64, 1, 1])
layer1.2.ctblock.channel_add_conv.1.bias : torch.Size([64, 1, 1])
layer1.2.ctblock.channel_add_conv.3.weight : torch.Size([256, 64, 1, 1])
layer1.2.ctblock.channel_add_conv.3.bias : torch.Size([256])
layer1.2.ctblock.channel_mul_conv.0.weight : torch.Size([64, 256, 1, 1])
layer1.2.ctblock.channel_mul_conv.0.bias : torch.Size([64])
layer1.2.ctblock.channel_mul_conv.1.weight : torch.Size([64, 1, 1])
layer1.2.ctblock.channel_mul_conv.1.bias : torch.Size([64, 1, 1])
layer1.2.ctblock.channel_mul_conv.3.weight : torch.Size([256, 64, 1, 1])
layer1.2.ctblock.channel_mul_conv.3.bias : torch.Size([256])
layer1.3.conv1.weight : torch.Size([64, 256, 1, 1])
layer1.3.bn1.weight : torch.Size([64])
layer1.3.bn1.bias : torch.Size([64])
layer1.3.conv2.weight : torch.Size([64, 64, 3, 3])
layer1.3.bn2.weight : torch.Size([64])
layer1.3.bn2.bias : torch.Size([64])
layer1.3.conv3.weight : torch.Size([256, 64, 1, 1])
layer1.3.bn3.weight : torch.Size([256])
layer1.3.bn3.bias : torch.Size([256])
layer1.3.ctblock.conv_mask.weight : torch.Size([1, 256, 1, 1])
layer1.3.ctblock.conv_mask.bias : torch.Size([1])
layer1.3.ctblock.channel_add_conv.0.weight : torch.Size([64, 256, 1, 1])
layer1.3.ctblock.channel_add_conv.0.bias : torch.Size([64])
layer1.3.ctblock.channel_add_conv.1.weight : torch.Size([64, 1, 1])
layer1.3.ctblock.channel_add_conv.1.bias : torch.Size([64, 1, 1])
layer1.3.ctblock.channel_add_conv.3.weight : torch.Size([256, 64, 1, 1])
layer1.3.ctblock.channel_add_conv.3.bias : torch.Size([256])
layer1.3.ctblock.channel_mul_conv.0.weight : torch.Size([64, 256, 1, 1])
layer1.3.ctblock.channel_mul_conv.0.bias : torch.Size([64])
layer1.3.ctblock.channel_mul_conv.1.weight : torch.Size([64, 1, 1])
layer1.3.ctblock.channel_mul_conv.1.bias : torch.Size([64, 1, 1])
layer1.3.ctblock.channel_mul_conv.3.weight : torch.Size([256, 64, 1, 1])
layer1.3.ctblock.channel_mul_conv.3.bias : torch.Size([256])
transition1.0.0.weight : torch.Size([32, 256, 3, 3])
transition1.0.1.weight : torch.Size([32])
transition1.0.1.bias : torch.Size([32])
transition1.1.0.0.weight : torch.Size([64, 256, 3, 3])
transition1.1.0.1.weight : torch.Size([64])
transition1.1.0.1.bias : torch.Size([64])
stage2.0.branches.0.0.conv1.weight : torch.Size([32, 32, 3, 3])
stage2.0.branches.0.0.bn1.weight : torch.Size([32])
stage2.0.branches.0.0.bn1.bias : torch.Size([32])
stage2.0.branches.0.0.conv2.weight : torch.Size([32, 32, 3, 3])
stage2.0.branches.0.0.bn2.weight : torch.Size([32])
stage2.0.branches.0.0.bn2.bias : torch.Size([32])
stage2.0.branches.0.1.conv1.weight : torch.Size([32, 32, 3, 3])
stage2.0.branches.0.1.bn1.weight : torch.Size([32])
stage2.0.branches.0.1.bn1.bias : torch.Size([32])
stage2.0.branches.0.1.conv2.weight : torch.Size([32, 32, 3, 3])
stage2.0.branches.0.1.bn2.weight : torch.Size([32])
stage2.0.branches.0.1.bn2.bias : torch.Size([32])
stage2.0.branches.0.2.conv1.weight : torch.Size([32, 32, 3, 3])
stage2.0.branches.0.2.bn1.weight : torch.Size([32])
stage2.0.branches.0.2.bn1.bias : torch.Size([32])
stage2.0.branches.0.2.conv2.weight : torch.Size([32, 32, 3, 3])
stage2.0.branches.0.2.bn2.weight : torch.Size([32])
stage2.0.branches.0.2.bn2.bias : torch.Size([32])
stage2.0.branches.0.3.conv1.weight : torch.Size([32, 32, 3, 3])
stage2.0.branches.0.3.bn1.weight : torch.Size([32])
stage2.0.branches.0.3.bn1.bias : torch.Size([32])
stage2.0.branches.0.3.conv2.weight : torch.Size([32, 32, 3, 3])
stage2.0.branches.0.3.bn2.weight : torch.Size([32])
stage2.0.branches.0.3.bn2.bias : torch.Size([32])
stage2.0.branches.1.0.conv1.weight : torch.Size([64, 64, 3, 3])
stage2.0.branches.1.0.bn1.weight : torch.Size([64])
stage2.0.branches.1.0.bn1.bias : torch.Size([64])
stage2.0.branches.1.0.conv2.weight : torch.Size([64, 64, 3, 3])
stage2.0.branches.1.0.bn2.weight : torch.Size([64])
stage2.0.branches.1.0.bn2.bias : torch.Size([64])
stage2.0.branches.1.1.conv1.weight : torch.Size([64, 64, 3, 3])
stage2.0.branches.1.1.bn1.weight : torch.Size([64])
stage2.0.branches.1.1.bn1.bias : torch.Size([64])
stage2.0.branches.1.1.conv2.weight : torch.Size([64, 64, 3, 3])
stage2.0.branches.1.1.bn2.weight : torch.Size([64])
stage2.0.branches.1.1.bn2.bias : torch.Size([64])
stage2.0.branches.1.2.conv1.weight : torch.Size([64, 64, 3, 3])
stage2.0.branches.1.2.bn1.weight : torch.Size([64])
stage2.0.branches.1.2.bn1.bias : torch.Size([64])
stage2.0.branches.1.2.conv2.weight : torch.Size([64, 64, 3, 3])
stage2.0.branches.1.2.bn2.weight : torch.Size([64])
stage2.0.branches.1.2.bn2.bias : torch.Size([64])
stage2.0.branches.1.3.conv1.weight : torch.Size([64, 64, 3, 3])
stage2.0.branches.1.3.bn1.weight : torch.Size([64])
stage2.0.branches.1.3.bn1.bias : torch.Size([64])
stage2.0.branches.1.3.conv2.weight : torch.Size([64, 64, 3, 3])
stage2.0.branches.1.3.bn2.weight : torch.Size([64])
stage2.0.branches.1.3.bn2.bias : torch.Size([64])
stage2.0.fuse_layers.0.1.0.weight : torch.Size([32, 64, 1, 1])
stage2.0.fuse_layers.0.1.1.weight : torch.Size([32])
stage2.0.fuse_layers.0.1.1.bias : torch.Size([32])
stage2.0.fuse_layers.1.0.0.0.weight : torch.Size([64, 32, 3, 3])
stage2.0.fuse_layers.1.0.0.1.weight : torch.Size([64])
stage2.0.fuse_layers.1.0.0.1.bias : torch.Size([64])
transition2.2.0.0.weight : torch.Size([128, 64, 3, 3])
transition2.2.0.1.weight : torch.Size([128])
transition2.2.0.1.bias : torch.Size([128])
stage3.0.branches.0.0.conv1.weight : torch.Size([32, 32, 3, 3])
stage3.0.branches.0.0.bn1.weight : torch.Size([32])
stage3.0.branches.0.0.bn1.bias : torch.Size([32])
stage3.0.branches.0.0.conv2.weight : torch.Size([32, 32, 3, 3])
stage3.0.branches.0.0.bn2.weight : torch.Size([32])
stage3.0.branches.0.0.bn2.bias : torch.Size([32])
stage3.0.branches.0.1.conv1.weight : torch.Size([32, 32, 3, 3])
stage3.0.branches.0.1.bn1.weight : torch.Size([32])
stage3.0.branches.0.1.bn1.bias : torch.Size([32])
stage3.0.branches.0.1.conv2.weight : torch.Size([32, 32, 3, 3])
stage3.0.branches.0.1.bn2.weight : torch.Size([32])
stage3.0.branches.0.1.bn2.bias : torch.Size([32])
stage3.0.branches.0.2.conv1.weight : torch.Size([32, 32, 3, 3])
stage3.0.branches.0.2.bn1.weight : torch.Size([32])
stage3.0.branches.0.2.bn1.bias : torch.Size([32])
stage3.0.branches.0.2.conv2.weight : torch.Size([32, 32, 3, 3])
stage3.0.branches.0.2.bn2.weight : torch.Size([32])
stage3.0.branches.0.2.bn2.bias : torch.Size([32])
stage3.0.branches.0.3.conv1.weight : torch.Size([32, 32, 3, 3])
stage3.0.branches.0.3.bn1.weight : torch.Size([32])
stage3.0.branches.0.3.bn1.bias : torch.Size([32])
stage3.0.branches.0.3.conv2.weight : torch.Size([32, 32, 3, 3])
stage3.0.branches.0.3.bn2.weight : torch.Size([32])
stage3.0.branches.0.3.bn2.bias : torch.Size([32])
stage3.0.branches.1.0.conv1.weight : torch.Size([64, 64, 3, 3])
stage3.0.branches.1.0.bn1.weight : torch.Size([64])
stage3.0.branches.1.0.bn1.bias : torch.Size([64])
stage3.0.branches.1.0.conv2.weight : torch.Size([64, 64, 3, 3])
stage3.0.branches.1.0.bn2.weight : torch.Size([64])
stage3.0.branches.1.0.bn2.bias : torch.Size([64])
stage3.0.branches.1.1.conv1.weight : torch.Size([64, 64, 3, 3])
stage3.0.branches.1.1.bn1.weight : torch.Size([64])
stage3.0.branches.1.1.bn1.bias : torch.Size([64])
stage3.0.branches.1.1.conv2.weight : torch.Size([64, 64, 3, 3])
stage3.0.branches.1.1.bn2.weight : torch.Size([64])
stage3.0.branches.1.1.bn2.bias : torch.Size([64])
stage3.0.branches.1.2.conv1.weight : torch.Size([64, 64, 3, 3])
stage3.0.branches.1.2.bn1.weight : torch.Size([64])
stage3.0.branches.1.2.bn1.bias : torch.Size([64])
stage3.0.branches.1.2.conv2.weight : torch.Size([64, 64, 3, 3])
stage3.0.branches.1.2.bn2.weight : torch.Size([64])
stage3.0.branches.1.2.bn2.bias : torch.Size([64])
stage3.0.branches.1.3.conv1.weight : torch.Size([64, 64, 3, 3])
stage3.0.branches.1.3.bn1.weight : torch.Size([64])
stage3.0.branches.1.3.bn1.bias : torch.Size([64])
stage3.0.branches.1.3.conv2.weight : torch.Size([64, 64, 3, 3])
stage3.0.branches.1.3.bn2.weight : torch.Size([64])
stage3.0.branches.1.3.bn2.bias : torch.Size([64])
stage3.0.branches.2.0.conv1.weight : torch.Size([128, 128, 3, 3])
stage3.0.branches.2.0.bn1.weight : torch.Size([128])
stage3.0.branches.2.0.bn1.bias : torch.Size([128])
stage3.0.branches.2.0.conv2.weight : torch.Size([128, 128, 3, 3])
stage3.0.branches.2.0.bn2.weight : torch.Size([128])
stage3.0.branches.2.0.bn2.bias : torch.Size([128])
stage3.0.branches.2.1.conv1.weight : torch.Size([128, 128, 3, 3])
stage3.0.branches.2.1.bn1.weight : torch.Size([128])
stage3.0.branches.2.1.bn1.bias : torch.Size([128])
stage3.0.branches.2.1.conv2.weight : torch.Size([128, 128, 3, 3])
stage3.0.branches.2.1.bn2.weight : torch.Size([128])
stage3.0.branches.2.1.bn2.bias : torch.Size([128])
stage3.0.branches.2.2.conv1.weight : torch.Size([128, 128, 3, 3])
stage3.0.branches.2.2.bn1.weight : torch.Size([128])
stage3.0.branches.2.2.bn1.bias : torch.Size([128])
stage3.0.branches.2.2.conv2.weight : torch.Size([128, 128, 3, 3])
stage3.0.branches.2.2.bn2.weight : torch.Size([128])
stage3.0.branches.2.2.bn2.bias : torch.Size([128])
stage3.0.branches.2.3.conv1.weight : torch.Size([128, 128, 3, 3])
stage3.0.branches.2.3.bn1.weight : torch.Size([128])
stage3.0.branches.2.3.bn1.bias : torch.Size([128])
stage3.0.branches.2.3.conv2.weight : torch.Size([128, 128, 3, 3])
stage3.0.branches.2.3.bn2.weight : torch.Size([128])
stage3.0.branches.2.3.bn2.bias : torch.Size([128])
stage3.0.fuse_layers.0.1.0.weight : torch.Size([32, 64, 1, 1])
stage3.0.fuse_layers.0.1.1.weight : torch.Size([32])
stage3.0.fuse_layers.0.1.1.bias : torch.Size([32])
stage3.0.fuse_layers.0.2.0.weight : torch.Size([32, 128, 1, 1])
stage3.0.fuse_layers.0.2.1.weight : torch.Size([32])
stage3.0.fuse_layers.0.2.1.bias : torch.Size([32])
stage3.0.fuse_layers.1.0.0.0.weight : torch.Size([64, 32, 3, 3])
stage3.0.fuse_layers.1.0.0.1.weight : torch.Size([64])
stage3.0.fuse_layers.1.0.0.1.bias : torch.Size([64])
stage3.0.fuse_layers.1.2.0.weight : torch.Size([64, 128, 1, 1])
stage3.0.fuse_layers.1.2.1.weight : torch.Size([64])
stage3.0.fuse_layers.1.2.1.bias : torch.Size([64])
stage3.0.fuse_layers.2.0.0.0.weight : torch.Size([32, 32, 3, 3])
stage3.0.fuse_layers.2.0.0.1.weight : torch.Size([32])
stage3.0.fuse_layers.2.0.0.1.bias : torch.Size([32])
stage3.0.fuse_layers.2.0.1.0.weight : torch.Size([128, 32, 3, 3])
stage3.0.fuse_layers.2.0.1.1.weight : torch.Size([128])
stage3.0.fuse_layers.2.0.1.1.bias : torch.Size([128])
stage3.0.fuse_layers.2.1.0.0.weight : torch.Size([128, 64, 3, 3])
stage3.0.fuse_layers.2.1.0.1.weight : torch.Size([128])
stage3.0.fuse_layers.2.1.0.1.bias : torch.Size([128])
stage3.1.branches.0.0.conv1.weight : torch.Size([32, 32, 3, 3])
stage3.1.branches.0.0.bn1.weight : torch.Size([32])
stage3.1.branches.0.0.bn1.bias : torch.Size([32])
stage3.1.branches.0.0.conv2.weight : torch.Size([32, 32, 3, 3])
stage3.1.branches.0.0.bn2.weight : torch.Size([32])
stage3.1.branches.0.0.bn2.bias : torch.Size([32])
stage3.1.branches.0.1.conv1.weight : torch.Size([32, 32, 3, 3])
stage3.1.branches.0.1.bn1.weight : torch.Size([32])
stage3.1.branches.0.1.bn1.bias : torch.Size([32])
stage3.1.branches.0.1.conv2.weight : torch.Size([32, 32, 3, 3])
stage3.1.branches.0.1.bn2.weight : torch.Size([32])
stage3.1.branches.0.1.bn2.bias : torch.Size([32])
stage3.1.branches.0.2.conv1.weight : torch.Size([32, 32, 3, 3])
stage3.1.branches.0.2.bn1.weight : torch.Size([32])
stage3.1.branches.0.2.bn1.bias : torch.Size([32])
stage3.1.branches.0.2.conv2.weight : torch.Size([32, 32, 3, 3])
stage3.1.branches.0.2.bn2.weight : torch.Size([32])
stage3.1.branches.0.2.bn2.bias : torch.Size([32])
stage3.1.branches.0.3.conv1.weight : torch.Size([32, 32, 3, 3])
stage3.1.branches.0.3.bn1.weight : torch.Size([32])
stage3.1.branches.0.3.bn1.bias : torch.Size([32])
stage3.1.branches.0.3.conv2.weight : torch.Size([32, 32, 3, 3])
stage3.1.branches.0.3.bn2.weight : torch.Size([32])
stage3.1.branches.0.3.bn2.bias : torch.Size([32])
stage3.1.branches.1.0.conv1.weight : torch.Size([64, 64, 3, 3])
stage3.1.branches.1.0.bn1.weight : torch.Size([64])
stage3.1.branches.1.0.bn1.bias : torch.Size([64])
stage3.1.branches.1.0.conv2.weight : torch.Size([64, 64, 3, 3])
stage3.1.branches.1.0.bn2.weight : torch.Size([64])
stage3.1.branches.1.0.bn2.bias : torch.Size([64])
stage3.1.branches.1.1.conv1.weight : torch.Size([64, 64, 3, 3])
stage3.1.branches.1.1.bn1.weight : torch.Size([64])
stage3.1.branches.1.1.bn1.bias : torch.Size([64])
stage3.1.branches.1.1.conv2.weight : torch.Size([64, 64, 3, 3])
stage3.1.branches.1.1.bn2.weight : torch.Size([64])
stage3.1.branches.1.1.bn2.bias : torch.Size([64])
stage3.1.branches.1.2.conv1.weight : torch.Size([64, 64, 3, 3])
stage3.1.branches.1.2.bn1.weight : torch.Size([64])
stage3.1.branches.1.2.bn1.bias : torch.Size([64])
stage3.1.branches.1.2.conv2.weight : torch.Size([64, 64, 3, 3])
stage3.1.branches.1.2.bn2.weight : torch.Size([64])
stage3.1.branches.1.2.bn2.bias : torch.Size([64])
stage3.1.branches.1.3.conv1.weight : torch.Size([64, 64, 3, 3])
stage3.1.branches.1.3.bn1.weight : torch.Size([64])
stage3.1.branches.1.3.bn1.bias : torch.Size([64])
stage3.1.branches.1.3.conv2.weight : torch.Size([64, 64, 3, 3])
stage3.1.branches.1.3.bn2.weight : torch.Size([64])
stage3.1.branches.1.3.bn2.bias : torch.Size([64])
stage3.1.branches.2.0.conv1.weight : torch.Size([128, 128, 3, 3])
stage3.1.branches.2.0.bn1.weight : torch.Size([128])
stage3.1.branches.2.0.bn1.bias : torch.Size([128])
stage3.1.branches.2.0.conv2.weight : torch.Size([128, 128, 3, 3])
stage3.1.branches.2.0.bn2.weight : torch.Size([128])
stage3.1.branches.2.0.bn2.bias : torch.Size([128])
stage3.1.branches.2.1.conv1.weight : torch.Size([128, 128, 3, 3])
stage3.1.branches.2.1.bn1.weight : torch.Size([128])
stage3.1.branches.2.1.bn1.bias : torch.Size([128])
stage3.1.branches.2.1.conv2.weight : torch.Size([128, 128, 3, 3])
stage3.1.branches.2.1.bn2.weight : torch.Size([128])
stage3.1.branches.2.1.bn2.bias : torch.Size([128])
stage3.1.branches.2.2.conv1.weight : torch.Size([128, 128, 3, 3])
stage3.1.branches.2.2.bn1.weight : torch.Size([128])
stage3.1.branches.2.2.bn1.bias : torch.Size([128])
stage3.1.branches.2.2.conv2.weight : torch.Size([128, 128, 3, 3])
stage3.1.branches.2.2.bn2.weight : torch.Size([128])
stage3.1.branches.2.2.bn2.bias : torch.Size([128])
stage3.1.branches.2.3.conv1.weight : torch.Size([128, 128, 3, 3])
stage3.1.branches.2.3.bn1.weight : torch.Size([128])
stage3.1.branches.2.3.bn1.bias : torch.Size([128])
stage3.1.branches.2.3.conv2.weight : torch.Size([128, 128, 3, 3])
stage3.1.branches.2.3.bn2.weight : torch.Size([128])
stage3.1.branches.2.3.bn2.bias : torch.Size([128])
stage3.1.fuse_layers.0.1.0.weight : torch.Size([32, 64, 1, 1])
stage3.1.fuse_layers.0.1.1.weight : torch.Size([32])
stage3.1.fuse_layers.0.1.1.bias : torch.Size([32])
stage3.1.fuse_layers.0.2.0.weight : torch.Size([32, 128, 1, 1])
stage3.1.fuse_layers.0.2.1.weight : torch.Size([32])
stage3.1.fuse_layers.0.2.1.bias : torch.Size([32])
stage3.1.fuse_layers.1.0.0.0.weight : torch.Size([64, 32, 3, 3])
stage3.1.fuse_layers.1.0.0.1.weight : torch.Size([64])
stage3.1.fuse_layers.1.0.0.1.bias : torch.Size([64])
stage3.1.fuse_layers.1.2.0.weight : torch.Size([64, 128, 1, 1])
stage3.1.fuse_layers.1.2.1.weight : torch.Size([64])
stage3.1.fuse_layers.1.2.1.bias : torch.Size([64])
stage3.1.fuse_layers.2.0.0.0.weight : torch.Size([32, 32, 3, 3])
stage3.1.fuse_layers.2.0.0.1.weight : torch.Size([32])
stage3.1.fuse_layers.2.0.0.1.bias : torch.Size([32])
stage3.1.fuse_layers.2.0.1.0.weight : torch.Size([128, 32, 3, 3])
stage3.1.fuse_layers.2.0.1.1.weight : torch.Size([128])
stage3.1.fuse_layers.2.0.1.1.bias : torch.Size([128])
stage3.1.fuse_layers.2.1.0.0.weight : torch.Size([128, 64, 3, 3])
stage3.1.fuse_layers.2.1.0.1.weight : torch.Size([128])
stage3.1.fuse_layers.2.1.0.1.bias : torch.Size([128])
stage3.2.branches.0.0.conv1.weight : torch.Size([32, 32, 3, 3])
stage3.2.branches.0.0.bn1.weight : torch.Size([32])
stage3.2.branches.0.0.bn1.bias : torch.Size([32])
stage3.2.branches.0.0.conv2.weight : torch.Size([32, 32, 3, 3])
stage3.2.branches.0.0.bn2.weight : torch.Size([32])
stage3.2.branches.0.0.bn2.bias : torch.Size([32])
stage3.2.branches.0.1.conv1.weight : torch.Size([32, 32, 3, 3])
stage3.2.branches.0.1.bn1.weight : torch.Size([32])
stage3.2.branches.0.1.bn1.bias : torch.Size([32])
stage3.2.branches.0.1.conv2.weight : torch.Size([32, 32, 3, 3])
stage3.2.branches.0.1.bn2.weight : torch.Size([32])
stage3.2.branches.0.1.bn2.bias : torch.Size([32])
stage3.2.branches.0.2.conv1.weight : torch.Size([32, 32, 3, 3])
stage3.2.branches.0.2.bn1.weight : torch.Size([32])
stage3.2.branches.0.2.bn1.bias : torch.Size([32])
stage3.2.branches.0.2.conv2.weight : torch.Size([32, 32, 3, 3])
stage3.2.branches.0.2.bn2.weight : torch.Size([32])
stage3.2.branches.0.2.bn2.bias : torch.Size([32])
stage3.2.branches.0.3.conv1.weight : torch.Size([32, 32, 3, 3])
stage3.2.branches.0.3.bn1.weight : torch.Size([32])
stage3.2.branches.0.3.bn1.bias : torch.Size([32])
stage3.2.branches.0.3.conv2.weight : torch.Size([32, 32, 3, 3])
stage3.2.branches.0.3.bn2.weight : torch.Size([32])
stage3.2.branches.0.3.bn2.bias : torch.Size([32])
stage3.2.branches.1.0.conv1.weight : torch.Size([64, 64, 3, 3])
stage3.2.branches.1.0.bn1.weight : torch.Size([64])
stage3.2.branches.1.0.bn1.bias : torch.Size([64])
stage3.2.branches.1.0.conv2.weight : torch.Size([64, 64, 3, 3])
stage3.2.branches.1.0.bn2.weight : torch.Size([64])
stage3.2.branches.1.0.bn2.bias : torch.Size([64])
stage3.2.branches.1.1.conv1.weight : torch.Size([64, 64, 3, 3])
stage3.2.branches.1.1.bn1.weight : torch.Size([64])
stage3.2.branches.1.1.bn1.bias : torch.Size([64])
stage3.2.branches.1.1.conv2.weight : torch.Size([64, 64, 3, 3])
stage3.2.branches.1.1.bn2.weight : torch.Size([64])
stage3.2.branches.1.1.bn2.bias : torch.Size([64])
stage3.2.branches.1.2.conv1.weight : torch.Size([64, 64, 3, 3])
stage3.2.branches.1.2.bn1.weight : torch.Size([64])
stage3.2.branches.1.2.bn1.bias : torch.Size([64])
stage3.2.branches.1.2.conv2.weight : torch.Size([64, 64, 3, 3])
stage3.2.branches.1.2.bn2.weight : torch.Size([64])
stage3.2.branches.1.2.bn2.bias : torch.Size([64])
stage3.2.branches.1.3.conv1.weight : torch.Size([64, 64, 3, 3])
stage3.2.branches.1.3.bn1.weight : torch.Size([64])
stage3.2.branches.1.3.bn1.bias : torch.Size([64])
stage3.2.branches.1.3.conv2.weight : torch.Size([64, 64, 3, 3])
stage3.2.branches.1.3.bn2.weight : torch.Size([64])
stage3.2.branches.1.3.bn2.bias : torch.Size([64])
stage3.2.branches.2.0.conv1.weight : torch.Size([128, 128, 3, 3])
stage3.2.branches.2.0.bn1.weight : torch.Size([128])
stage3.2.branches.2.0.bn1.bias : torch.Size([128])
stage3.2.branches.2.0.conv2.weight : torch.Size([128, 128, 3, 3])
stage3.2.branches.2.0.bn2.weight : torch.Size([128])
stage3.2.branches.2.0.bn2.bias : torch.Size([128])
stage3.2.branches.2.1.conv1.weight : torch.Size([128, 128, 3, 3])
stage3.2.branches.2.1.bn1.weight : torch.Size([128])
stage3.2.branches.2.1.bn1.bias : torch.Size([128])
stage3.2.branches.2.1.conv2.weight : torch.Size([128, 128, 3, 3])
stage3.2.branches.2.1.bn2.weight : torch.Size([128])
stage3.2.branches.2.1.bn2.bias : torch.Size([128])
stage3.2.branches.2.2.conv1.weight : torch.Size([128, 128, 3, 3])
stage3.2.branches.2.2.bn1.weight : torch.Size([128])
stage3.2.branches.2.2.bn1.bias : torch.Size([128])
stage3.2.branches.2.2.conv2.weight : torch.Size([128, 128, 3, 3])
stage3.2.branches.2.2.bn2.weight : torch.Size([128])
stage3.2.branches.2.2.bn2.bias : torch.Size([128])
stage3.2.branches.2.3.conv1.weight : torch.Size([128, 128, 3, 3])
stage3.2.branches.2.3.bn1.weight : torch.Size([128])
stage3.2.branches.2.3.bn1.bias : torch.Size([128])
stage3.2.branches.2.3.conv2.weight : torch.Size([128, 128, 3, 3])
stage3.2.branches.2.3.bn2.weight : torch.Size([128])
stage3.2.branches.2.3.bn2.bias : torch.Size([128])
stage3.2.fuse_layers.0.1.0.weight : torch.Size([32, 64, 1, 1])
stage3.2.fuse_layers.0.1.1.weight : torch.Size([32])
stage3.2.fuse_layers.0.1.1.bias : torch.Size([32])
stage3.2.fuse_layers.0.2.0.weight : torch.Size([32, 128, 1, 1])
stage3.2.fuse_layers.0.2.1.weight : torch.Size([32])
stage3.2.fuse_layers.0.2.1.bias : torch.Size([32])
stage3.2.fuse_layers.1.0.0.0.weight : torch.Size([64, 32, 3, 3])
stage3.2.fuse_layers.1.0.0.1.weight : torch.Size([64])
stage3.2.fuse_layers.1.0.0.1.bias : torch.Size([64])
stage3.2.fuse_layers.1.2.0.weight : torch.Size([64, 128, 1, 1])
stage3.2.fuse_layers.1.2.1.weight : torch.Size([64])
stage3.2.fuse_layers.1.2.1.bias : torch.Size([64])
stage3.2.fuse_layers.2.0.0.0.weight : torch.Size([32, 32, 3, 3])
stage3.2.fuse_layers.2.0.0.1.weight : torch.Size([32])
stage3.2.fuse_layers.2.0.0.1.bias : torch.Size([32])
stage3.2.fuse_layers.2.0.1.0.weight : torch.Size([128, 32, 3, 3])
stage3.2.fuse_layers.2.0.1.1.weight : torch.Size([128])
stage3.2.fuse_layers.2.0.1.1.bias : torch.Size([128])
stage3.2.fuse_layers.2.1.0.0.weight : torch.Size([128, 64, 3, 3])
stage3.2.fuse_layers.2.1.0.1.weight : torch.Size([128])
stage3.2.fuse_layers.2.1.0.1.bias : torch.Size([128])
stage3.3.branches.0.0.conv1.weight : torch.Size([32, 32, 3, 3])
stage3.3.branches.0.0.bn1.weight : torch.Size([32])
stage3.3.branches.0.0.bn1.bias : torch.Size([32])
stage3.3.branches.0.0.conv2.weight : torch.Size([32, 32, 3, 3])
stage3.3.branches.0.0.bn2.weight : torch.Size([32])
stage3.3.branches.0.0.bn2.bias : torch.Size([32])
stage3.3.branches.0.1.conv1.weight : torch.Size([32, 32, 3, 3])
stage3.3.branches.0.1.bn1.weight : torch.Size([32])
stage3.3.branches.0.1.bn1.bias : torch.Size([32])
stage3.3.branches.0.1.conv2.weight : torch.Size([32, 32, 3, 3])
stage3.3.branches.0.1.bn2.weight : torch.Size([32])
stage3.3.branches.0.1.bn2.bias : torch.Size([32])
stage3.3.branches.0.2.conv1.weight : torch.Size([32, 32, 3, 3])
stage3.3.branches.0.2.bn1.weight : torch.Size([32])
stage3.3.branches.0.2.bn1.bias : torch.Size([32])
stage3.3.branches.0.2.conv2.weight : torch.Size([32, 32, 3, 3])
stage3.3.branches.0.2.bn2.weight : torch.Size([32])
stage3.3.branches.0.2.bn2.bias : torch.Size([32])
stage3.3.branches.0.3.conv1.weight : torch.Size([32, 32, 3, 3])
stage3.3.branches.0.3.bn1.weight : torch.Size([32])
stage3.3.branches.0.3.bn1.bias : torch.Size([32])
stage3.3.branches.0.3.conv2.weight : torch.Size([32, 32, 3, 3])
stage3.3.branches.0.3.bn2.weight : torch.Size([32])
stage3.3.branches.0.3.bn2.bias : torch.Size([32])
stage3.3.branches.1.0.conv1.weight : torch.Size([64, 64, 3, 3])
stage3.3.branches.1.0.bn1.weight : torch.Size([64])
stage3.3.branches.1.0.bn1.bias : torch.Size([64])
stage3.3.branches.1.0.conv2.weight : torch.Size([64, 64, 3, 3])
stage3.3.branches.1.0.bn2.weight : torch.Size([64])
stage3.3.branches.1.0.bn2.bias : torch.Size([64])
stage3.3.branches.1.1.conv1.weight : torch.Size([64, 64, 3, 3])
stage3.3.branches.1.1.bn1.weight : torch.Size([64])
stage3.3.branches.1.1.bn1.bias : torch.Size([64])
stage3.3.branches.1.1.conv2.weight : torch.Size([64, 64, 3, 3])
stage3.3.branches.1.1.bn2.weight : torch.Size([64])
stage3.3.branches.1.1.bn2.bias : torch.Size([64])
stage3.3.branches.1.2.conv1.weight : torch.Size([64, 64, 3, 3])
stage3.3.branches.1.2.bn1.weight : torch.Size([64])
stage3.3.branches.1.2.bn1.bias : torch.Size([64])
stage3.3.branches.1.2.conv2.weight : torch.Size([64, 64, 3, 3])
stage3.3.branches.1.2.bn2.weight : torch.Size([64])
stage3.3.branches.1.2.bn2.bias : torch.Size([64])
stage3.3.branches.1.3.conv1.weight : torch.Size([64, 64, 3, 3])
stage3.3.branches.1.3.bn1.weight : torch.Size([64])
stage3.3.branches.1.3.bn1.bias : torch.Size([64])
stage3.3.branches.1.3.conv2.weight : torch.Size([64, 64, 3, 3])
stage3.3.branches.1.3.bn2.weight : torch.Size([64])
stage3.3.branches.1.3.bn2.bias : torch.Size([64])
stage3.3.branches.2.0.conv1.weight : torch.Size([128, 128, 3, 3])
stage3.3.branches.2.0.bn1.weight : torch.Size([128])
stage3.3.branches.2.0.bn1.bias : torch.Size([128])
stage3.3.branches.2.0.conv2.weight : torch.Size([128, 128, 3, 3])
stage3.3.branches.2.0.bn2.weight : torch.Size([128])
stage3.3.branches.2.0.bn2.bias : torch.Size([128])
stage3.3.branches.2.1.conv1.weight : torch.Size([128, 128, 3, 3])
stage3.3.branches.2.1.bn1.weight : torch.Size([128])
stage3.3.branches.2.1.bn1.bias : torch.Size([128])
stage3.3.branches.2.1.conv2.weight : torch.Size([128, 128, 3, 3])
stage3.3.branches.2.1.bn2.weight : torch.Size([128])
stage3.3.branches.2.1.bn2.bias : torch.Size([128])
stage3.3.branches.2.2.conv1.weight : torch.Size([128, 128, 3, 3])
stage3.3.branches.2.2.bn1.weight : torch.Size([128])
stage3.3.branches.2.2.bn1.bias : torch.Size([128])
stage3.3.branches.2.2.conv2.weight : torch.Size([128, 128, 3, 3])
stage3.3.branches.2.2.bn2.weight : torch.Size([128])
stage3.3.branches.2.2.bn2.bias : torch.Size([128])
stage3.3.branches.2.3.conv1.weight : torch.Size([128, 128, 3, 3])
stage3.3.branches.2.3.bn1.weight : torch.Size([128])
stage3.3.branches.2.3.bn1.bias : torch.Size([128])
stage3.3.branches.2.3.conv2.weight : torch.Size([128, 128, 3, 3])
stage3.3.branches.2.3.bn2.weight : torch.Size([128])
stage3.3.branches.2.3.bn2.bias : torch.Size([128])
stage3.3.fuse_layers.0.1.0.weight : torch.Size([32, 64, 1, 1])
stage3.3.fuse_layers.0.1.1.weight : torch.Size([32])
stage3.3.fuse_layers.0.1.1.bias : torch.Size([32])
stage3.3.fuse_layers.0.2.0.weight : torch.Size([32, 128, 1, 1])
stage3.3.fuse_layers.0.2.1.weight : torch.Size([32])
stage3.3.fuse_layers.0.2.1.bias : torch.Size([32])
stage3.3.fuse_layers.1.0.0.0.weight : torch.Size([64, 32, 3, 3])
stage3.3.fuse_layers.1.0.0.1.weight : torch.Size([64])
stage3.3.fuse_layers.1.0.0.1.bias : torch.Size([64])
stage3.3.fuse_layers.1.2.0.weight : torch.Size([64, 128, 1, 1])
stage3.3.fuse_layers.1.2.1.weight : torch.Size([64])
stage3.3.fuse_layers.1.2.1.bias : torch.Size([64])
stage3.3.fuse_layers.2.0.0.0.weight : torch.Size([32, 32, 3, 3])
stage3.3.fuse_layers.2.0.0.1.weight : torch.Size([32])
stage3.3.fuse_layers.2.0.0.1.bias : torch.Size([32])
stage3.3.fuse_layers.2.0.1.0.weight : torch.Size([128, 32, 3, 3])
stage3.3.fuse_layers.2.0.1.1.weight : torch.Size([128])
stage3.3.fuse_layers.2.0.1.1.bias : torch.Size([128])
stage3.3.fuse_layers.2.1.0.0.weight : torch.Size([128, 64, 3, 3])
stage3.3.fuse_layers.2.1.0.1.weight : torch.Size([128])
stage3.3.fuse_layers.2.1.0.1.bias : torch.Size([128])
transition3.3.0.0.weight : torch.Size([256, 128, 3, 3])
transition3.3.0.1.weight : torch.Size([256])
transition3.3.0.1.bias : torch.Size([256])
stage4.0.branches.0.0.conv1.weight : torch.Size([32, 32, 3, 3])
stage4.0.branches.0.0.bn1.weight : torch.Size([32])
stage4.0.branches.0.0.bn1.bias : torch.Size([32])
stage4.0.branches.0.0.conv2.weight : torch.Size([32, 32, 3, 3])
stage4.0.branches.0.0.bn2.weight : torch.Size([32])
stage4.0.branches.0.0.bn2.bias : torch.Size([32])
stage4.0.branches.0.1.conv1.weight : torch.Size([32, 32, 3, 3])
stage4.0.branches.0.1.bn1.weight : torch.Size([32])
stage4.0.branches.0.1.bn1.bias : torch.Size([32])
stage4.0.branches.0.1.conv2.weight : torch.Size([32, 32, 3, 3])
stage4.0.branches.0.1.bn2.weight : torch.Size([32])
stage4.0.branches.0.1.bn2.bias : torch.Size([32])
stage4.0.branches.0.2.conv1.weight : torch.Size([32, 32, 3, 3])
stage4.0.branches.0.2.bn1.weight : torch.Size([32])
stage4.0.branches.0.2.bn1.bias : torch.Size([32])
stage4.0.branches.0.2.conv2.weight : torch.Size([32, 32, 3, 3])
stage4.0.branches.0.2.bn2.weight : torch.Size([32])
stage4.0.branches.0.2.bn2.bias : torch.Size([32])
stage4.0.branches.0.3.conv1.weight : torch.Size([32, 32, 3, 3])
stage4.0.branches.0.3.bn1.weight : torch.Size([32])
stage4.0.branches.0.3.bn1.bias : torch.Size([32])
stage4.0.branches.0.3.conv2.weight : torch.Size([32, 32, 3, 3])
stage4.0.branches.0.3.bn2.weight : torch.Size([32])
stage4.0.branches.0.3.bn2.bias : torch.Size([32])
stage4.0.branches.1.0.conv1.weight : torch.Size([64, 64, 3, 3])
stage4.0.branches.1.0.bn1.weight : torch.Size([64])
stage4.0.branches.1.0.bn1.bias : torch.Size([64])
stage4.0.branches.1.0.conv2.weight : torch.Size([64, 64, 3, 3])
stage4.0.branches.1.0.bn2.weight : torch.Size([64])
stage4.0.branches.1.0.bn2.bias : torch.Size([64])
stage4.0.branches.1.1.conv1.weight : torch.Size([64, 64, 3, 3])
stage4.0.branches.1.1.bn1.weight : torch.Size([64])
stage4.0.branches.1.1.bn1.bias : torch.Size([64])
stage4.0.branches.1.1.conv2.weight : torch.Size([64, 64, 3, 3])
stage4.0.branches.1.1.bn2.weight : torch.Size([64])
stage4.0.branches.1.1.bn2.bias : torch.Size([64])
stage4.0.branches.1.2.conv1.weight : torch.Size([64, 64, 3, 3])
stage4.0.branches.1.2.bn1.weight : torch.Size([64])
stage4.0.branches.1.2.bn1.bias : torch.Size([64])
stage4.0.branches.1.2.conv2.weight : torch.Size([64, 64, 3, 3])
stage4.0.branches.1.2.bn2.weight : torch.Size([64])
stage4.0.branches.1.2.bn2.bias : torch.Size([64])
stage4.0.branches.1.3.conv1.weight : torch.Size([64, 64, 3, 3])
stage4.0.branches.1.3.bn1.weight : torch.Size([64])
stage4.0.branches.1.3.bn1.bias : torch.Size([64])
stage4.0.branches.1.3.conv2.weight : torch.Size([64, 64, 3, 3])
stage4.0.branches.1.3.bn2.weight : torch.Size([64])
stage4.0.branches.1.3.bn2.bias : torch.Size([64])
stage4.0.branches.2.0.conv1.weight : torch.Size([128, 128, 3, 3])
stage4.0.branches.2.0.bn1.weight : torch.Size([128])
stage4.0.branches.2.0.bn1.bias : torch.Size([128])
stage4.0.branches.2.0.conv2.weight : torch.Size([128, 128, 3, 3])
stage4.0.branches.2.0.bn2.weight : torch.Size([128])
stage4.0.branches.2.0.bn2.bias : torch.Size([128])
stage4.0.branches.2.1.conv1.weight : torch.Size([128, 128, 3, 3])
stage4.0.branches.2.1.bn1.weight : torch.Size([128])
stage4.0.branches.2.1.bn1.bias : torch.Size([128])
stage4.0.branches.2.1.conv2.weight : torch.Size([128, 128, 3, 3])
stage4.0.branches.2.1.bn2.weight : torch.Size([128])
stage4.0.branches.2.1.bn2.bias : torch.Size([128])
stage4.0.branches.2.2.conv1.weight : torch.Size([128, 128, 3, 3])
stage4.0.branches.2.2.bn1.weight : torch.Size([128])
stage4.0.branches.2.2.bn1.bias : torch.Size([128])
stage4.0.branches.2.2.conv2.weight : torch.Size([128, 128, 3, 3])
stage4.0.branches.2.2.bn2.weight : torch.Size([128])
stage4.0.branches.2.2.bn2.bias : torch.Size([128])
stage4.0.branches.2.3.conv1.weight : torch.Size([128, 128, 3, 3])
stage4.0.branches.2.3.bn1.weight : torch.Size([128])
stage4.0.branches.2.3.bn1.bias : torch.Size([128])
stage4.0.branches.2.3.conv2.weight : torch.Size([128, 128, 3, 3])
stage4.0.branches.2.3.bn2.weight : torch.Size([128])
stage4.0.branches.2.3.bn2.bias : torch.Size([128])
stage4.0.branches.3.0.conv1.weight : torch.Size([256, 256, 3, 3])
stage4.0.branches.3.0.bn1.weight : torch.Size([256])
stage4.0.branches.3.0.bn1.bias : torch.Size([256])
stage4.0.branches.3.0.conv2.weight : torch.Size([256, 256, 3, 3])
stage4.0.branches.3.0.bn2.weight : torch.Size([256])
stage4.0.branches.3.0.bn2.bias : torch.Size([256])
stage4.0.branches.3.1.conv1.weight : torch.Size([256, 256, 3, 3])
stage4.0.branches.3.1.bn1.weight : torch.Size([256])
stage4.0.branches.3.1.bn1.bias : torch.Size([256])
stage4.0.branches.3.1.conv2.weight : torch.Size([256, 256, 3, 3])
stage4.0.branches.3.1.bn2.weight : torch.Size([256])
stage4.0.branches.3.1.bn2.bias : torch.Size([256])
stage4.0.branches.3.2.conv1.weight : torch.Size([256, 256, 3, 3])
stage4.0.branches.3.2.bn1.weight : torch.Size([256])
stage4.0.branches.3.2.bn1.bias : torch.Size([256])
stage4.0.branches.3.2.conv2.weight : torch.Size([256, 256, 3, 3])
stage4.0.branches.3.2.bn2.weight : torch.Size([256])
stage4.0.branches.3.2.bn2.bias : torch.Size([256])
stage4.0.branches.3.3.conv1.weight : torch.Size([256, 256, 3, 3])
stage4.0.branches.3.3.bn1.weight : torch.Size([256])
stage4.0.branches.3.3.bn1.bias : torch.Size([256])
stage4.0.branches.3.3.conv2.weight : torch.Size([256, 256, 3, 3])
stage4.0.branches.3.3.bn2.weight : torch.Size([256])
stage4.0.branches.3.3.bn2.bias : torch.Size([256])
stage4.0.fuse_layers.0.1.0.weight : torch.Size([32, 64, 1, 1])
stage4.0.fuse_layers.0.1.1.weight : torch.Size([32])
stage4.0.fuse_layers.0.1.1.bias : torch.Size([32])
stage4.0.fuse_layers.0.2.0.weight : torch.Size([32, 128, 1, 1])
stage4.0.fuse_layers.0.2.1.weight : torch.Size([32])
stage4.0.fuse_layers.0.2.1.bias : torch.Size([32])
stage4.0.fuse_layers.0.3.0.weight : torch.Size([32, 256, 1, 1])
stage4.0.fuse_layers.0.3.1.weight : torch.Size([32])
stage4.0.fuse_layers.0.3.1.bias : torch.Size([32])
stage4.0.fuse_layers.1.0.0.0.weight : torch.Size([64, 32, 3, 3])
stage4.0.fuse_layers.1.0.0.1.weight : torch.Size([64])
stage4.0.fuse_layers.1.0.0.1.bias : torch.Size([64])
stage4.0.fuse_layers.1.2.0.weight : torch.Size([64, 128, 1, 1])
stage4.0.fuse_layers.1.2.1.weight : torch.Size([64])
stage4.0.fuse_layers.1.2.1.bias : torch.Size([64])
stage4.0.fuse_layers.1.3.0.weight : torch.Size([64, 256, 1, 1])
stage4.0.fuse_layers.1.3.1.weight : torch.Size([64])
stage4.0.fuse_layers.1.3.1.bias : torch.Size([64])
stage4.0.fuse_layers.2.0.0.0.weight : torch.Size([32, 32, 3, 3])
stage4.0.fuse_layers.2.0.0.1.weight : torch.Size([32])
stage4.0.fuse_layers.2.0.0.1.bias : torch.Size([32])
stage4.0.fuse_layers.2.0.1.0.weight : torch.Size([128, 32, 3, 3])
stage4.0.fuse_layers.2.0.1.1.weight : torch.Size([128])
stage4.0.fuse_layers.2.0.1.1.bias : torch.Size([128])
stage4.0.fuse_layers.2.1.0.0.weight : torch.Size([128, 64, 3, 3])
stage4.0.fuse_layers.2.1.0.1.weight : torch.Size([128])
stage4.0.fuse_layers.2.1.0.1.bias : torch.Size([128])
stage4.0.fuse_layers.2.3.0.weight : torch.Size([128, 256, 1, 1])
stage4.0.fuse_layers.2.3.1.weight : torch.Size([128])
stage4.0.fuse_layers.2.3.1.bias : torch.Size([128])
stage4.0.fuse_layers.3.0.0.0.weight : torch.Size([32, 32, 3, 3])
stage4.0.fuse_layers.3.0.0.1.weight : torch.Size([32])
stage4.0.fuse_layers.3.0.0.1.bias : torch.Size([32])
stage4.0.fuse_layers.3.0.1.0.weight : torch.Size([32, 32, 3, 3])
stage4.0.fuse_layers.3.0.1.1.weight : torch.Size([32])
stage4.0.fuse_layers.3.0.1.1.bias : torch.Size([32])
stage4.0.fuse_layers.3.0.2.0.weight : torch.Size([256, 32, 3, 3])
stage4.0.fuse_layers.3.0.2.1.weight : torch.Size([256])
stage4.0.fuse_layers.3.0.2.1.bias : torch.Size([256])
stage4.0.fuse_layers.3.1.0.0.weight : torch.Size([64, 64, 3, 3])
stage4.0.fuse_layers.3.1.0.1.weight : torch.Size([64])
stage4.0.fuse_layers.3.1.0.1.bias : torch.Size([64])
stage4.0.fuse_layers.3.1.1.0.weight : torch.Size([256, 64, 3, 3])
stage4.0.fuse_layers.3.1.1.1.weight : torch.Size([256])
stage4.0.fuse_layers.3.1.1.1.bias : torch.Size([256])
stage4.0.fuse_layers.3.2.0.0.weight : torch.Size([256, 128, 3, 3])
stage4.0.fuse_layers.3.2.0.1.weight : torch.Size([256])
stage4.0.fuse_layers.3.2.0.1.bias : torch.Size([256])
stage4.1.branches.0.0.conv1.weight : torch.Size([32, 32, 3, 3])
stage4.1.branches.0.0.bn1.weight : torch.Size([32])
stage4.1.branches.0.0.bn1.bias : torch.Size([32])
stage4.1.branches.0.0.conv2.weight : torch.Size([32, 32, 3, 3])
stage4.1.branches.0.0.bn2.weight : torch.Size([32])
stage4.1.branches.0.0.bn2.bias : torch.Size([32])
stage4.1.branches.0.1.conv1.weight : torch.Size([32, 32, 3, 3])
stage4.1.branches.0.1.bn1.weight : torch.Size([32])
stage4.1.branches.0.1.bn1.bias : torch.Size([32])
stage4.1.branches.0.1.conv2.weight : torch.Size([32, 32, 3, 3])
stage4.1.branches.0.1.bn2.weight : torch.Size([32])
stage4.1.branches.0.1.bn2.bias : torch.Size([32])
stage4.1.branches.0.2.conv1.weight : torch.Size([32, 32, 3, 3])
stage4.1.branches.0.2.bn1.weight : torch.Size([32])
stage4.1.branches.0.2.bn1.bias : torch.Size([32])
stage4.1.branches.0.2.conv2.weight : torch.Size([32, 32, 3, 3])
stage4.1.branches.0.2.bn2.weight : torch.Size([32])
stage4.1.branches.0.2.bn2.bias : torch.Size([32])
stage4.1.branches.0.3.conv1.weight : torch.Size([32, 32, 3, 3])
stage4.1.branches.0.3.bn1.weight : torch.Size([32])
stage4.1.branches.0.3.bn1.bias : torch.Size([32])
stage4.1.branches.0.3.conv2.weight : torch.Size([32, 32, 3, 3])
stage4.1.branches.0.3.bn2.weight : torch.Size([32])
stage4.1.branches.0.3.bn2.bias : torch.Size([32])
stage4.1.branches.1.0.conv1.weight : torch.Size([64, 64, 3, 3])
stage4.1.branches.1.0.bn1.weight : torch.Size([64])
stage4.1.branches.1.0.bn1.bias : torch.Size([64])
stage4.1.branches.1.0.conv2.weight : torch.Size([64, 64, 3, 3])
stage4.1.branches.1.0.bn2.weight : torch.Size([64])
stage4.1.branches.1.0.bn2.bias : torch.Size([64])
stage4.1.branches.1.1.conv1.weight : torch.Size([64, 64, 3, 3])
stage4.1.branches.1.1.bn1.weight : torch.Size([64])
stage4.1.branches.1.1.bn1.bias : torch.Size([64])
stage4.1.branches.1.1.conv2.weight : torch.Size([64, 64, 3, 3])
stage4.1.branches.1.1.bn2.weight : torch.Size([64])
stage4.1.branches.1.1.bn2.bias : torch.Size([64])
stage4.1.branches.1.2.conv1.weight : torch.Size([64, 64, 3, 3])
stage4.1.branches.1.2.bn1.weight : torch.Size([64])
stage4.1.branches.1.2.bn1.bias : torch.Size([64])
stage4.1.branches.1.2.conv2.weight : torch.Size([64, 64, 3, 3])
stage4.1.branches.1.2.bn2.weight : torch.Size([64])
stage4.1.branches.1.2.bn2.bias : torch.Size([64])
stage4.1.branches.1.3.conv1.weight : torch.Size([64, 64, 3, 3])
stage4.1.branches.1.3.bn1.weight : torch.Size([64])
stage4.1.branches.1.3.bn1.bias : torch.Size([64])
stage4.1.branches.1.3.conv2.weight : torch.Size([64, 64, 3, 3])
stage4.1.branches.1.3.bn2.weight : torch.Size([64])
stage4.1.branches.1.3.bn2.bias : torch.Size([64])
stage4.1.branches.2.0.conv1.weight : torch.Size([128, 128, 3, 3])
stage4.1.branches.2.0.bn1.weight : torch.Size([128])
stage4.1.branches.2.0.bn1.bias : torch.Size([128])
stage4.1.branches.2.0.conv2.weight : torch.Size([128, 128, 3, 3])
stage4.1.branches.2.0.bn2.weight : torch.Size([128])
stage4.1.branches.2.0.bn2.bias : torch.Size([128])
stage4.1.branches.2.1.conv1.weight : torch.Size([128, 128, 3, 3])
stage4.1.branches.2.1.bn1.weight : torch.Size([128])
stage4.1.branches.2.1.bn1.bias : torch.Size([128])
stage4.1.branches.2.1.conv2.weight : torch.Size([128, 128, 3, 3])
stage4.1.branches.2.1.bn2.weight : torch.Size([128])
stage4.1.branches.2.1.bn2.bias : torch.Size([128])
stage4.1.branches.2.2.conv1.weight : torch.Size([128, 128, 3, 3])
stage4.1.branches.2.2.bn1.weight : torch.Size([128])
stage4.1.branches.2.2.bn1.bias : torch.Size([128])
stage4.1.branches.2.2.conv2.weight : torch.Size([128, 128, 3, 3])
stage4.1.branches.2.2.bn2.weight : torch.Size([128])
stage4.1.branches.2.2.bn2.bias : torch.Size([128])
stage4.1.branches.2.3.conv1.weight : torch.Size([128, 128, 3, 3])
stage4.1.branches.2.3.bn1.weight : torch.Size([128])
stage4.1.branches.2.3.bn1.bias : torch.Size([128])
stage4.1.branches.2.3.conv2.weight : torch.Size([128, 128, 3, 3])
stage4.1.branches.2.3.bn2.weight : torch.Size([128])
stage4.1.branches.2.3.bn2.bias : torch.Size([128])
stage4.1.branches.3.0.conv1.weight : torch.Size([256, 256, 3, 3])
stage4.1.branches.3.0.bn1.weight : torch.Size([256])
stage4.1.branches.3.0.bn1.bias : torch.Size([256])
stage4.1.branches.3.0.conv2.weight : torch.Size([256, 256, 3, 3])
stage4.1.branches.3.0.bn2.weight : torch.Size([256])
stage4.1.branches.3.0.bn2.bias : torch.Size([256])
stage4.1.branches.3.1.conv1.weight : torch.Size([256, 256, 3, 3])
stage4.1.branches.3.1.bn1.weight : torch.Size([256])
stage4.1.branches.3.1.bn1.bias : torch.Size([256])
stage4.1.branches.3.1.conv2.weight : torch.Size([256, 256, 3, 3])
stage4.1.branches.3.1.bn2.weight : torch.Size([256])
stage4.1.branches.3.1.bn2.bias : torch.Size([256])
stage4.1.branches.3.2.conv1.weight : torch.Size([256, 256, 3, 3])
stage4.1.branches.3.2.bn1.weight : torch.Size([256])
stage4.1.branches.3.2.bn1.bias : torch.Size([256])
stage4.1.branches.3.2.conv2.weight : torch.Size([256, 256, 3, 3])
stage4.1.branches.3.2.bn2.weight : torch.Size([256])
stage4.1.branches.3.2.bn2.bias : torch.Size([256])
stage4.1.branches.3.3.conv1.weight : torch.Size([256, 256, 3, 3])
stage4.1.branches.3.3.bn1.weight : torch.Size([256])
stage4.1.branches.3.3.bn1.bias : torch.Size([256])
stage4.1.branches.3.3.conv2.weight : torch.Size([256, 256, 3, 3])
stage4.1.branches.3.3.bn2.weight : torch.Size([256])
stage4.1.branches.3.3.bn2.bias : torch.Size([256])
stage4.1.fuse_layers.0.1.0.weight : torch.Size([32, 64, 1, 1])
stage4.1.fuse_layers.0.1.1.weight : torch.Size([32])
stage4.1.fuse_layers.0.1.1.bias : torch.Size([32])
stage4.1.fuse_layers.0.2.0.weight : torch.Size([32, 128, 1, 1])
stage4.1.fuse_layers.0.2.1.weight : torch.Size([32])
stage4.1.fuse_layers.0.2.1.bias : torch.Size([32])
stage4.1.fuse_layers.0.3.0.weight : torch.Size([32, 256, 1, 1])
stage4.1.fuse_layers.0.3.1.weight : torch.Size([32])
stage4.1.fuse_layers.0.3.1.bias : torch.Size([32])
stage4.1.fuse_layers.1.0.0.0.weight : torch.Size([64, 32, 3, 3])
stage4.1.fuse_layers.1.0.0.1.weight : torch.Size([64])
stage4.1.fuse_layers.1.0.0.1.bias : torch.Size([64])
stage4.1.fuse_layers.1.2.0.weight : torch.Size([64, 128, 1, 1])
stage4.1.fuse_layers.1.2.1.weight : torch.Size([64])
stage4.1.fuse_layers.1.2.1.bias : torch.Size([64])
stage4.1.fuse_layers.1.3.0.weight : torch.Size([64, 256, 1, 1])
stage4.1.fuse_layers.1.3.1.weight : torch.Size([64])
stage4.1.fuse_layers.1.3.1.bias : torch.Size([64])
stage4.1.fuse_layers.2.0.0.0.weight : torch.Size([32, 32, 3, 3])
stage4.1.fuse_layers.2.0.0.1.weight : torch.Size([32])
stage4.1.fuse_layers.2.0.0.1.bias : torch.Size([32])
stage4.1.fuse_layers.2.0.1.0.weight : torch.Size([128, 32, 3, 3])
stage4.1.fuse_layers.2.0.1.1.weight : torch.Size([128])
stage4.1.fuse_layers.2.0.1.1.bias : torch.Size([128])
stage4.1.fuse_layers.2.1.0.0.weight : torch.Size([128, 64, 3, 3])
stage4.1.fuse_layers.2.1.0.1.weight : torch.Size([128])
stage4.1.fuse_layers.2.1.0.1.bias : torch.Size([128])
stage4.1.fuse_layers.2.3.0.weight : torch.Size([128, 256, 1, 1])
stage4.1.fuse_layers.2.3.1.weight : torch.Size([128])
stage4.1.fuse_layers.2.3.1.bias : torch.Size([128])
stage4.1.fuse_layers.3.0.0.0.weight : torch.Size([32, 32, 3, 3])
stage4.1.fuse_layers.3.0.0.1.weight : torch.Size([32])
stage4.1.fuse_layers.3.0.0.1.bias : torch.Size([32])
stage4.1.fuse_layers.3.0.1.0.weight : torch.Size([32, 32, 3, 3])
stage4.1.fuse_layers.3.0.1.1.weight : torch.Size([32])
stage4.1.fuse_layers.3.0.1.1.bias : torch.Size([32])
stage4.1.fuse_layers.3.0.2.0.weight : torch.Size([256, 32, 3, 3])
stage4.1.fuse_layers.3.0.2.1.weight : torch.Size([256])
stage4.1.fuse_layers.3.0.2.1.bias : torch.Size([256])
stage4.1.fuse_layers.3.1.0.0.weight : torch.Size([64, 64, 3, 3])
stage4.1.fuse_layers.3.1.0.1.weight : torch.Size([64])
stage4.1.fuse_layers.3.1.0.1.bias : torch.Size([64])
stage4.1.fuse_layers.3.1.1.0.weight : torch.Size([256, 64, 3, 3])
stage4.1.fuse_layers.3.1.1.1.weight : torch.Size([256])
stage4.1.fuse_layers.3.1.1.1.bias : torch.Size([256])
stage4.1.fuse_layers.3.2.0.0.weight : torch.Size([256, 128, 3, 3])
stage4.1.fuse_layers.3.2.0.1.weight : torch.Size([256])
stage4.1.fuse_layers.3.2.0.1.bias : torch.Size([256])
stage4.2.branches.0.0.conv1.weight : torch.Size([32, 32, 3, 3])
stage4.2.branches.0.0.bn1.weight : torch.Size([32])
stage4.2.branches.0.0.bn1.bias : torch.Size([32])
stage4.2.branches.0.0.conv2.weight : torch.Size([32, 32, 3, 3])
stage4.2.branches.0.0.bn2.weight : torch.Size([32])
stage4.2.branches.0.0.bn2.bias : torch.Size([32])
stage4.2.branches.0.1.conv1.weight : torch.Size([32, 32, 3, 3])
stage4.2.branches.0.1.bn1.weight : torch.Size([32])
stage4.2.branches.0.1.bn1.bias : torch.Size([32])
stage4.2.branches.0.1.conv2.weight : torch.Size([32, 32, 3, 3])
stage4.2.branches.0.1.bn2.weight : torch.Size([32])
stage4.2.branches.0.1.bn2.bias : torch.Size([32])
stage4.2.branches.0.2.conv1.weight : torch.Size([32, 32, 3, 3])
stage4.2.branches.0.2.bn1.weight : torch.Size([32])
stage4.2.branches.0.2.bn1.bias : torch.Size([32])
stage4.2.branches.0.2.conv2.weight : torch.Size([32, 32, 3, 3])
stage4.2.branches.0.2.bn2.weight : torch.Size([32])
stage4.2.branches.0.2.bn2.bias : torch.Size([32])
stage4.2.branches.0.3.conv1.weight : torch.Size([32, 32, 3, 3])
stage4.2.branches.0.3.bn1.weight : torch.Size([32])
stage4.2.branches.0.3.bn1.bias : torch.Size([32])
stage4.2.branches.0.3.conv2.weight : torch.Size([32, 32, 3, 3])
stage4.2.branches.0.3.bn2.weight : torch.Size([32])
stage4.2.branches.0.3.bn2.bias : torch.Size([32])
stage4.2.branches.1.0.conv1.weight : torch.Size([64, 64, 3, 3])
stage4.2.branches.1.0.bn1.weight : torch.Size([64])
stage4.2.branches.1.0.bn1.bias : torch.Size([64])
stage4.2.branches.1.0.conv2.weight : torch.Size([64, 64, 3, 3])
stage4.2.branches.1.0.bn2.weight : torch.Size([64])
stage4.2.branches.1.0.bn2.bias : torch.Size([64])
stage4.2.branches.1.1.conv1.weight : torch.Size([64, 64, 3, 3])
stage4.2.branches.1.1.bn1.weight : torch.Size([64])
stage4.2.branches.1.1.bn1.bias : torch.Size([64])
stage4.2.branches.1.1.conv2.weight : torch.Size([64, 64, 3, 3])
stage4.2.branches.1.1.bn2.weight : torch.Size([64])
stage4.2.branches.1.1.bn2.bias : torch.Size([64])
stage4.2.branches.1.2.conv1.weight : torch.Size([64, 64, 3, 3])
stage4.2.branches.1.2.bn1.weight : torch.Size([64])
stage4.2.branches.1.2.bn1.bias : torch.Size([64])
stage4.2.branches.1.2.conv2.weight : torch.Size([64, 64, 3, 3])
stage4.2.branches.1.2.bn2.weight : torch.Size([64])
stage4.2.branches.1.2.bn2.bias : torch.Size([64])
stage4.2.branches.1.3.conv1.weight : torch.Size([64, 64, 3, 3])
stage4.2.branches.1.3.bn1.weight : torch.Size([64])
stage4.2.branches.1.3.bn1.bias : torch.Size([64])
stage4.2.branches.1.3.conv2.weight : torch.Size([64, 64, 3, 3])
stage4.2.branches.1.3.bn2.weight : torch.Size([64])
stage4.2.branches.1.3.bn2.bias : torch.Size([64])
stage4.2.branches.2.0.conv1.weight : torch.Size([128, 128, 3, 3])
stage4.2.branches.2.0.bn1.weight : torch.Size([128])
stage4.2.branches.2.0.bn1.bias : torch.Size([128])
stage4.2.branches.2.0.conv2.weight : torch.Size([128, 128, 3, 3])
stage4.2.branches.2.0.bn2.weight : torch.Size([128])
stage4.2.branches.2.0.bn2.bias : torch.Size([128])
stage4.2.branches.2.1.conv1.weight : torch.Size([128, 128, 3, 3])
stage4.2.branches.2.1.bn1.weight : torch.Size([128])
stage4.2.branches.2.1.bn1.bias : torch.Size([128])
stage4.2.branches.2.1.conv2.weight : torch.Size([128, 128, 3, 3])
stage4.2.branches.2.1.bn2.weight : torch.Size([128])
stage4.2.branches.2.1.bn2.bias : torch.Size([128])
stage4.2.branches.2.2.conv1.weight : torch.Size([128, 128, 3, 3])
stage4.2.branches.2.2.bn1.weight : torch.Size([128])
stage4.2.branches.2.2.bn1.bias : torch.Size([128])
stage4.2.branches.2.2.conv2.weight : torch.Size([128, 128, 3, 3])
stage4.2.branches.2.2.bn2.weight : torch.Size([128])
stage4.2.branches.2.2.bn2.bias : torch.Size([128])
stage4.2.branches.2.3.conv1.weight : torch.Size([128, 128, 3, 3])
stage4.2.branches.2.3.bn1.weight : torch.Size([128])
stage4.2.branches.2.3.bn1.bias : torch.Size([128])
stage4.2.branches.2.3.conv2.weight : torch.Size([128, 128, 3, 3])
stage4.2.branches.2.3.bn2.weight : torch.Size([128])
stage4.2.branches.2.3.bn2.bias : torch.Size([128])
stage4.2.branches.3.0.conv1.weight : torch.Size([256, 256, 3, 3])
stage4.2.branches.3.0.bn1.weight : torch.Size([256])
stage4.2.branches.3.0.bn1.bias : torch.Size([256])
stage4.2.branches.3.0.conv2.weight : torch.Size([256, 256, 3, 3])
stage4.2.branches.3.0.bn2.weight : torch.Size([256])
stage4.2.branches.3.0.bn2.bias : torch.Size([256])
stage4.2.branches.3.1.conv1.weight : torch.Size([256, 256, 3, 3])
stage4.2.branches.3.1.bn1.weight : torch.Size([256])
stage4.2.branches.3.1.bn1.bias : torch.Size([256])
stage4.2.branches.3.1.conv2.weight : torch.Size([256, 256, 3, 3])
stage4.2.branches.3.1.bn2.weight : torch.Size([256])
stage4.2.branches.3.1.bn2.bias : torch.Size([256])
stage4.2.branches.3.2.conv1.weight : torch.Size([256, 256, 3, 3])
stage4.2.branches.3.2.bn1.weight : torch.Size([256])
stage4.2.branches.3.2.bn1.bias : torch.Size([256])
stage4.2.branches.3.2.conv2.weight : torch.Size([256, 256, 3, 3])
stage4.2.branches.3.2.bn2.weight : torch.Size([256])
stage4.2.branches.3.2.bn2.bias : torch.Size([256])
stage4.2.branches.3.3.conv1.weight : torch.Size([256, 256, 3, 3])
stage4.2.branches.3.3.bn1.weight : torch.Size([256])
stage4.2.branches.3.3.bn1.bias : torch.Size([256])
stage4.2.branches.3.3.conv2.weight : torch.Size([256, 256, 3, 3])
stage4.2.branches.3.3.bn2.weight : torch.Size([256])
stage4.2.branches.3.3.bn2.bias : torch.Size([256])
stage4.2.fuse_layers.0.1.0.weight : torch.Size([32, 64, 1, 1])
stage4.2.fuse_layers.0.1.1.weight : torch.Size([32])
stage4.2.fuse_layers.0.1.1.bias : torch.Size([32])
stage4.2.fuse_layers.0.2.0.weight : torch.Size([32, 128, 1, 1])
stage4.2.fuse_layers.0.2.1.weight : torch.Size([32])
stage4.2.fuse_layers.0.2.1.bias : torch.Size([32])
stage4.2.fuse_layers.0.3.0.weight : torch.Size([32, 256, 1, 1])
stage4.2.fuse_layers.0.3.1.weight : torch.Size([32])
stage4.2.fuse_layers.0.3.1.bias : torch.Size([32])
final_layer.weight : torch.Size([17, 32, 1, 1])
final_layer.bias : torch.Size([17])
