conv1.weight : torch.Size([64, 3, 3, 3])
bn1.weight : torch.Size([64])
bn1.bias : torch.Size([64])
conv2.weight : torch.Size([64, 64, 3, 3])
bn2.weight : torch.Size([64])
bn2.bias : torch.Size([64])
layer1.0.conv1.weight : torch.Size([64, 64, 1, 1])
layer1.0.bn1.weight : torch.Size([64])
layer1.0.bn1.bias : torch.Size([64])
layer1.0.conv2.weight : torch.Size([64, 64, 3, 3])
layer1.0.bn2.weight : torch.Size([64])
layer1.0.bn2.bias : torch.Size([64])
layer1.0.conv3.weight : torch.Size([256, 64, 1, 1])
layer1.0.bn3.weight : torch.Size([256])
layer1.0.bn3.bias : torch.Size([256])
layer1.0.downsample.0.weight : torch.Size([256, 64, 1, 1])
layer1.0.downsample.1.weight : torch.Size([256])
layer1.0.downsample.1.bias : torch.Size([256])
layer1.1.conv_mask.weight : torch.Size([1, 256, 1, 1])
layer1.1.conv_mask.bias : torch.Size([1])
layer1.1.channel_add_conv.0.weight : torch.Size([32, 256, 1, 1])
layer1.1.channel_add_conv.0.bias : torch.Size([32])
layer1.1.channel_add_conv.1.weight : torch.Size([32, 1, 1])
layer1.1.channel_add_conv.1.bias : torch.Size([32, 1, 1])
layer1.1.channel_add_conv.3.weight : torch.Size([256, 32, 1, 1])
layer1.1.channel_add_conv.3.bias : torch.Size([256])
layer1.1.channel_mul_conv.0.weight : torch.Size([32, 256, 1, 1])
layer1.1.channel_mul_conv.0.bias : torch.Size([32])
layer1.1.channel_mul_conv.1.weight : torch.Size([32, 1, 1])
layer1.1.channel_mul_conv.1.bias : torch.Size([32, 1, 1])
layer1.1.channel_mul_conv.3.weight : torch.Size([256, 32, 1, 1])
layer1.1.channel_mul_conv.3.bias : torch.Size([256])
layer1.2.conv1.weight : torch.Size([64, 256, 1, 1])
layer1.2.bn1.weight : torch.Size([64])
layer1.2.bn1.bias : torch.Size([64])
layer1.2.conv2.weight : torch.Size([64, 64, 3, 3])
layer1.2.bn2.weight : torch.Size([64])
layer1.2.bn2.bias : torch.Size([64])
layer1.2.conv3.weight : torch.Size([256, 64, 1, 1])
layer1.2.bn3.weight : torch.Size([256])
layer1.2.bn3.bias : torch.Size([256])
layer1.3.conv_mask.weight : torch.Size([1, 256, 1, 1])
layer1.3.conv_mask.bias : torch.Size([1])
layer1.3.channel_add_conv.0.weight : torch.Size([32, 256, 1, 1])
layer1.3.channel_add_conv.0.bias : torch.Size([32])
layer1.3.channel_add_conv.1.weight : torch.Size([32, 1, 1])
layer1.3.channel_add_conv.1.bias : torch.Size([32, 1, 1])
layer1.3.channel_add_conv.3.weight : torch.Size([256, 32, 1, 1])
layer1.3.channel_add_conv.3.bias : torch.Size([256])
layer1.3.channel_mul_conv.0.weight : torch.Size([32, 256, 1, 1])
layer1.3.channel_mul_conv.0.bias : torch.Size([32])
layer1.3.channel_mul_conv.1.weight : torch.Size([32, 1, 1])
layer1.3.channel_mul_conv.1.bias : torch.Size([32, 1, 1])
layer1.3.channel_mul_conv.3.weight : torch.Size([256, 32, 1, 1])
layer1.3.channel_mul_conv.3.bias : torch.Size([256])
layer1.4.conv1.weight : torch.Size([64, 256, 1, 1])
layer1.4.bn1.weight : torch.Size([64])
layer1.4.bn1.bias : torch.Size([64])
layer1.4.conv2.weight : torch.Size([64, 64, 3, 3])
layer1.4.bn2.weight : torch.Size([64])
layer1.4.bn2.bias : torch.Size([64])
layer1.4.conv3.weight : torch.Size([256, 64, 1, 1])
layer1.4.bn3.weight : torch.Size([256])
layer1.4.bn3.bias : torch.Size([256])
layer1.5.conv_mask.weight : torch.Size([1, 256, 1, 1])
layer1.5.conv_mask.bias : torch.Size([1])
layer1.5.channel_add_conv.0.weight : torch.Size([32, 256, 1, 1])
layer1.5.channel_add_conv.0.bias : torch.Size([32])
layer1.5.channel_add_conv.1.weight : torch.Size([32, 1, 1])
layer1.5.channel_add_conv.1.bias : torch.Size([32, 1, 1])
layer1.5.channel_add_conv.3.weight : torch.Size([256, 32, 1, 1])
layer1.5.channel_add_conv.3.bias : torch.Size([256])
layer1.5.channel_mul_conv.0.weight : torch.Size([32, 256, 1, 1])
layer1.5.channel_mul_conv.0.bias : torch.Size([32])
layer1.5.channel_mul_conv.1.weight : torch.Size([32, 1, 1])
layer1.5.channel_mul_conv.1.bias : torch.Size([32, 1, 1])
layer1.5.channel_mul_conv.3.weight : torch.Size([256, 32, 1, 1])
layer1.5.channel_mul_conv.3.bias : torch.Size([256])
layer1.6.conv1.weight : torch.Size([64, 256, 1, 1])
layer1.6.bn1.weight : torch.Size([64])
layer1.6.bn1.bias : torch.Size([64])
layer1.6.conv2.weight : torch.Size([64, 64, 3, 3])
layer1.6.bn2.weight : torch.Size([64])
layer1.6.bn2.bias : torch.Size([64])
layer1.6.conv3.weight : torch.Size([256, 64, 1, 1])
layer1.6.bn3.weight : torch.Size([256])
layer1.6.bn3.bias : torch.Size([256])
layer1.7.conv_mask.weight : torch.Size([1, 256, 1, 1])
layer1.7.conv_mask.bias : torch.Size([1])
layer1.7.channel_add_conv.0.weight : torch.Size([32, 256, 1, 1])
layer1.7.channel_add_conv.0.bias : torch.Size([32])
layer1.7.channel_add_conv.1.weight : torch.Size([32, 1, 1])
layer1.7.channel_add_conv.1.bias : torch.Size([32, 1, 1])
layer1.7.channel_add_conv.3.weight : torch.Size([256, 32, 1, 1])
layer1.7.channel_add_conv.3.bias : torch.Size([256])
layer1.7.channel_mul_conv.0.weight : torch.Size([32, 256, 1, 1])
layer1.7.channel_mul_conv.0.bias : torch.Size([32])
layer1.7.channel_mul_conv.1.weight : torch.Size([32, 1, 1])
layer1.7.channel_mul_conv.1.bias : torch.Size([32, 1, 1])
layer1.7.channel_mul_conv.3.weight : torch.Size([256, 32, 1, 1])
layer1.7.channel_mul_conv.3.bias : torch.Size([256])
transition1.0.0.weight : torch.Size([48, 256, 3, 3])
transition1.0.1.weight : torch.Size([48])
transition1.0.1.bias : torch.Size([48])
transition1.1.0.0.weight : torch.Size([96, 256, 3, 3])
transition1.1.0.1.weight : torch.Size([96])
transition1.1.0.1.bias : torch.Size([96])
stage2.0.branches.0.0.conv1.weight : torch.Size([48, 48, 3, 3])
stage2.0.branches.0.0.bn1.weight : torch.Size([48])
stage2.0.branches.0.0.bn1.bias : torch.Size([48])
stage2.0.branches.0.0.conv2.weight : torch.Size([48, 48, 3, 3])
stage2.0.branches.0.0.bn2.weight : torch.Size([48])
stage2.0.branches.0.0.bn2.bias : torch.Size([48])
stage2.0.branches.0.1.conv1.weight : torch.Size([48, 48, 3, 3])
stage2.0.branches.0.1.bn1.weight : torch.Size([48])
stage2.0.branches.0.1.bn1.bias : torch.Size([48])
stage2.0.branches.0.1.conv2.weight : torch.Size([48, 48, 3, 3])
stage2.0.branches.0.1.bn2.weight : torch.Size([48])
stage2.0.branches.0.1.bn2.bias : torch.Size([48])
stage2.0.branches.0.2.conv1.weight : torch.Size([48, 48, 3, 3])
stage2.0.branches.0.2.bn1.weight : torch.Size([48])
stage2.0.branches.0.2.bn1.bias : torch.Size([48])
stage2.0.branches.0.2.conv2.weight : torch.Size([48, 48, 3, 3])
stage2.0.branches.0.2.bn2.weight : torch.Size([48])
stage2.0.branches.0.2.bn2.bias : torch.Size([48])
stage2.0.branches.0.3.conv1.weight : torch.Size([48, 48, 3, 3])
stage2.0.branches.0.3.bn1.weight : torch.Size([48])
stage2.0.branches.0.3.bn1.bias : torch.Size([48])
stage2.0.branches.0.3.conv2.weight : torch.Size([48, 48, 3, 3])
stage2.0.branches.0.3.bn2.weight : torch.Size([48])
stage2.0.branches.0.3.bn2.bias : torch.Size([48])
stage2.0.branches.1.0.conv1.weight : torch.Size([96, 96, 3, 3])
stage2.0.branches.1.0.bn1.weight : torch.Size([96])
stage2.0.branches.1.0.bn1.bias : torch.Size([96])
stage2.0.branches.1.0.conv2.weight : torch.Size([96, 96, 3, 3])
stage2.0.branches.1.0.bn2.weight : torch.Size([96])
stage2.0.branches.1.0.bn2.bias : torch.Size([96])
stage2.0.branches.1.1.conv1.weight : torch.Size([96, 96, 3, 3])
stage2.0.branches.1.1.bn1.weight : torch.Size([96])
stage2.0.branches.1.1.bn1.bias : torch.Size([96])
stage2.0.branches.1.1.conv2.weight : torch.Size([96, 96, 3, 3])
stage2.0.branches.1.1.bn2.weight : torch.Size([96])
stage2.0.branches.1.1.bn2.bias : torch.Size([96])
stage2.0.branches.1.2.conv1.weight : torch.Size([96, 96, 3, 3])
stage2.0.branches.1.2.bn1.weight : torch.Size([96])
stage2.0.branches.1.2.bn1.bias : torch.Size([96])
stage2.0.branches.1.2.conv2.weight : torch.Size([96, 96, 3, 3])
stage2.0.branches.1.2.bn2.weight : torch.Size([96])
stage2.0.branches.1.2.bn2.bias : torch.Size([96])
stage2.0.branches.1.3.conv1.weight : torch.Size([96, 96, 3, 3])
stage2.0.branches.1.3.bn1.weight : torch.Size([96])
stage2.0.branches.1.3.bn1.bias : torch.Size([96])
stage2.0.branches.1.3.conv2.weight : torch.Size([96, 96, 3, 3])
stage2.0.branches.1.3.bn2.weight : torch.Size([96])
stage2.0.branches.1.3.bn2.bias : torch.Size([96])
stage2.0.fuse_layers.0.1.0.weight : torch.Size([48, 96, 1, 1])
stage2.0.fuse_layers.0.1.1.weight : torch.Size([48])
stage2.0.fuse_layers.0.1.1.bias : torch.Size([48])
stage2.0.fuse_layers.1.0.0.0.weight : torch.Size([96, 48, 3, 3])
stage2.0.fuse_layers.1.0.0.1.weight : torch.Size([96])
stage2.0.fuse_layers.1.0.0.1.bias : torch.Size([96])
transition2.2.0.0.weight : torch.Size([192, 96, 3, 3])
transition2.2.0.1.weight : torch.Size([192])
transition2.2.0.1.bias : torch.Size([192])
stage3.0.branches.0.0.conv1.weight : torch.Size([48, 48, 3, 3])
stage3.0.branches.0.0.bn1.weight : torch.Size([48])
stage3.0.branches.0.0.bn1.bias : torch.Size([48])
stage3.0.branches.0.0.conv2.weight : torch.Size([48, 48, 3, 3])
stage3.0.branches.0.0.bn2.weight : torch.Size([48])
stage3.0.branches.0.0.bn2.bias : torch.Size([48])
stage3.0.branches.0.1.conv1.weight : torch.Size([48, 48, 3, 3])
stage3.0.branches.0.1.bn1.weight : torch.Size([48])
stage3.0.branches.0.1.bn1.bias : torch.Size([48])
stage3.0.branches.0.1.conv2.weight : torch.Size([48, 48, 3, 3])
stage3.0.branches.0.1.bn2.weight : torch.Size([48])
stage3.0.branches.0.1.bn2.bias : torch.Size([48])
stage3.0.branches.0.2.conv1.weight : torch.Size([48, 48, 3, 3])
stage3.0.branches.0.2.bn1.weight : torch.Size([48])
stage3.0.branches.0.2.bn1.bias : torch.Size([48])
stage3.0.branches.0.2.conv2.weight : torch.Size([48, 48, 3, 3])
stage3.0.branches.0.2.bn2.weight : torch.Size([48])
stage3.0.branches.0.2.bn2.bias : torch.Size([48])
stage3.0.branches.0.3.conv1.weight : torch.Size([48, 48, 3, 3])
stage3.0.branches.0.3.bn1.weight : torch.Size([48])
stage3.0.branches.0.3.bn1.bias : torch.Size([48])
stage3.0.branches.0.3.conv2.weight : torch.Size([48, 48, 3, 3])
stage3.0.branches.0.3.bn2.weight : torch.Size([48])
stage3.0.branches.0.3.bn2.bias : torch.Size([48])
stage3.0.branches.1.0.conv1.weight : torch.Size([96, 96, 3, 3])
stage3.0.branches.1.0.bn1.weight : torch.Size([96])
stage3.0.branches.1.0.bn1.bias : torch.Size([96])
stage3.0.branches.1.0.conv2.weight : torch.Size([96, 96, 3, 3])
stage3.0.branches.1.0.bn2.weight : torch.Size([96])
stage3.0.branches.1.0.bn2.bias : torch.Size([96])
stage3.0.branches.1.1.conv1.weight : torch.Size([96, 96, 3, 3])
stage3.0.branches.1.1.bn1.weight : torch.Size([96])
stage3.0.branches.1.1.bn1.bias : torch.Size([96])
stage3.0.branches.1.1.conv2.weight : torch.Size([96, 96, 3, 3])
stage3.0.branches.1.1.bn2.weight : torch.Size([96])
stage3.0.branches.1.1.bn2.bias : torch.Size([96])
stage3.0.branches.1.2.conv1.weight : torch.Size([96, 96, 3, 3])
stage3.0.branches.1.2.bn1.weight : torch.Size([96])
stage3.0.branches.1.2.bn1.bias : torch.Size([96])
stage3.0.branches.1.2.conv2.weight : torch.Size([96, 96, 3, 3])
stage3.0.branches.1.2.bn2.weight : torch.Size([96])
stage3.0.branches.1.2.bn2.bias : torch.Size([96])
stage3.0.branches.1.3.conv1.weight : torch.Size([96, 96, 3, 3])
stage3.0.branches.1.3.bn1.weight : torch.Size([96])
stage3.0.branches.1.3.bn1.bias : torch.Size([96])
stage3.0.branches.1.3.conv2.weight : torch.Size([96, 96, 3, 3])
stage3.0.branches.1.3.bn2.weight : torch.Size([96])
stage3.0.branches.1.3.bn2.bias : torch.Size([96])
stage3.0.branches.2.0.conv1.weight : torch.Size([192, 192, 3, 3])
stage3.0.branches.2.0.bn1.weight : torch.Size([192])
stage3.0.branches.2.0.bn1.bias : torch.Size([192])
stage3.0.branches.2.0.conv2.weight : torch.Size([192, 192, 3, 3])
stage3.0.branches.2.0.bn2.weight : torch.Size([192])
stage3.0.branches.2.0.bn2.bias : torch.Size([192])
stage3.0.branches.2.1.conv1.weight : torch.Size([192, 192, 3, 3])
stage3.0.branches.2.1.bn1.weight : torch.Size([192])
stage3.0.branches.2.1.bn1.bias : torch.Size([192])
stage3.0.branches.2.1.conv2.weight : torch.Size([192, 192, 3, 3])
stage3.0.branches.2.1.bn2.weight : torch.Size([192])
stage3.0.branches.2.1.bn2.bias : torch.Size([192])
stage3.0.branches.2.2.conv1.weight : torch.Size([192, 192, 3, 3])
stage3.0.branches.2.2.bn1.weight : torch.Size([192])
stage3.0.branches.2.2.bn1.bias : torch.Size([192])
stage3.0.branches.2.2.conv2.weight : torch.Size([192, 192, 3, 3])
stage3.0.branches.2.2.bn2.weight : torch.Size([192])
stage3.0.branches.2.2.bn2.bias : torch.Size([192])
stage3.0.branches.2.3.conv1.weight : torch.Size([192, 192, 3, 3])
stage3.0.branches.2.3.bn1.weight : torch.Size([192])
stage3.0.branches.2.3.bn1.bias : torch.Size([192])
stage3.0.branches.2.3.conv2.weight : torch.Size([192, 192, 3, 3])
stage3.0.branches.2.3.bn2.weight : torch.Size([192])
stage3.0.branches.2.3.bn2.bias : torch.Size([192])
stage3.0.fuse_layers.0.1.0.weight : torch.Size([48, 96, 1, 1])
stage3.0.fuse_layers.0.1.1.weight : torch.Size([48])
stage3.0.fuse_layers.0.1.1.bias : torch.Size([48])
stage3.0.fuse_layers.0.2.0.weight : torch.Size([48, 192, 1, 1])
stage3.0.fuse_layers.0.2.1.weight : torch.Size([48])
stage3.0.fuse_layers.0.2.1.bias : torch.Size([48])
stage3.0.fuse_layers.1.0.0.0.weight : torch.Size([96, 48, 3, 3])
stage3.0.fuse_layers.1.0.0.1.weight : torch.Size([96])
stage3.0.fuse_layers.1.0.0.1.bias : torch.Size([96])
stage3.0.fuse_layers.1.2.0.weight : torch.Size([96, 192, 1, 1])
stage3.0.fuse_layers.1.2.1.weight : torch.Size([96])
stage3.0.fuse_layers.1.2.1.bias : torch.Size([96])
stage3.0.fuse_layers.2.0.0.0.weight : torch.Size([48, 48, 3, 3])
stage3.0.fuse_layers.2.0.0.1.weight : torch.Size([48])
stage3.0.fuse_layers.2.0.0.1.bias : torch.Size([48])
stage3.0.fuse_layers.2.0.1.0.weight : torch.Size([192, 48, 3, 3])
stage3.0.fuse_layers.2.0.1.1.weight : torch.Size([192])
stage3.0.fuse_layers.2.0.1.1.bias : torch.Size([192])
stage3.0.fuse_layers.2.1.0.0.weight : torch.Size([192, 96, 3, 3])
stage3.0.fuse_layers.2.1.0.1.weight : torch.Size([192])
stage3.0.fuse_layers.2.1.0.1.bias : torch.Size([192])
stage3.1.branches.0.0.conv1.weight : torch.Size([48, 48, 3, 3])
stage3.1.branches.0.0.bn1.weight : torch.Size([48])
stage3.1.branches.0.0.bn1.bias : torch.Size([48])
stage3.1.branches.0.0.conv2.weight : torch.Size([48, 48, 3, 3])
stage3.1.branches.0.0.bn2.weight : torch.Size([48])
stage3.1.branches.0.0.bn2.bias : torch.Size([48])
stage3.1.branches.0.1.conv1.weight : torch.Size([48, 48, 3, 3])
stage3.1.branches.0.1.bn1.weight : torch.Size([48])
stage3.1.branches.0.1.bn1.bias : torch.Size([48])
stage3.1.branches.0.1.conv2.weight : torch.Size([48, 48, 3, 3])
stage3.1.branches.0.1.bn2.weight : torch.Size([48])
stage3.1.branches.0.1.bn2.bias : torch.Size([48])
stage3.1.branches.0.2.conv1.weight : torch.Size([48, 48, 3, 3])
stage3.1.branches.0.2.bn1.weight : torch.Size([48])
stage3.1.branches.0.2.bn1.bias : torch.Size([48])
stage3.1.branches.0.2.conv2.weight : torch.Size([48, 48, 3, 3])
stage3.1.branches.0.2.bn2.weight : torch.Size([48])
stage3.1.branches.0.2.bn2.bias : torch.Size([48])
stage3.1.branches.0.3.conv1.weight : torch.Size([48, 48, 3, 3])
stage3.1.branches.0.3.bn1.weight : torch.Size([48])
stage3.1.branches.0.3.bn1.bias : torch.Size([48])
stage3.1.branches.0.3.conv2.weight : torch.Size([48, 48, 3, 3])
stage3.1.branches.0.3.bn2.weight : torch.Size([48])
stage3.1.branches.0.3.bn2.bias : torch.Size([48])
stage3.1.branches.1.0.conv1.weight : torch.Size([96, 96, 3, 3])
stage3.1.branches.1.0.bn1.weight : torch.Size([96])
stage3.1.branches.1.0.bn1.bias : torch.Size([96])
stage3.1.branches.1.0.conv2.weight : torch.Size([96, 96, 3, 3])
stage3.1.branches.1.0.bn2.weight : torch.Size([96])
stage3.1.branches.1.0.bn2.bias : torch.Size([96])
stage3.1.branches.1.1.conv1.weight : torch.Size([96, 96, 3, 3])
stage3.1.branches.1.1.bn1.weight : torch.Size([96])
stage3.1.branches.1.1.bn1.bias : torch.Size([96])
stage3.1.branches.1.1.conv2.weight : torch.Size([96, 96, 3, 3])
stage3.1.branches.1.1.bn2.weight : torch.Size([96])
stage3.1.branches.1.1.bn2.bias : torch.Size([96])
stage3.1.branches.1.2.conv1.weight : torch.Size([96, 96, 3, 3])
stage3.1.branches.1.2.bn1.weight : torch.Size([96])
stage3.1.branches.1.2.bn1.bias : torch.Size([96])
stage3.1.branches.1.2.conv2.weight : torch.Size([96, 96, 3, 3])
stage3.1.branches.1.2.bn2.weight : torch.Size([96])
stage3.1.branches.1.2.bn2.bias : torch.Size([96])
stage3.1.branches.1.3.conv1.weight : torch.Size([96, 96, 3, 3])
stage3.1.branches.1.3.bn1.weight : torch.Size([96])
stage3.1.branches.1.3.bn1.bias : torch.Size([96])
stage3.1.branches.1.3.conv2.weight : torch.Size([96, 96, 3, 3])
stage3.1.branches.1.3.bn2.weight : torch.Size([96])
stage3.1.branches.1.3.bn2.bias : torch.Size([96])
stage3.1.branches.2.0.conv1.weight : torch.Size([192, 192, 3, 3])
stage3.1.branches.2.0.bn1.weight : torch.Size([192])
stage3.1.branches.2.0.bn1.bias : torch.Size([192])
stage3.1.branches.2.0.conv2.weight : torch.Size([192, 192, 3, 3])
stage3.1.branches.2.0.bn2.weight : torch.Size([192])
stage3.1.branches.2.0.bn2.bias : torch.Size([192])
stage3.1.branches.2.1.conv1.weight : torch.Size([192, 192, 3, 3])
stage3.1.branches.2.1.bn1.weight : torch.Size([192])
stage3.1.branches.2.1.bn1.bias : torch.Size([192])
stage3.1.branches.2.1.conv2.weight : torch.Size([192, 192, 3, 3])
stage3.1.branches.2.1.bn2.weight : torch.Size([192])
stage3.1.branches.2.1.bn2.bias : torch.Size([192])
stage3.1.branches.2.2.conv1.weight : torch.Size([192, 192, 3, 3])
stage3.1.branches.2.2.bn1.weight : torch.Size([192])
stage3.1.branches.2.2.bn1.bias : torch.Size([192])
stage3.1.branches.2.2.conv2.weight : torch.Size([192, 192, 3, 3])
stage3.1.branches.2.2.bn2.weight : torch.Size([192])
stage3.1.branches.2.2.bn2.bias : torch.Size([192])
stage3.1.branches.2.3.conv1.weight : torch.Size([192, 192, 3, 3])
stage3.1.branches.2.3.bn1.weight : torch.Size([192])
stage3.1.branches.2.3.bn1.bias : torch.Size([192])
stage3.1.branches.2.3.conv2.weight : torch.Size([192, 192, 3, 3])
stage3.1.branches.2.3.bn2.weight : torch.Size([192])
stage3.1.branches.2.3.bn2.bias : torch.Size([192])
stage3.1.fuse_layers.0.1.0.weight : torch.Size([48, 96, 1, 1])
stage3.1.fuse_layers.0.1.1.weight : torch.Size([48])
stage3.1.fuse_layers.0.1.1.bias : torch.Size([48])
stage3.1.fuse_layers.0.2.0.weight : torch.Size([48, 192, 1, 1])
stage3.1.fuse_layers.0.2.1.weight : torch.Size([48])
stage3.1.fuse_layers.0.2.1.bias : torch.Size([48])
stage3.1.fuse_layers.1.0.0.0.weight : torch.Size([96, 48, 3, 3])
stage3.1.fuse_layers.1.0.0.1.weight : torch.Size([96])
stage3.1.fuse_layers.1.0.0.1.bias : torch.Size([96])
stage3.1.fuse_layers.1.2.0.weight : torch.Size([96, 192, 1, 1])
stage3.1.fuse_layers.1.2.1.weight : torch.Size([96])
stage3.1.fuse_layers.1.2.1.bias : torch.Size([96])
stage3.1.fuse_layers.2.0.0.0.weight : torch.Size([48, 48, 3, 3])
stage3.1.fuse_layers.2.0.0.1.weight : torch.Size([48])
stage3.1.fuse_layers.2.0.0.1.bias : torch.Size([48])
stage3.1.fuse_layers.2.0.1.0.weight : torch.Size([192, 48, 3, 3])
stage3.1.fuse_layers.2.0.1.1.weight : torch.Size([192])
stage3.1.fuse_layers.2.0.1.1.bias : torch.Size([192])
stage3.1.fuse_layers.2.1.0.0.weight : torch.Size([192, 96, 3, 3])
stage3.1.fuse_layers.2.1.0.1.weight : torch.Size([192])
stage3.1.fuse_layers.2.1.0.1.bias : torch.Size([192])
stage3.2.branches.0.0.conv1.weight : torch.Size([48, 48, 3, 3])
stage3.2.branches.0.0.bn1.weight : torch.Size([48])
stage3.2.branches.0.0.bn1.bias : torch.Size([48])
stage3.2.branches.0.0.conv2.weight : torch.Size([48, 48, 3, 3])
stage3.2.branches.0.0.bn2.weight : torch.Size([48])
stage3.2.branches.0.0.bn2.bias : torch.Size([48])
stage3.2.branches.0.1.conv1.weight : torch.Size([48, 48, 3, 3])
stage3.2.branches.0.1.bn1.weight : torch.Size([48])
stage3.2.branches.0.1.bn1.bias : torch.Size([48])
stage3.2.branches.0.1.conv2.weight : torch.Size([48, 48, 3, 3])
stage3.2.branches.0.1.bn2.weight : torch.Size([48])
stage3.2.branches.0.1.bn2.bias : torch.Size([48])
stage3.2.branches.0.2.conv1.weight : torch.Size([48, 48, 3, 3])
stage3.2.branches.0.2.bn1.weight : torch.Size([48])
stage3.2.branches.0.2.bn1.bias : torch.Size([48])
stage3.2.branches.0.2.conv2.weight : torch.Size([48, 48, 3, 3])
stage3.2.branches.0.2.bn2.weight : torch.Size([48])
stage3.2.branches.0.2.bn2.bias : torch.Size([48])
stage3.2.branches.0.3.conv1.weight : torch.Size([48, 48, 3, 3])
stage3.2.branches.0.3.bn1.weight : torch.Size([48])
stage3.2.branches.0.3.bn1.bias : torch.Size([48])
stage3.2.branches.0.3.conv2.weight : torch.Size([48, 48, 3, 3])
stage3.2.branches.0.3.bn2.weight : torch.Size([48])
stage3.2.branches.0.3.bn2.bias : torch.Size([48])
stage3.2.branches.1.0.conv1.weight : torch.Size([96, 96, 3, 3])
stage3.2.branches.1.0.bn1.weight : torch.Size([96])
stage3.2.branches.1.0.bn1.bias : torch.Size([96])
stage3.2.branches.1.0.conv2.weight : torch.Size([96, 96, 3, 3])
stage3.2.branches.1.0.bn2.weight : torch.Size([96])
stage3.2.branches.1.0.bn2.bias : torch.Size([96])
stage3.2.branches.1.1.conv1.weight : torch.Size([96, 96, 3, 3])
stage3.2.branches.1.1.bn1.weight : torch.Size([96])
stage3.2.branches.1.1.bn1.bias : torch.Size([96])
stage3.2.branches.1.1.conv2.weight : torch.Size([96, 96, 3, 3])
stage3.2.branches.1.1.bn2.weight : torch.Size([96])
stage3.2.branches.1.1.bn2.bias : torch.Size([96])
stage3.2.branches.1.2.conv1.weight : torch.Size([96, 96, 3, 3])
stage3.2.branches.1.2.bn1.weight : torch.Size([96])
stage3.2.branches.1.2.bn1.bias : torch.Size([96])
stage3.2.branches.1.2.conv2.weight : torch.Size([96, 96, 3, 3])
stage3.2.branches.1.2.bn2.weight : torch.Size([96])
stage3.2.branches.1.2.bn2.bias : torch.Size([96])
stage3.2.branches.1.3.conv1.weight : torch.Size([96, 96, 3, 3])
stage3.2.branches.1.3.bn1.weight : torch.Size([96])
stage3.2.branches.1.3.bn1.bias : torch.Size([96])
stage3.2.branches.1.3.conv2.weight : torch.Size([96, 96, 3, 3])
stage3.2.branches.1.3.bn2.weight : torch.Size([96])
stage3.2.branches.1.3.bn2.bias : torch.Size([96])
stage3.2.branches.2.0.conv1.weight : torch.Size([192, 192, 3, 3])
stage3.2.branches.2.0.bn1.weight : torch.Size([192])
stage3.2.branches.2.0.bn1.bias : torch.Size([192])
stage3.2.branches.2.0.conv2.weight : torch.Size([192, 192, 3, 3])
stage3.2.branches.2.0.bn2.weight : torch.Size([192])
stage3.2.branches.2.0.bn2.bias : torch.Size([192])
stage3.2.branches.2.1.conv1.weight : torch.Size([192, 192, 3, 3])
stage3.2.branches.2.1.bn1.weight : torch.Size([192])
stage3.2.branches.2.1.bn1.bias : torch.Size([192])
stage3.2.branches.2.1.conv2.weight : torch.Size([192, 192, 3, 3])
stage3.2.branches.2.1.bn2.weight : torch.Size([192])
stage3.2.branches.2.1.bn2.bias : torch.Size([192])
stage3.2.branches.2.2.conv1.weight : torch.Size([192, 192, 3, 3])
stage3.2.branches.2.2.bn1.weight : torch.Size([192])
stage3.2.branches.2.2.bn1.bias : torch.Size([192])
stage3.2.branches.2.2.conv2.weight : torch.Size([192, 192, 3, 3])
stage3.2.branches.2.2.bn2.weight : torch.Size([192])
stage3.2.branches.2.2.bn2.bias : torch.Size([192])
stage3.2.branches.2.3.conv1.weight : torch.Size([192, 192, 3, 3])
stage3.2.branches.2.3.bn1.weight : torch.Size([192])
stage3.2.branches.2.3.bn1.bias : torch.Size([192])
stage3.2.branches.2.3.conv2.weight : torch.Size([192, 192, 3, 3])
stage3.2.branches.2.3.bn2.weight : torch.Size([192])
stage3.2.branches.2.3.bn2.bias : torch.Size([192])
stage3.2.fuse_layers.0.1.0.weight : torch.Size([48, 96, 1, 1])
stage3.2.fuse_layers.0.1.1.weight : torch.Size([48])
stage3.2.fuse_layers.0.1.1.bias : torch.Size([48])
stage3.2.fuse_layers.0.2.0.weight : torch.Size([48, 192, 1, 1])
stage3.2.fuse_layers.0.2.1.weight : torch.Size([48])
stage3.2.fuse_layers.0.2.1.bias : torch.Size([48])
stage3.2.fuse_layers.1.0.0.0.weight : torch.Size([96, 48, 3, 3])
stage3.2.fuse_layers.1.0.0.1.weight : torch.Size([96])
stage3.2.fuse_layers.1.0.0.1.bias : torch.Size([96])
stage3.2.fuse_layers.1.2.0.weight : torch.Size([96, 192, 1, 1])
stage3.2.fuse_layers.1.2.1.weight : torch.Size([96])
stage3.2.fuse_layers.1.2.1.bias : torch.Size([96])
stage3.2.fuse_layers.2.0.0.0.weight : torch.Size([48, 48, 3, 3])
stage3.2.fuse_layers.2.0.0.1.weight : torch.Size([48])
stage3.2.fuse_layers.2.0.0.1.bias : torch.Size([48])
stage3.2.fuse_layers.2.0.1.0.weight : torch.Size([192, 48, 3, 3])
stage3.2.fuse_layers.2.0.1.1.weight : torch.Size([192])
stage3.2.fuse_layers.2.0.1.1.bias : torch.Size([192])
stage3.2.fuse_layers.2.1.0.0.weight : torch.Size([192, 96, 3, 3])
stage3.2.fuse_layers.2.1.0.1.weight : torch.Size([192])
stage3.2.fuse_layers.2.1.0.1.bias : torch.Size([192])
stage3.3.branches.0.0.conv1.weight : torch.Size([48, 48, 3, 3])
stage3.3.branches.0.0.bn1.weight : torch.Size([48])
stage3.3.branches.0.0.bn1.bias : torch.Size([48])
stage3.3.branches.0.0.conv2.weight : torch.Size([48, 48, 3, 3])
stage3.3.branches.0.0.bn2.weight : torch.Size([48])
stage3.3.branches.0.0.bn2.bias : torch.Size([48])
stage3.3.branches.0.1.conv1.weight : torch.Size([48, 48, 3, 3])
stage3.3.branches.0.1.bn1.weight : torch.Size([48])
stage3.3.branches.0.1.bn1.bias : torch.Size([48])
stage3.3.branches.0.1.conv2.weight : torch.Size([48, 48, 3, 3])
stage3.3.branches.0.1.bn2.weight : torch.Size([48])
stage3.3.branches.0.1.bn2.bias : torch.Size([48])
stage3.3.branches.0.2.conv1.weight : torch.Size([48, 48, 3, 3])
stage3.3.branches.0.2.bn1.weight : torch.Size([48])
stage3.3.branches.0.2.bn1.bias : torch.Size([48])
stage3.3.branches.0.2.conv2.weight : torch.Size([48, 48, 3, 3])
stage3.3.branches.0.2.bn2.weight : torch.Size([48])
stage3.3.branches.0.2.bn2.bias : torch.Size([48])
stage3.3.branches.0.3.conv1.weight : torch.Size([48, 48, 3, 3])
stage3.3.branches.0.3.bn1.weight : torch.Size([48])
stage3.3.branches.0.3.bn1.bias : torch.Size([48])
stage3.3.branches.0.3.conv2.weight : torch.Size([48, 48, 3, 3])
stage3.3.branches.0.3.bn2.weight : torch.Size([48])
stage3.3.branches.0.3.bn2.bias : torch.Size([48])
stage3.3.branches.1.0.conv1.weight : torch.Size([96, 96, 3, 3])
stage3.3.branches.1.0.bn1.weight : torch.Size([96])
stage3.3.branches.1.0.bn1.bias : torch.Size([96])
stage3.3.branches.1.0.conv2.weight : torch.Size([96, 96, 3, 3])
stage3.3.branches.1.0.bn2.weight : torch.Size([96])
stage3.3.branches.1.0.bn2.bias : torch.Size([96])
stage3.3.branches.1.1.conv1.weight : torch.Size([96, 96, 3, 3])
stage3.3.branches.1.1.bn1.weight : torch.Size([96])
stage3.3.branches.1.1.bn1.bias : torch.Size([96])
stage3.3.branches.1.1.conv2.weight : torch.Size([96, 96, 3, 3])
stage3.3.branches.1.1.bn2.weight : torch.Size([96])
stage3.3.branches.1.1.bn2.bias : torch.Size([96])
stage3.3.branches.1.2.conv1.weight : torch.Size([96, 96, 3, 3])
stage3.3.branches.1.2.bn1.weight : torch.Size([96])
stage3.3.branches.1.2.bn1.bias : torch.Size([96])
stage3.3.branches.1.2.conv2.weight : torch.Size([96, 96, 3, 3])
stage3.3.branches.1.2.bn2.weight : torch.Size([96])
stage3.3.branches.1.2.bn2.bias : torch.Size([96])
stage3.3.branches.1.3.conv1.weight : torch.Size([96, 96, 3, 3])
stage3.3.branches.1.3.bn1.weight : torch.Size([96])
stage3.3.branches.1.3.bn1.bias : torch.Size([96])
stage3.3.branches.1.3.conv2.weight : torch.Size([96, 96, 3, 3])
stage3.3.branches.1.3.bn2.weight : torch.Size([96])
stage3.3.branches.1.3.bn2.bias : torch.Size([96])
stage3.3.branches.2.0.conv1.weight : torch.Size([192, 192, 3, 3])
stage3.3.branches.2.0.bn1.weight : torch.Size([192])
stage3.3.branches.2.0.bn1.bias : torch.Size([192])
stage3.3.branches.2.0.conv2.weight : torch.Size([192, 192, 3, 3])
stage3.3.branches.2.0.bn2.weight : torch.Size([192])
stage3.3.branches.2.0.bn2.bias : torch.Size([192])
stage3.3.branches.2.1.conv1.weight : torch.Size([192, 192, 3, 3])
stage3.3.branches.2.1.bn1.weight : torch.Size([192])
stage3.3.branches.2.1.bn1.bias : torch.Size([192])
stage3.3.branches.2.1.conv2.weight : torch.Size([192, 192, 3, 3])
stage3.3.branches.2.1.bn2.weight : torch.Size([192])
stage3.3.branches.2.1.bn2.bias : torch.Size([192])
stage3.3.branches.2.2.conv1.weight : torch.Size([192, 192, 3, 3])
stage3.3.branches.2.2.bn1.weight : torch.Size([192])
stage3.3.branches.2.2.bn1.bias : torch.Size([192])
stage3.3.branches.2.2.conv2.weight : torch.Size([192, 192, 3, 3])
stage3.3.branches.2.2.bn2.weight : torch.Size([192])
stage3.3.branches.2.2.bn2.bias : torch.Size([192])
stage3.3.branches.2.3.conv1.weight : torch.Size([192, 192, 3, 3])
stage3.3.branches.2.3.bn1.weight : torch.Size([192])
stage3.3.branches.2.3.bn1.bias : torch.Size([192])
stage3.3.branches.2.3.conv2.weight : torch.Size([192, 192, 3, 3])
stage3.3.branches.2.3.bn2.weight : torch.Size([192])
stage3.3.branches.2.3.bn2.bias : torch.Size([192])
stage3.3.fuse_layers.0.1.0.weight : torch.Size([48, 96, 1, 1])
stage3.3.fuse_layers.0.1.1.weight : torch.Size([48])
stage3.3.fuse_layers.0.1.1.bias : torch.Size([48])
stage3.3.fuse_layers.0.2.0.weight : torch.Size([48, 192, 1, 1])
stage3.3.fuse_layers.0.2.1.weight : torch.Size([48])
stage3.3.fuse_layers.0.2.1.bias : torch.Size([48])
stage3.3.fuse_layers.1.0.0.0.weight : torch.Size([96, 48, 3, 3])
stage3.3.fuse_layers.1.0.0.1.weight : torch.Size([96])
stage3.3.fuse_layers.1.0.0.1.bias : torch.Size([96])
stage3.3.fuse_layers.1.2.0.weight : torch.Size([96, 192, 1, 1])
stage3.3.fuse_layers.1.2.1.weight : torch.Size([96])
stage3.3.fuse_layers.1.2.1.bias : torch.Size([96])
stage3.3.fuse_layers.2.0.0.0.weight : torch.Size([48, 48, 3, 3])
stage3.3.fuse_layers.2.0.0.1.weight : torch.Size([48])
stage3.3.fuse_layers.2.0.0.1.bias : torch.Size([48])
stage3.3.fuse_layers.2.0.1.0.weight : torch.Size([192, 48, 3, 3])
stage3.3.fuse_layers.2.0.1.1.weight : torch.Size([192])
stage3.3.fuse_layers.2.0.1.1.bias : torch.Size([192])
stage3.3.fuse_layers.2.1.0.0.weight : torch.Size([192, 96, 3, 3])
stage3.3.fuse_layers.2.1.0.1.weight : torch.Size([192])
stage3.3.fuse_layers.2.1.0.1.bias : torch.Size([192])
transition3.3.0.0.weight : torch.Size([384, 192, 3, 3])
transition3.3.0.1.weight : torch.Size([384])
transition3.3.0.1.bias : torch.Size([384])
stage4.0.branches.0.0.conv1.weight : torch.Size([48, 48, 3, 3])
stage4.0.branches.0.0.bn1.weight : torch.Size([48])
stage4.0.branches.0.0.bn1.bias : torch.Size([48])
stage4.0.branches.0.0.conv2.weight : torch.Size([48, 48, 3, 3])
stage4.0.branches.0.0.bn2.weight : torch.Size([48])
stage4.0.branches.0.0.bn2.bias : torch.Size([48])
stage4.0.branches.0.1.conv1.weight : torch.Size([48, 48, 3, 3])
stage4.0.branches.0.1.bn1.weight : torch.Size([48])
stage4.0.branches.0.1.bn1.bias : torch.Size([48])
stage4.0.branches.0.1.conv2.weight : torch.Size([48, 48, 3, 3])
stage4.0.branches.0.1.bn2.weight : torch.Size([48])
stage4.0.branches.0.1.bn2.bias : torch.Size([48])
stage4.0.branches.0.2.conv1.weight : torch.Size([48, 48, 3, 3])
stage4.0.branches.0.2.bn1.weight : torch.Size([48])
stage4.0.branches.0.2.bn1.bias : torch.Size([48])
stage4.0.branches.0.2.conv2.weight : torch.Size([48, 48, 3, 3])
stage4.0.branches.0.2.bn2.weight : torch.Size([48])
stage4.0.branches.0.2.bn2.bias : torch.Size([48])
stage4.0.branches.0.3.conv1.weight : torch.Size([48, 48, 3, 3])
stage4.0.branches.0.3.bn1.weight : torch.Size([48])
stage4.0.branches.0.3.bn1.bias : torch.Size([48])
stage4.0.branches.0.3.conv2.weight : torch.Size([48, 48, 3, 3])
stage4.0.branches.0.3.bn2.weight : torch.Size([48])
stage4.0.branches.0.3.bn2.bias : torch.Size([48])
stage4.0.branches.1.0.conv1.weight : torch.Size([96, 96, 3, 3])
stage4.0.branches.1.0.bn1.weight : torch.Size([96])
stage4.0.branches.1.0.bn1.bias : torch.Size([96])
stage4.0.branches.1.0.conv2.weight : torch.Size([96, 96, 3, 3])
stage4.0.branches.1.0.bn2.weight : torch.Size([96])
stage4.0.branches.1.0.bn2.bias : torch.Size([96])
stage4.0.branches.1.1.conv1.weight : torch.Size([96, 96, 3, 3])
stage4.0.branches.1.1.bn1.weight : torch.Size([96])
stage4.0.branches.1.1.bn1.bias : torch.Size([96])
stage4.0.branches.1.1.conv2.weight : torch.Size([96, 96, 3, 3])
stage4.0.branches.1.1.bn2.weight : torch.Size([96])
stage4.0.branches.1.1.bn2.bias : torch.Size([96])
stage4.0.branches.1.2.conv1.weight : torch.Size([96, 96, 3, 3])
stage4.0.branches.1.2.bn1.weight : torch.Size([96])
stage4.0.branches.1.2.bn1.bias : torch.Size([96])
stage4.0.branches.1.2.conv2.weight : torch.Size([96, 96, 3, 3])
stage4.0.branches.1.2.bn2.weight : torch.Size([96])
stage4.0.branches.1.2.bn2.bias : torch.Size([96])
stage4.0.branches.1.3.conv1.weight : torch.Size([96, 96, 3, 3])
stage4.0.branches.1.3.bn1.weight : torch.Size([96])
stage4.0.branches.1.3.bn1.bias : torch.Size([96])
stage4.0.branches.1.3.conv2.weight : torch.Size([96, 96, 3, 3])
stage4.0.branches.1.3.bn2.weight : torch.Size([96])
stage4.0.branches.1.3.bn2.bias : torch.Size([96])
stage4.0.branches.2.0.conv1.weight : torch.Size([192, 192, 3, 3])
stage4.0.branches.2.0.bn1.weight : torch.Size([192])
stage4.0.branches.2.0.bn1.bias : torch.Size([192])
stage4.0.branches.2.0.conv2.weight : torch.Size([192, 192, 3, 3])
stage4.0.branches.2.0.bn2.weight : torch.Size([192])
stage4.0.branches.2.0.bn2.bias : torch.Size([192])
stage4.0.branches.2.1.conv1.weight : torch.Size([192, 192, 3, 3])
stage4.0.branches.2.1.bn1.weight : torch.Size([192])
stage4.0.branches.2.1.bn1.bias : torch.Size([192])
stage4.0.branches.2.1.conv2.weight : torch.Size([192, 192, 3, 3])
stage4.0.branches.2.1.bn2.weight : torch.Size([192])
stage4.0.branches.2.1.bn2.bias : torch.Size([192])
stage4.0.branches.2.2.conv1.weight : torch.Size([192, 192, 3, 3])
stage4.0.branches.2.2.bn1.weight : torch.Size([192])
stage4.0.branches.2.2.bn1.bias : torch.Size([192])
stage4.0.branches.2.2.conv2.weight : torch.Size([192, 192, 3, 3])
stage4.0.branches.2.2.bn2.weight : torch.Size([192])
stage4.0.branches.2.2.bn2.bias : torch.Size([192])
stage4.0.branches.2.3.conv1.weight : torch.Size([192, 192, 3, 3])
stage4.0.branches.2.3.bn1.weight : torch.Size([192])
stage4.0.branches.2.3.bn1.bias : torch.Size([192])
stage4.0.branches.2.3.conv2.weight : torch.Size([192, 192, 3, 3])
stage4.0.branches.2.3.bn2.weight : torch.Size([192])
stage4.0.branches.2.3.bn2.bias : torch.Size([192])
stage4.0.branches.3.0.conv1.weight : torch.Size([384, 384, 3, 3])
stage4.0.branches.3.0.bn1.weight : torch.Size([384])
stage4.0.branches.3.0.bn1.bias : torch.Size([384])
stage4.0.branches.3.0.conv2.weight : torch.Size([384, 384, 3, 3])
stage4.0.branches.3.0.bn2.weight : torch.Size([384])
stage4.0.branches.3.0.bn2.bias : torch.Size([384])
stage4.0.branches.3.1.conv1.weight : torch.Size([384, 384, 3, 3])
stage4.0.branches.3.1.bn1.weight : torch.Size([384])
stage4.0.branches.3.1.bn1.bias : torch.Size([384])
stage4.0.branches.3.1.conv2.weight : torch.Size([384, 384, 3, 3])
stage4.0.branches.3.1.bn2.weight : torch.Size([384])
stage4.0.branches.3.1.bn2.bias : torch.Size([384])
stage4.0.branches.3.2.conv1.weight : torch.Size([384, 384, 3, 3])
stage4.0.branches.3.2.bn1.weight : torch.Size([384])
stage4.0.branches.3.2.bn1.bias : torch.Size([384])
stage4.0.branches.3.2.conv2.weight : torch.Size([384, 384, 3, 3])
stage4.0.branches.3.2.bn2.weight : torch.Size([384])
stage4.0.branches.3.2.bn2.bias : torch.Size([384])
stage4.0.branches.3.3.conv1.weight : torch.Size([384, 384, 3, 3])
stage4.0.branches.3.3.bn1.weight : torch.Size([384])
stage4.0.branches.3.3.bn1.bias : torch.Size([384])
stage4.0.branches.3.3.conv2.weight : torch.Size([384, 384, 3, 3])
stage4.0.branches.3.3.bn2.weight : torch.Size([384])
stage4.0.branches.3.3.bn2.bias : torch.Size([384])
stage4.0.fuse_layers.0.1.0.weight : torch.Size([48, 96, 1, 1])
stage4.0.fuse_layers.0.1.1.weight : torch.Size([48])
stage4.0.fuse_layers.0.1.1.bias : torch.Size([48])
stage4.0.fuse_layers.0.2.0.weight : torch.Size([48, 192, 1, 1])
stage4.0.fuse_layers.0.2.1.weight : torch.Size([48])
stage4.0.fuse_layers.0.2.1.bias : torch.Size([48])
stage4.0.fuse_layers.0.3.0.weight : torch.Size([48, 384, 1, 1])
stage4.0.fuse_layers.0.3.1.weight : torch.Size([48])
stage4.0.fuse_layers.0.3.1.bias : torch.Size([48])
stage4.0.fuse_layers.1.0.0.0.weight : torch.Size([96, 48, 3, 3])
stage4.0.fuse_layers.1.0.0.1.weight : torch.Size([96])
stage4.0.fuse_layers.1.0.0.1.bias : torch.Size([96])
stage4.0.fuse_layers.1.2.0.weight : torch.Size([96, 192, 1, 1])
stage4.0.fuse_layers.1.2.1.weight : torch.Size([96])
stage4.0.fuse_layers.1.2.1.bias : torch.Size([96])
stage4.0.fuse_layers.1.3.0.weight : torch.Size([96, 384, 1, 1])
stage4.0.fuse_layers.1.3.1.weight : torch.Size([96])
stage4.0.fuse_layers.1.3.1.bias : torch.Size([96])
stage4.0.fuse_layers.2.0.0.0.weight : torch.Size([48, 48, 3, 3])
stage4.0.fuse_layers.2.0.0.1.weight : torch.Size([48])
stage4.0.fuse_layers.2.0.0.1.bias : torch.Size([48])
stage4.0.fuse_layers.2.0.1.0.weight : torch.Size([192, 48, 3, 3])
stage4.0.fuse_layers.2.0.1.1.weight : torch.Size([192])
stage4.0.fuse_layers.2.0.1.1.bias : torch.Size([192])
stage4.0.fuse_layers.2.1.0.0.weight : torch.Size([192, 96, 3, 3])
stage4.0.fuse_layers.2.1.0.1.weight : torch.Size([192])
stage4.0.fuse_layers.2.1.0.1.bias : torch.Size([192])
stage4.0.fuse_layers.2.3.0.weight : torch.Size([192, 384, 1, 1])
stage4.0.fuse_layers.2.3.1.weight : torch.Size([192])
stage4.0.fuse_layers.2.3.1.bias : torch.Size([192])
stage4.0.fuse_layers.3.0.0.0.weight : torch.Size([48, 48, 3, 3])
stage4.0.fuse_layers.3.0.0.1.weight : torch.Size([48])
stage4.0.fuse_layers.3.0.0.1.bias : torch.Size([48])
stage4.0.fuse_layers.3.0.1.0.weight : torch.Size([48, 48, 3, 3])
stage4.0.fuse_layers.3.0.1.1.weight : torch.Size([48])
stage4.0.fuse_layers.3.0.1.1.bias : torch.Size([48])
stage4.0.fuse_layers.3.0.2.0.weight : torch.Size([384, 48, 3, 3])
stage4.0.fuse_layers.3.0.2.1.weight : torch.Size([384])
stage4.0.fuse_layers.3.0.2.1.bias : torch.Size([384])
stage4.0.fuse_layers.3.1.0.0.weight : torch.Size([96, 96, 3, 3])
stage4.0.fuse_layers.3.1.0.1.weight : torch.Size([96])
stage4.0.fuse_layers.3.1.0.1.bias : torch.Size([96])
stage4.0.fuse_layers.3.1.1.0.weight : torch.Size([384, 96, 3, 3])
stage4.0.fuse_layers.3.1.1.1.weight : torch.Size([384])
stage4.0.fuse_layers.3.1.1.1.bias : torch.Size([384])
stage4.0.fuse_layers.3.2.0.0.weight : torch.Size([384, 192, 3, 3])
stage4.0.fuse_layers.3.2.0.1.weight : torch.Size([384])
stage4.0.fuse_layers.3.2.0.1.bias : torch.Size([384])
stage4.1.branches.0.0.conv1.weight : torch.Size([48, 48, 3, 3])
stage4.1.branches.0.0.bn1.weight : torch.Size([48])
stage4.1.branches.0.0.bn1.bias : torch.Size([48])
stage4.1.branches.0.0.conv2.weight : torch.Size([48, 48, 3, 3])
stage4.1.branches.0.0.bn2.weight : torch.Size([48])
stage4.1.branches.0.0.bn2.bias : torch.Size([48])
stage4.1.branches.0.1.conv1.weight : torch.Size([48, 48, 3, 3])
stage4.1.branches.0.1.bn1.weight : torch.Size([48])
stage4.1.branches.0.1.bn1.bias : torch.Size([48])
stage4.1.branches.0.1.conv2.weight : torch.Size([48, 48, 3, 3])
stage4.1.branches.0.1.bn2.weight : torch.Size([48])
stage4.1.branches.0.1.bn2.bias : torch.Size([48])
stage4.1.branches.0.2.conv1.weight : torch.Size([48, 48, 3, 3])
stage4.1.branches.0.2.bn1.weight : torch.Size([48])
stage4.1.branches.0.2.bn1.bias : torch.Size([48])
stage4.1.branches.0.2.conv2.weight : torch.Size([48, 48, 3, 3])
stage4.1.branches.0.2.bn2.weight : torch.Size([48])
stage4.1.branches.0.2.bn2.bias : torch.Size([48])
stage4.1.branches.0.3.conv1.weight : torch.Size([48, 48, 3, 3])
stage4.1.branches.0.3.bn1.weight : torch.Size([48])
stage4.1.branches.0.3.bn1.bias : torch.Size([48])
stage4.1.branches.0.3.conv2.weight : torch.Size([48, 48, 3, 3])
stage4.1.branches.0.3.bn2.weight : torch.Size([48])
stage4.1.branches.0.3.bn2.bias : torch.Size([48])
stage4.1.branches.1.0.conv1.weight : torch.Size([96, 96, 3, 3])
stage4.1.branches.1.0.bn1.weight : torch.Size([96])
stage4.1.branches.1.0.bn1.bias : torch.Size([96])
stage4.1.branches.1.0.conv2.weight : torch.Size([96, 96, 3, 3])
stage4.1.branches.1.0.bn2.weight : torch.Size([96])
stage4.1.branches.1.0.bn2.bias : torch.Size([96])
stage4.1.branches.1.1.conv1.weight : torch.Size([96, 96, 3, 3])
stage4.1.branches.1.1.bn1.weight : torch.Size([96])
stage4.1.branches.1.1.bn1.bias : torch.Size([96])
stage4.1.branches.1.1.conv2.weight : torch.Size([96, 96, 3, 3])
stage4.1.branches.1.1.bn2.weight : torch.Size([96])
stage4.1.branches.1.1.bn2.bias : torch.Size([96])
stage4.1.branches.1.2.conv1.weight : torch.Size([96, 96, 3, 3])
stage4.1.branches.1.2.bn1.weight : torch.Size([96])
stage4.1.branches.1.2.bn1.bias : torch.Size([96])
stage4.1.branches.1.2.conv2.weight : torch.Size([96, 96, 3, 3])
stage4.1.branches.1.2.bn2.weight : torch.Size([96])
stage4.1.branches.1.2.bn2.bias : torch.Size([96])
stage4.1.branches.1.3.conv1.weight : torch.Size([96, 96, 3, 3])
stage4.1.branches.1.3.bn1.weight : torch.Size([96])
stage4.1.branches.1.3.bn1.bias : torch.Size([96])
stage4.1.branches.1.3.conv2.weight : torch.Size([96, 96, 3, 3])
stage4.1.branches.1.3.bn2.weight : torch.Size([96])
stage4.1.branches.1.3.bn2.bias : torch.Size([96])
stage4.1.branches.2.0.conv1.weight : torch.Size([192, 192, 3, 3])
stage4.1.branches.2.0.bn1.weight : torch.Size([192])
stage4.1.branches.2.0.bn1.bias : torch.Size([192])
stage4.1.branches.2.0.conv2.weight : torch.Size([192, 192, 3, 3])
stage4.1.branches.2.0.bn2.weight : torch.Size([192])
stage4.1.branches.2.0.bn2.bias : torch.Size([192])
stage4.1.branches.2.1.conv1.weight : torch.Size([192, 192, 3, 3])
stage4.1.branches.2.1.bn1.weight : torch.Size([192])
stage4.1.branches.2.1.bn1.bias : torch.Size([192])
stage4.1.branches.2.1.conv2.weight : torch.Size([192, 192, 3, 3])
stage4.1.branches.2.1.bn2.weight : torch.Size([192])
stage4.1.branches.2.1.bn2.bias : torch.Size([192])
stage4.1.branches.2.2.conv1.weight : torch.Size([192, 192, 3, 3])
stage4.1.branches.2.2.bn1.weight : torch.Size([192])
stage4.1.branches.2.2.bn1.bias : torch.Size([192])
stage4.1.branches.2.2.conv2.weight : torch.Size([192, 192, 3, 3])
stage4.1.branches.2.2.bn2.weight : torch.Size([192])
stage4.1.branches.2.2.bn2.bias : torch.Size([192])
stage4.1.branches.2.3.conv1.weight : torch.Size([192, 192, 3, 3])
stage4.1.branches.2.3.bn1.weight : torch.Size([192])
stage4.1.branches.2.3.bn1.bias : torch.Size([192])
stage4.1.branches.2.3.conv2.weight : torch.Size([192, 192, 3, 3])
stage4.1.branches.2.3.bn2.weight : torch.Size([192])
stage4.1.branches.2.3.bn2.bias : torch.Size([192])
stage4.1.branches.3.0.conv1.weight : torch.Size([384, 384, 3, 3])
stage4.1.branches.3.0.bn1.weight : torch.Size([384])
stage4.1.branches.3.0.bn1.bias : torch.Size([384])
stage4.1.branches.3.0.conv2.weight : torch.Size([384, 384, 3, 3])
stage4.1.branches.3.0.bn2.weight : torch.Size([384])
stage4.1.branches.3.0.bn2.bias : torch.Size([384])
stage4.1.branches.3.1.conv1.weight : torch.Size([384, 384, 3, 3])
stage4.1.branches.3.1.bn1.weight : torch.Size([384])
stage4.1.branches.3.1.bn1.bias : torch.Size([384])
stage4.1.branches.3.1.conv2.weight : torch.Size([384, 384, 3, 3])
stage4.1.branches.3.1.bn2.weight : torch.Size([384])
stage4.1.branches.3.1.bn2.bias : torch.Size([384])
stage4.1.branches.3.2.conv1.weight : torch.Size([384, 384, 3, 3])
stage4.1.branches.3.2.bn1.weight : torch.Size([384])
stage4.1.branches.3.2.bn1.bias : torch.Size([384])
stage4.1.branches.3.2.conv2.weight : torch.Size([384, 384, 3, 3])
stage4.1.branches.3.2.bn2.weight : torch.Size([384])
stage4.1.branches.3.2.bn2.bias : torch.Size([384])
stage4.1.branches.3.3.conv1.weight : torch.Size([384, 384, 3, 3])
stage4.1.branches.3.3.bn1.weight : torch.Size([384])
stage4.1.branches.3.3.bn1.bias : torch.Size([384])
stage4.1.branches.3.3.conv2.weight : torch.Size([384, 384, 3, 3])
stage4.1.branches.3.3.bn2.weight : torch.Size([384])
stage4.1.branches.3.3.bn2.bias : torch.Size([384])
stage4.1.fuse_layers.0.1.0.weight : torch.Size([48, 96, 1, 1])
stage4.1.fuse_layers.0.1.1.weight : torch.Size([48])
stage4.1.fuse_layers.0.1.1.bias : torch.Size([48])
stage4.1.fuse_layers.0.2.0.weight : torch.Size([48, 192, 1, 1])
stage4.1.fuse_layers.0.2.1.weight : torch.Size([48])
stage4.1.fuse_layers.0.2.1.bias : torch.Size([48])
stage4.1.fuse_layers.0.3.0.weight : torch.Size([48, 384, 1, 1])
stage4.1.fuse_layers.0.3.1.weight : torch.Size([48])
stage4.1.fuse_layers.0.3.1.bias : torch.Size([48])
stage4.1.fuse_layers.1.0.0.0.weight : torch.Size([96, 48, 3, 3])
stage4.1.fuse_layers.1.0.0.1.weight : torch.Size([96])
stage4.1.fuse_layers.1.0.0.1.bias : torch.Size([96])
stage4.1.fuse_layers.1.2.0.weight : torch.Size([96, 192, 1, 1])
stage4.1.fuse_layers.1.2.1.weight : torch.Size([96])
stage4.1.fuse_layers.1.2.1.bias : torch.Size([96])
stage4.1.fuse_layers.1.3.0.weight : torch.Size([96, 384, 1, 1])
stage4.1.fuse_layers.1.3.1.weight : torch.Size([96])
stage4.1.fuse_layers.1.3.1.bias : torch.Size([96])
stage4.1.fuse_layers.2.0.0.0.weight : torch.Size([48, 48, 3, 3])
stage4.1.fuse_layers.2.0.0.1.weight : torch.Size([48])
stage4.1.fuse_layers.2.0.0.1.bias : torch.Size([48])
stage4.1.fuse_layers.2.0.1.0.weight : torch.Size([192, 48, 3, 3])
stage4.1.fuse_layers.2.0.1.1.weight : torch.Size([192])
stage4.1.fuse_layers.2.0.1.1.bias : torch.Size([192])
stage4.1.fuse_layers.2.1.0.0.weight : torch.Size([192, 96, 3, 3])
stage4.1.fuse_layers.2.1.0.1.weight : torch.Size([192])
stage4.1.fuse_layers.2.1.0.1.bias : torch.Size([192])
stage4.1.fuse_layers.2.3.0.weight : torch.Size([192, 384, 1, 1])
stage4.1.fuse_layers.2.3.1.weight : torch.Size([192])
stage4.1.fuse_layers.2.3.1.bias : torch.Size([192])
stage4.1.fuse_layers.3.0.0.0.weight : torch.Size([48, 48, 3, 3])
stage4.1.fuse_layers.3.0.0.1.weight : torch.Size([48])
stage4.1.fuse_layers.3.0.0.1.bias : torch.Size([48])
stage4.1.fuse_layers.3.0.1.0.weight : torch.Size([48, 48, 3, 3])
stage4.1.fuse_layers.3.0.1.1.weight : torch.Size([48])
stage4.1.fuse_layers.3.0.1.1.bias : torch.Size([48])
stage4.1.fuse_layers.3.0.2.0.weight : torch.Size([384, 48, 3, 3])
stage4.1.fuse_layers.3.0.2.1.weight : torch.Size([384])
stage4.1.fuse_layers.3.0.2.1.bias : torch.Size([384])
stage4.1.fuse_layers.3.1.0.0.weight : torch.Size([96, 96, 3, 3])
stage4.1.fuse_layers.3.1.0.1.weight : torch.Size([96])
stage4.1.fuse_layers.3.1.0.1.bias : torch.Size([96])
stage4.1.fuse_layers.3.1.1.0.weight : torch.Size([384, 96, 3, 3])
stage4.1.fuse_layers.3.1.1.1.weight : torch.Size([384])
stage4.1.fuse_layers.3.1.1.1.bias : torch.Size([384])
stage4.1.fuse_layers.3.2.0.0.weight : torch.Size([384, 192, 3, 3])
stage4.1.fuse_layers.3.2.0.1.weight : torch.Size([384])
stage4.1.fuse_layers.3.2.0.1.bias : torch.Size([384])
stage4.2.branches.0.0.conv1.weight : torch.Size([48, 48, 3, 3])
stage4.2.branches.0.0.bn1.weight : torch.Size([48])
stage4.2.branches.0.0.bn1.bias : torch.Size([48])
stage4.2.branches.0.0.conv2.weight : torch.Size([48, 48, 3, 3])
stage4.2.branches.0.0.bn2.weight : torch.Size([48])
stage4.2.branches.0.0.bn2.bias : torch.Size([48])
stage4.2.branches.0.1.conv1.weight : torch.Size([48, 48, 3, 3])
stage4.2.branches.0.1.bn1.weight : torch.Size([48])
stage4.2.branches.0.1.bn1.bias : torch.Size([48])
stage4.2.branches.0.1.conv2.weight : torch.Size([48, 48, 3, 3])
stage4.2.branches.0.1.bn2.weight : torch.Size([48])
stage4.2.branches.0.1.bn2.bias : torch.Size([48])
stage4.2.branches.0.2.conv1.weight : torch.Size([48, 48, 3, 3])
stage4.2.branches.0.2.bn1.weight : torch.Size([48])
stage4.2.branches.0.2.bn1.bias : torch.Size([48])
stage4.2.branches.0.2.conv2.weight : torch.Size([48, 48, 3, 3])
stage4.2.branches.0.2.bn2.weight : torch.Size([48])
stage4.2.branches.0.2.bn2.bias : torch.Size([48])
stage4.2.branches.0.3.conv1.weight : torch.Size([48, 48, 3, 3])
stage4.2.branches.0.3.bn1.weight : torch.Size([48])
stage4.2.branches.0.3.bn1.bias : torch.Size([48])
stage4.2.branches.0.3.conv2.weight : torch.Size([48, 48, 3, 3])
stage4.2.branches.0.3.bn2.weight : torch.Size([48])
stage4.2.branches.0.3.bn2.bias : torch.Size([48])
stage4.2.branches.1.0.conv1.weight : torch.Size([96, 96, 3, 3])
stage4.2.branches.1.0.bn1.weight : torch.Size([96])
stage4.2.branches.1.0.bn1.bias : torch.Size([96])
stage4.2.branches.1.0.conv2.weight : torch.Size([96, 96, 3, 3])
stage4.2.branches.1.0.bn2.weight : torch.Size([96])
stage4.2.branches.1.0.bn2.bias : torch.Size([96])
stage4.2.branches.1.1.conv1.weight : torch.Size([96, 96, 3, 3])
stage4.2.branches.1.1.bn1.weight : torch.Size([96])
stage4.2.branches.1.1.bn1.bias : torch.Size([96])
stage4.2.branches.1.1.conv2.weight : torch.Size([96, 96, 3, 3])
stage4.2.branches.1.1.bn2.weight : torch.Size([96])
stage4.2.branches.1.1.bn2.bias : torch.Size([96])
stage4.2.branches.1.2.conv1.weight : torch.Size([96, 96, 3, 3])
stage4.2.branches.1.2.bn1.weight : torch.Size([96])
stage4.2.branches.1.2.bn1.bias : torch.Size([96])
stage4.2.branches.1.2.conv2.weight : torch.Size([96, 96, 3, 3])
stage4.2.branches.1.2.bn2.weight : torch.Size([96])
stage4.2.branches.1.2.bn2.bias : torch.Size([96])
stage4.2.branches.1.3.conv1.weight : torch.Size([96, 96, 3, 3])
stage4.2.branches.1.3.bn1.weight : torch.Size([96])
stage4.2.branches.1.3.bn1.bias : torch.Size([96])
stage4.2.branches.1.3.conv2.weight : torch.Size([96, 96, 3, 3])
stage4.2.branches.1.3.bn2.weight : torch.Size([96])
stage4.2.branches.1.3.bn2.bias : torch.Size([96])
stage4.2.branches.2.0.conv1.weight : torch.Size([192, 192, 3, 3])
stage4.2.branches.2.0.bn1.weight : torch.Size([192])
stage4.2.branches.2.0.bn1.bias : torch.Size([192])
stage4.2.branches.2.0.conv2.weight : torch.Size([192, 192, 3, 3])
stage4.2.branches.2.0.bn2.weight : torch.Size([192])
stage4.2.branches.2.0.bn2.bias : torch.Size([192])
stage4.2.branches.2.1.conv1.weight : torch.Size([192, 192, 3, 3])
stage4.2.branches.2.1.bn1.weight : torch.Size([192])
stage4.2.branches.2.1.bn1.bias : torch.Size([192])
stage4.2.branches.2.1.conv2.weight : torch.Size([192, 192, 3, 3])
stage4.2.branches.2.1.bn2.weight : torch.Size([192])
stage4.2.branches.2.1.bn2.bias : torch.Size([192])
stage4.2.branches.2.2.conv1.weight : torch.Size([192, 192, 3, 3])
stage4.2.branches.2.2.bn1.weight : torch.Size([192])
stage4.2.branches.2.2.bn1.bias : torch.Size([192])
stage4.2.branches.2.2.conv2.weight : torch.Size([192, 192, 3, 3])
stage4.2.branches.2.2.bn2.weight : torch.Size([192])
stage4.2.branches.2.2.bn2.bias : torch.Size([192])
stage4.2.branches.2.3.conv1.weight : torch.Size([192, 192, 3, 3])
stage4.2.branches.2.3.bn1.weight : torch.Size([192])
stage4.2.branches.2.3.bn1.bias : torch.Size([192])
stage4.2.branches.2.3.conv2.weight : torch.Size([192, 192, 3, 3])
stage4.2.branches.2.3.bn2.weight : torch.Size([192])
stage4.2.branches.2.3.bn2.bias : torch.Size([192])
stage4.2.branches.3.0.conv1.weight : torch.Size([384, 384, 3, 3])
stage4.2.branches.3.0.bn1.weight : torch.Size([384])
stage4.2.branches.3.0.bn1.bias : torch.Size([384])
stage4.2.branches.3.0.conv2.weight : torch.Size([384, 384, 3, 3])
stage4.2.branches.3.0.bn2.weight : torch.Size([384])
stage4.2.branches.3.0.bn2.bias : torch.Size([384])
stage4.2.branches.3.1.conv1.weight : torch.Size([384, 384, 3, 3])
stage4.2.branches.3.1.bn1.weight : torch.Size([384])
stage4.2.branches.3.1.bn1.bias : torch.Size([384])
stage4.2.branches.3.1.conv2.weight : torch.Size([384, 384, 3, 3])
stage4.2.branches.3.1.bn2.weight : torch.Size([384])
stage4.2.branches.3.1.bn2.bias : torch.Size([384])
stage4.2.branches.3.2.conv1.weight : torch.Size([384, 384, 3, 3])
stage4.2.branches.3.2.bn1.weight : torch.Size([384])
stage4.2.branches.3.2.bn1.bias : torch.Size([384])
stage4.2.branches.3.2.conv2.weight : torch.Size([384, 384, 3, 3])
stage4.2.branches.3.2.bn2.weight : torch.Size([384])
stage4.2.branches.3.2.bn2.bias : torch.Size([384])
stage4.2.branches.3.3.conv1.weight : torch.Size([384, 384, 3, 3])
stage4.2.branches.3.3.bn1.weight : torch.Size([384])
stage4.2.branches.3.3.bn1.bias : torch.Size([384])
stage4.2.branches.3.3.conv2.weight : torch.Size([384, 384, 3, 3])
stage4.2.branches.3.3.bn2.weight : torch.Size([384])
stage4.2.branches.3.3.bn2.bias : torch.Size([384])
stage4.2.fuse_layers.0.1.0.weight : torch.Size([48, 96, 1, 1])
stage4.2.fuse_layers.0.1.1.weight : torch.Size([48])
stage4.2.fuse_layers.0.1.1.bias : torch.Size([48])
stage4.2.fuse_layers.0.2.0.weight : torch.Size([48, 192, 1, 1])
stage4.2.fuse_layers.0.2.1.weight : torch.Size([48])
stage4.2.fuse_layers.0.2.1.bias : torch.Size([48])
stage4.2.fuse_layers.0.3.0.weight : torch.Size([48, 384, 1, 1])
stage4.2.fuse_layers.0.3.1.weight : torch.Size([48])
stage4.2.fuse_layers.0.3.1.bias : torch.Size([48])
final_layer.weight : torch.Size([17, 48, 1, 1])
final_layer.bias : torch.Size([17])
